Script started on Tue Nov 29 02:24:14 2022
[?1034h[31m02:24:15[0m:[33marm64[0m:[32m~/c[0m$ cd -
/Users/gera/cpp-2022-sudo-gera/CppLanguage/tasks/tuple
[31m02:24:17[0m:[33marm64[0m:[32m~/cpp-2022-sudo-gera/CppLanguage/tasks/tuple[0m$ cd -pp-2022 g -include tuple.hpp ~/c/main.cppcpp-2022 [K
-- Configuring done
-- Generating done
-- Build files have been written to: /Users/gera/c
[35m[1mConsolidate compiler generated dependencies of target test_tuple[0m
[ 25%] [32mBuilding CXX object CppLanguage/tasks/tuple/CMakeFiles/test_tuple.dir/test_tuple.cpp.o[0m
In file included from /Users/gera/cpp-2022-sudo-gera/CppLanguage/tasks/tuple/test_tuple.cpp:3:
[1m/Users/gera/cpp-2022-sudo-gera/CppLanguage/tasks/tuple/tuple.hpp:161:31: [0m[0;1;31merror: [0m[1munused parameter 't' [-Werror,-Wunused-parameter][0m
auto range_append(Tuple<T...> t){
[0;1;32m                              ^
[0m[1m/Users/gera/cpp-2022-sudo-gera/CppLanguage/tasks/tuple/tuple.hpp:184:17: [0m[0;1;31merror: [0m[1munused parameter 't_' [-Werror,-Wunused-parameter][0m
    Tuple<T_...>t_=typename range_s<sizeof...(T)>::type(),
[0;1;32m                ^
[0m[1m/Users/gera/cpp-2022-sudo-gera/CppLanguage/tasks/tuple/tuple.hpp:185:17: [0m[0;1;31merror: [0m[1munused parameter 'y_' [-Werror,-Wunused-parameter][0m
    Tuple<Y_...>y_=typename range_s<sizeof...(Y)>::type()
[0;1;32m                ^
[0m[1m/Users/gera/cpp-2022-sudo-gera/CppLanguage/tasks/tuple/tuple.hpp:338:6: [0m[0;1;31merror: [0m[1mexplicitly moving variable of type 'Tuple<int, char, char, int, int>' to itself [-Werror,-Wself-move][0m
    t=std::move(t);
[0;1;32m    ~^          ~
[0m[1m/Users/gera/cpp-2022-sudo-gera/CppLanguage/tasks/tuple/tuple.hpp:380:10: [0m[0;1;31merror: [0m[1munused variable 'e' [-Werror,-Wunused-variable][0m
    auto e=tuple_cat();
[0;1;32m         ^
[0m[1m/Users/gera/cpp-2022-sudo-gera/CppLanguage/tasks/tuple/tuple.hpp:379:10: [0m[0;1;31merror: [0m[1munused variable 'w' [-Werror,-Wunused-variable][0m
    auto w=make_tuple(4,5,6);
[0;1;32m         ^
[0m[1m/Users/gera/cpp-2022-sudo-gera/CppLanguage/tasks/tuple/tuple.hpp:378:10: [0m[0;1;31merror: [0m[1munused variable 'q' [-Werror,-Wunused-variable][0m
    auto q=make_tuple(1,2,3);
[0;1;32m         ^
[0m[1m/Users/gera/cpp-2022-sudo-gera/CppLanguage/tasks/tuple/tuple.hpp:360:10: [0m[0;1;31merror: [0m[1munused variable '[a, s, d, f, g]' [-Werror,-Wunused-variable][0m
    auto [a,s,d,f,g] = t;
[0;1;32m         ^
[0m[1m/Users/gera/cpp-2022-sudo-gera/CppLanguage/tasks/tuple/tuple.hpp:388:5: [0m[0;1;31merror: [0m[1mconflicting types for 'main'[0m
int main(){
[0;1;32m    ^
[0m[1m/Users/gera/cpp-2022-sudo-gera/CppLanguage/./catch.hpp:17530:5: [0m[0;1;30mnote: [0mprevious definition is here[0m
int main (int argc, char * argv[]) {
[0;1;32m    ^
[0mIn file included from /Users/gera/cpp-2022-sudo-gera/CppLanguage/tasks/tuple/test_tuple.cpp:2:
In file included from /Users/gera/cpp-2022-sudo-gera/CppLanguage/./catch.hpp:477:
In file included from /Applications/Xcode.app/Contents/Developer/Platforms/MacOSX.platform/Developer/SDKs/MacOSX12.3.sdk/usr/include/c++/v1/string:522:
In file included from /Applications/Xcode.app/Contents/Developer/Platforms/MacOSX.platform/Developer/SDKs/MacOSX12.3.sdk/usr/include/c++/v1/algorithm:653:
In file included from /Applications/Xcode.app/Contents/Developer/Platforms/MacOSX.platform/Developer/SDKs/MacOSX12.3.sdk/usr/include/c++/v1/functional:495:
In file included from /Applications/Xcode.app/Contents/Developer/Platforms/MacOSX.platform/Developer/SDKs/MacOSX12.3.sdk/usr/include/c++/v1/__functional/bind_front.h:14:
In file included from /Applications/Xcode.app/Contents/Developer/Platforms/MacOSX.platform/Developer/SDKs/MacOSX12.3.sdk/usr/include/c++/v1/__functional/perfect_forward.h:14:
[1m/Applications/Xcode.app/Contents/Developer/Platforms/MacOSX.platform/Developer/SDKs/MacOSX12.3.sdk/usr/include/c++/v1/tuple:1189:5: [0m[0;1;31merror: [0m[1mstatic_assert failed due to requirement 'value != __ambiguous' "type occurs more than once in type list"[0m
    static_assert(value != __ambiguous, "type occurs more than once in type list");
[0;1;32m    ^             ~~~~~~~~~~~~~~~~~~~~
[0m[1m/Applications/Xcode.app/Contents/Developer/Platforms/MacOSX.platform/Developer/SDKs/MacOSX12.3.sdk/usr/include/c++/v1/tuple:1201:14: [0m[0;1;30mnote: [0min instantiation of template class 'std::__find_detail::__find_exactly_one_checked<int, int, int, int, int>' requested here[0m
    : public __find_detail::__find_exactly_one_checked<_T1, _Args...> {
[0;1;32m             ^
[0m[1m/Applications/Xcode.app/Contents/Developer/Platforms/MacOSX.platform/Developer/SDKs/MacOSX12.3.sdk/usr/include/c++/v1/tuple:1208:23: [0m[0;1;30mnote: [0min instantiation of template class 'std::__find_exactly_one_t<int, int, int, int, int>' requested here[0m
    return _VSTD::get<__find_exactly_one_t<_T1, _Args...>::value>(__tup);
[0;1;32m                      ^
[0m[1m/Users/gera/cpp-2022-sudo-gera/CppLanguage/tasks/tuple/test_tuple.cpp:55:13: [0m[0;1;30mnote: [0min instantiation of function template specialization 'std::__1::get<int, int, int, int, int>' requested here[0m
    REQUIRE(get<int>(t) == 1);
[0;1;32m            ^
[0m[1m/Users/gera/cpp-2022-sudo-gera/CppLanguage/tasks/tuple/test_tuple.cpp:55:13: [0m[0;1;31merror: [0m[1mno matching function for call to 'get'[0m
    REQUIRE(get<int>(t) == 1);
[0;1;32m            ^~~~~~~~
[0m[1m/Users/gera/cpp-2022-sudo-gera/CppLanguage/./catch.hpp:17666:90: [0m[0;1;30mnote: [0mexpanded from macro 'REQUIRE'[0m
#define REQUIRE( ... ) INTERNAL_CATCH_TEST( "REQUIRE", Catch::ResultDisposition::Normal, __VA_ARGS__  )
[0;1;32m                                                                                         ^~~~~~~~~~~
[0m[1m/Users/gera/cpp-2022-sudo-gera/CppLanguage/./catch.hpp:2714:56: [0m[0;1;30mnote: [0mexpanded from macro 'INTERNAL_CATCH_TEST'[0m
    } while( (void)0, (false) && static_cast<bool>( !!(__VA_ARGS__) ) )
[0;1;32m                                                       ^~~~~~~~~~~
[0m[1m/Applications/Xcode.app/Contents/Developer/Platforms/MacOSX.platform/Developer/SDKs/MacOSX12.3.sdk/usr/include/c++/v1/tuple:1220:17: [0m[0;1;30mnote: [0mcandidate function [with _T1 = int, _Args = <int, int, int, int>] not viable: expects an rvalue for 1st argument[0m
constexpr _T1&& get(tuple<_Args...>&& __tup) noexcept
[0;1;32m                ^
[0m[1m/Applications/Xcode.app/Contents/Developer/Platforms/MacOSX.platform/Developer/SDKs/MacOSX12.3.sdk/usr/include/c++/v1/tuple:1227:23: [0m[0;1;30mnote: [0mcandidate function [with _T1 = int, _Args = <int, int, int, int>] not viable: expects an rvalue for 1st argument[0m
constexpr _T1 const&& get(tuple<_Args...> const&& __tup) noexcept
[0;1;32m                      ^
[0m[1m/Applications/Xcode.app/Contents/Developer/Platforms/MacOSX.platform/Developer/SDKs/MacOSX12.3.sdk/usr/include/c++/v1/variant:1527:16: [0m[0;1;30mnote: [0mcandidate template ignored: could not match 'variant' against 'tuple'[0m
constexpr _Tp& get(variant<_Types...>& __v) {
[0;1;32m               ^
[0m[1m/Applications/Xcode.app/Contents/Developer/Platforms/MacOSX.platform/Developer/SDKs/MacOSX12.3.sdk/usr/include/c++/v1/variant:1535:17: [0m[0;1;30mnote: [0mcandidate template ignored: could not match 'variant' against 'tuple'[0m
constexpr _Tp&& get(variant<_Types...>&& __v) {
[0;1;32m                ^
[0m[1m/Applications/Xcode.app/Contents/Developer/Platforms/MacOSX.platform/Developer/SDKs/MacOSX12.3.sdk/usr/include/c++/v1/variant:1544:22: [0m[0;1;30mnote: [0mcandidate template ignored: could not match 'variant' against 'tuple'[0m
constexpr const _Tp& get(const variant<_Types...>& __v) {
[0;1;32m                     ^
[0m[1m/Applications/Xcode.app/Contents/Developer/Platforms/MacOSX.platform/Developer/SDKs/MacOSX12.3.sdk/usr/include/c++/v1/variant:1552:23: [0m[0;1;30mnote: [0mcandidate template ignored: could not match 'variant' against 'tuple'[0m
constexpr const _Tp&& get(const variant<_Types...>&& __v) {
[0;1;32m                      ^
[0m[1m/Users/gera/cpp-2022-sudo-gera/CppLanguage/tasks/tuple/tuple.hpp:119:27: [0m[0;1;30mnote: [0mcandidate template ignored: could not match 'Tuple' against 'tuple'[0m
    constexpr const auto& get(const Tuple<T...>&t){
[0;1;32m                          ^
[0m[1m/Users/gera/cpp-2022-sudo-gera/CppLanguage/tasks/tuple/tuple.hpp:129:21: [0m[0;1;30mnote: [0mcandidate template ignored: could not match 'Tuple' against 'tuple'[0m
    constexpr auto& get(Tuple<T...>&t){
[0;1;32m                    ^
[0m[1m/Users/gera/cpp-2022-sudo-gera/CppLanguage/tasks/tuple/tuple.hpp:139:28: [0m[0;1;30mnote: [0mcandidate template ignored: could not match 'Tuple' against 'tuple'[0m
    constexpr const auto&& get(const Tuple<T...>&&t){
[0;1;32m                           ^
[0m[1m/Users/gera/cpp-2022-sudo-gera/CppLanguage/tasks/tuple/tuple.hpp:149:22: [0m[0;1;30mnote: [0mcandidate template ignored: could not match 'Tuple' against 'tuple'[0m
    constexpr auto&& get(Tuple<T...>&&t){
[0;1;32m                     ^
[0m[1m/Applications/Xcode.app/Contents/Developer/Platforms/MacOSX.platform/Developer/SDKs/MacOSX12.3.sdk/usr/include/c++/v1/tuple:1206:16: [0m[0;1;30mnote: [0mcandidate template ignored: substitution failure [with _T1 = int, _Args = <int, int, int, int>][0m
constexpr _T1& get(tuple<_Args...>& __tup) noexcept
[0;1;32m               ^
[0m[1m/Applications/Xcode.app/Contents/Developer/Platforms/MacOSX.platform/Developer/SDKs/MacOSX12.3.sdk/usr/include/c++/v1/tuple:1213:22: [0m[0;1;30mnote: [0mcandidate template ignored: substitution failure [with _T1 = int, _Args = <int, int, int, int>][0m
constexpr _T1 const& get(tuple<_Args...> const& __tup) noexcept
[0;1;32m                     ^
[0m[1m/Applications/Xcode.app/Contents/Developer/Platforms/MacOSX.platform/Developer/SDKs/MacOSX12.3.sdk/usr/include/c++/v1/__utility/pair.h:525:17: [0m[0;1;30mnote: [0mcandidate template ignored: could not match 'pair' against 'tuple'[0m
constexpr _T1 & get(pair<_T1, _T2>& __p) _NOEXCEPT
[0;1;32m                ^
[0m[1m/Applications/Xcode.app/Contents/Developer/Platforms/MacOSX.platform/Developer/SDKs/MacOSX12.3.sdk/usr/include/c++/v1/__utility/pair.h:532:23: [0m[0;1;30mnote: [0mcandidate template ignored: could not match 'pair' against 'tuple'[0m
constexpr _T1 const & get(pair<_T1, _T2> const& __p) _NOEXCEPT
[0;1;32m                      ^
[0m[1m/Applications/Xcode.app/Contents/Developer/Platforms/MacOSX.platform/Developer/SDKs/MacOSX12.3.sdk/usr/include/c++/v1/__utility/pair.h:539:18: [0m[0;1;30mnote: [0mcandidate template ignored: could not match 'pair' against 'tuple'[0m
constexpr _T1 && get(pair<_T1, _T2>&& __p) _NOEXCEPT
[0;1;32m                 ^
[0m[1m/Applications/Xcode.app/Contents/Developer/Platforms/MacOSX.platform/Developer/SDKs/MacOSX12.3.sdk/usr/include/c++/v1/__utility/pair.h:546:24: [0m[0;1;30mnote: [0mcandidate template ignored: could not match 'pair' against 'tuple'[0m
constexpr _T1 const && get(pair<_T1, _T2> const&& __p) _NOEXCEPT
[0;1;32m                       ^
[0m[1m/Applications/Xcode.app/Contents/Developer/Platforms/MacOSX.platform/Developer/SDKs/MacOSX12.3.sdk/usr/include/c++/v1/__utility/pair.h:553:17: [0m[0;1;30mnote: [0mcandidate template ignored: could not match 'pair' against 'tuple'[0m
constexpr _T1 & get(pair<_T2, _T1>& __p) _NOEXCEPT
[0;1;32m                ^
[0m[1m/Applications/Xcode.app/Contents/Developer/Platforms/MacOSX.platform/Developer/SDKs/MacOSX12.3.sdk/usr/include/c++/v1/__utility/pair.h:560:23: [0m[0;1;30mnote: [0mcandidate template ignored: could not match 'pair' against 'tuple'[0m
constexpr _T1 const & get(pair<_T2, _T1> const& __p) _NOEXCEPT
[0;1;32m                      ^
[0m[1m/Applications/Xcode.app/Contents/Developer/Platforms/MacOSX.platform/Developer/SDKs/MacOSX12.3.sdk/usr/include/c++/v1/__utility/pair.h:567:18: [0m[0;1;30mnote: [0mcandidate template ignored: could not match 'pair' against 'tuple'[0m
constexpr _T1 && get(pair<_T2, _T1>&& __p) _NOEXCEPT
[0;1;32m                 ^
[0m[1m/Applications/Xcode.app/Contents/Developer/Platforms/MacOSX.platform/Developer/SDKs/MacOSX12.3.sdk/usr/include/c++/v1/__utility/pair.h:574:24: [0m[0;1;30mnote: [0mcandidate template ignored: could not match 'pair' against 'tuple'[0m
constexpr _T1 const && get(pair<_T2, _T1> const&& __p) _NOEXCEPT
[0;1;32m                       ^
[0m[1m/Applications/Xcode.app/Contents/Developer/Platforms/MacOSX.platform/Developer/SDKs/MacOSX12.3.sdk/usr/include/c++/v1/__tuple:226:1: [0m[0;1;30mnote: [0mcandidate template ignored: invalid explicitly-specified argument for template parameter '_Ip'[0m
get(array<_Tp, _Size>&) _NOEXCEPT;
[0;1;32m^
[0m[1m/Applications/Xcode.app/Contents/Developer/Platforms/MacOSX.platform/Developer/SDKs/MacOSX12.3.sdk/usr/include/c++/v1/__tuple:231:1: [0m[0;1;30mnote: [0mcandidate template ignored: invalid explicitly-specified argument for template parameter '_Ip'[0m
get(const array<_Tp, _Size>&) _NOEXCEPT;
[0;1;32m^
[0m[1m/Applications/Xcode.app/Contents/Developer/Platforms/MacOSX.platform/Developer/SDKs/MacOSX12.3.sdk/usr/include/c++/v1/__tuple:237:1: [0m[0;1;30mnote: [0mcandidate template ignored: invalid explicitly-specified argument for template parameter '_Ip'[0m
get(array<_Tp, _Size>&&) _NOEXCEPT;
[0;1;32m^
[0m[1m/Applications/Xcode.app/Contents/Developer/Platforms/MacOSX.platform/Developer/SDKs/MacOSX12.3.sdk/usr/include/c++/v1/__tuple:242:1: [0m[0;1;30mnote: [0mcandidate template ignored: invalid explicitly-specified argument for template parameter '_Ip'[0m
get(const array<_Tp, _Size>&&) _NOEXCEPT;
[0;1;32m^
[0m[1m/Applications/Xcode.app/Contents/Developer/Platforms/MacOSX.platform/Developer/SDKs/MacOSX12.3.sdk/usr/include/c++/v1/__utility/pair.h:491:1: [0m[0;1;30mnote: [0mcandidate template ignored: invalid explicitly-specified argument for template parameter '_Ip'[0m
get(pair<_T1, _T2>& __p) _NOEXCEPT
[0;1;32m^
[0m[1m/Applications/Xcode.app/Contents/Developer/Platforms/MacOSX.platform/Developer/SDKs/MacOSX12.3.sdk/usr/include/c++/v1/__utility/pair.h:499:1: [0m[0;1;30mnote: [0mcandidate template ignored: invalid explicitly-specified argument for template parameter '_Ip'[0m
get(const pair<_T1, _T2>& __p) _NOEXCEPT
[0;1;32m^
[0m[1m/Applications/Xcode.app/Contents/Developer/Platforms/MacOSX.platform/Developer/SDKs/MacOSX12.3.sdk/usr/include/c++/v1/__utility/pair.h:508:1: [0m[0;1;30mnote: [0mcandidate template ignored: invalid explicitly-specified argument for template parameter '_Ip'[0m
get(pair<_T1, _T2>&& __p) _NOEXCEPT
[0;1;32m^
[0m[1m/Applications/Xcode.app/Contents/Developer/Platforms/MacOSX.platform/Developer/SDKs/MacOSX12.3.sdk/usr/include/c++/v1/__utility/pair.h:516:1: [0m[0;1;30mnote: [0mcandidate template ignored: invalid explicitly-specified argument for template parameter '_Ip'[0m
get(const pair<_T1, _T2>&& __p) _NOEXCEPT
[0;1;32m^
[0m[1m/Applications/Xcode.app/Contents/Developer/Platforms/MacOSX.platform/Developer/SDKs/MacOSX12.3.sdk/usr/include/c++/v1/tuple:1129:1: [0m[0;1;30mnote: [0mcandidate template ignored: invalid explicitly-specified argument for template parameter '_Ip'[0m
get(tuple<_Tp...>& __t) _NOEXCEPT
[0;1;32m^
[0m[1m/Applications/Xcode.app/Contents/Developer/Platforms/MacOSX.platform/Developer/SDKs/MacOSX12.3.sdk/usr/include/c++/v1/tuple:1138:1: [0m[0;1;30mnote: [0mcandidate template ignored: invalid explicitly-specified argument for template parameter '_Ip'[0m
get(const tuple<_Tp...>& __t) _NOEXCEPT
[0;1;32m^
[0m[1m/Applications/Xcode.app/Contents/Developer/Platforms/MacOSX.platform/Developer/SDKs/MacOSX12.3.sdk/usr/include/c++/v1/tuple:1147:1: [0m[0;1;30mnote: [0mcandidate template ignored: invalid explicitly-specified argument for template parameter '_Ip'[0m
get(tuple<_Tp...>&& __t) _NOEXCEPT
[0;1;32m^
[0m[1m/Applications/Xcode.app/Contents/Developer/Platforms/MacOSX.platform/Developer/SDKs/MacOSX12.3.sdk/usr/include/c++/v1/tuple:1157:1: [0m[0;1;30mnote: [0mcandidate template ignored: invalid explicitly-specified argument for template parameter '_Ip'[0m
get(const tuple<_Tp...>&& __t) _NOEXCEPT
[0;1;32m^
[0m[1m/Applications/Xcode.app/Contents/Developer/Platforms/MacOSX.platform/Developer/SDKs/MacOSX12.3.sdk/usr/include/c++/v1/variant:1487:59: [0m[0;1;30mnote: [0mcandidate template ignored: invalid explicitly-specified argument for template parameter '_Ip'[0m
constexpr variant_alternative_t<_Ip, variant<_Types...>>& get(
[0;1;32m                                                          ^
[0m[1m/Applications/Xcode.app/Contents/Developer/Platforms/MacOSX.platform/Developer/SDKs/MacOSX12.3.sdk/usr/include/c++/v1/variant:1497:60: [0m[0;1;30mnote: [0mcandidate template ignored: invalid explicitly-specified argument for template parameter '_Ip'[0m
constexpr variant_alternative_t<_Ip, variant<_Types...>>&& get(
[0;1;32m                                                           ^
[0m[1m/Applications/Xcode.app/Contents/Developer/Platforms/MacOSX.platform/Developer/SDKs/MacOSX12.3.sdk/usr/include/c++/v1/variant:1507:65: [0m[0;1;30mnote: [0mcandidate template ignored: invalid explicitly-specified argument for template parameter '_Ip'[0m
constexpr const variant_alternative_t<_Ip, variant<_Types...>>& get(
[0;1;32m                                                                ^
[0m[1m/Applications/Xcode.app/Contents/Developer/Platforms/MacOSX.platform/Developer/SDKs/MacOSX12.3.sdk/usr/include/c++/v1/variant:1517:66: [0m[0;1;30mnote: [0mcandidate template ignored: invalid explicitly-specified argument for template parameter '_Ip'[0m
constexpr const variant_alternative_t<_Ip, variant<_Types...>>&& get(
[0;1;32m                                                                 ^
[0m[1m/Users/gera/cpp-2022-sudo-gera/CppLanguage/tasks/tuple/tuple.hpp:92:27: [0m[0;1;30mnote: [0mcandidate template ignored: invalid explicitly-specified argument for template parameter 'n'[0m
    constexpr const auto& get(const Tuple<T...>&t){
[0;1;32m                          ^
[0m[1m/Users/gera/cpp-2022-sudo-gera/CppLanguage/tasks/tuple/tuple.hpp:98:21: [0m[0;1;30mnote: [0mcandidate template ignored: invalid explicitly-specified argument for template parameter 'n'[0m
    constexpr auto& get(Tuple<T...>&t){
[0;1;32m                    ^
[0m[1m/Users/gera/cpp-2022-sudo-gera/CppLanguage/tasks/tuple/tuple.hpp:104:28: [0m[0;1;30mnote: [0mcandidate template ignored: invalid explicitly-specified argument for template parameter 'n'[0m
    constexpr const auto&& get(const Tuple<T...>&&t){
[0;1;32m                           ^
[0m[1m/Users/gera/cpp-2022-sudo-gera/CppLanguage/tasks/tuple/tuple.hpp:110:22: [0m[0;1;30mnote: [0mcandidate template ignored: invalid explicitly-specified argument for template parameter 'n'[0m
    constexpr auto&& get(Tuple<T...>&&t){
[0;1;32m                     ^
[0m[1m/Users/gera/cpp-2022-sudo-gera/CppLanguage/tasks/tuple/test_tuple.cpp:70:16: [0m[0;1;31merror: [0m[1minvalid operands to binary expression ('Tuple<int, std::string, std::string, std::string>' (aka 'Tuple<int, basic_string<char, char_traits<char>, allocator<char>>, basic_string<char, char_traits<char>, allocator<char>>, basic_string<char, char_traits<char>, allocator<char>>>') and 'Tuple<int, std::string, std::string, std::string>')[0m
    REQUIRE(t1 == t2);
[0;1;32m            ~~ ^  ~~
[0m[1m/Users/gera/cpp-2022-sudo-gera/CppLanguage/./catch.hpp:17666:90: [0m[0;1;30mnote: [0mexpanded from macro 'REQUIRE'[0m
#define REQUIRE( ... ) INTERNAL_CATCH_TEST( "REQUIRE", Catch::ResultDisposition::Normal, __VA_ARGS__  )
[0;1;32m                                                                                         ^~~~~~~~~~~
[0m[1m/Users/gera/cpp-2022-sudo-gera/CppLanguage/./catch.hpp:2705:40: [0m[0;1;30mnote: [0mexpanded from macro 'INTERNAL_CATCH_TEST'[0m
        CATCH_INTERNAL_IGNORE_BUT_WARN(__VA_ARGS__); \
[0;1;32m                                       ^~~~~~~~~~~
[0m[1m/Users/gera/cpp-2022-sudo-gera/CppLanguage/./catch.hpp:165:76: [0m[0;1;30mnote: [0mexpanded from macro 'CATCH_INTERNAL_IGNORE_BUT_WARN'[0m
#    define CATCH_INTERNAL_IGNORE_BUT_WARN(...) (void)__builtin_constant_p(__VA_ARGS__) /* NOLINT(cppcoreguidelines-pro-type-vararg, hicpp-vararg) */
[0;1;32m                                                                           ^~~~~~~~~~~
[0m[1m/Applications/Xcode.app/Contents/Developer/Platforms/MacOSX.platform/Developer/SDKs/MacOSX12.3.sdk/usr/include/c++/v1/__variant/monostate.h:43:16: [0m[0;1;30mnote: [0mcandidate function not viable: no known conversion from 'Tuple<int, std::string, std::string, std::string>' (aka 'Tuple<int, basic_string<char, char_traits<char>, allocator<char>>, basic_string<char, char_traits<char>, allocator<char>>, basic_string<char, char_traits<char>, allocator<char>>>') to 'std::monostate' for 1st argument[0m
constexpr bool operator==(monostate, monostate) noexcept { return true; }
[0;1;32m               ^
[0m[1m/Applications/Xcode.app/Contents/Developer/Platforms/MacOSX.platform/Developer/SDKs/MacOSX12.3.sdk/usr/include/c++/v1/system_error:391:1: [0m[0;1;30mnote: [0mcandidate function not viable: no known conversion from 'Tuple<int, std::string, std::string, std::string>' (aka 'Tuple<int, basic_string<char, char_traits<char>, allocator<char>>, basic_string<char, char_traits<char>, allocator<char>>, basic_string<char, char_traits<char>, allocator<char>>>') to 'const std::error_code' for 1st argument[0m
operator==(const error_code& __x, const error_code& __y) _NOEXCEPT
[0;1;32m^
[0m[1m/Applications/Xcode.app/Contents/Developer/Platforms/MacOSX.platform/Developer/SDKs/MacOSX12.3.sdk/usr/include/c++/v1/system_error:398:1: [0m[0;1;30mnote: [0mcandidate function not viable: no known conversion from 'Tuple<int, std::string, std::string, std::string>' (aka 'Tuple<int, basic_string<char, char_traits<char>, allocator<char>>, basic_string<char, char_traits<char>, allocator<char>>, basic_string<char, char_traits<char>, allocator<char>>>') to 'const std::error_code' for 1st argument[0m
operator==(const error_code& __x, const error_condition& __y) _NOEXCEPT
[0;1;32m^
[0m[1m/Applications/Xcode.app/Contents/Developer/Platforms/MacOSX.platform/Developer/SDKs/MacOSX12.3.sdk/usr/include/c++/v1/system_error:398:1: [0m[0;1;30mnote: [0mcandidate function (with reversed parameter order) not viable: no known conversion from 'Tuple<int, std::string, std::string, std::string>' (aka 'Tuple<int, basic_string<char, char_traits<char>, allocator<char>>, basic_string<char, char_traits<char>, allocator<char>>, basic_string<char, char_traits<char>, allocator<char>>>') to 'const std::error_condition' for 1st argument[0m
[1m/Applications/Xcode.app/Contents/Developer/Platforms/MacOSX.platform/Developer/SDKs/MacOSX12.3.sdk/usr/include/c++/v1/system_error:406:1: [0m[0;1;30mnote: [0mcandidate function not viable: no known conversion from 'Tuple<int, std::string, std::string, std::string>' (aka 'Tuple<int, basic_string<char, char_traits<char>, allocator<char>>, basic_string<char, char_traits<char>, allocator<char>>, basic_string<char, char_traits<char>, allocator<char>>>') to 'const std::error_condition' for 1st argument[0m
operator==(const error_condition& __x, const error_code& __y) _NOEXCEPT
[0;1;32m^
[0m[1m/Applications/Xcode.app/Contents/Developer/Platforms/MacOSX.platform/Developer/SDKs/MacOSX12.3.sdk/usr/include/c++/v1/system_error:406:1: [0m[0;1;30mnote: [0mcandidate function (with reversed parameter order) not viable: no known conversion from 'Tuple<int, std::string, std::string, std::string>' (aka 'Tuple<int, basic_string<char, char_traits<char>, allocator<char>>, basic_string<char, char_traits<char>, allocator<char>>, basic_string<char, char_traits<char>, allocator<char>>>') to 'const std::error_code' for 1st argument[0m
[1m/Applications/Xcode.app/Contents/Developer/Platforms/MacOSX.platform/Developer/SDKs/MacOSX12.3.sdk/usr/include/c++/v1/system_error:413:1: [0m[0;1;30mnote: [0mcandidate function not viable: no known conversion from 'Tuple<int, std::string, std::string, std::string>' (aka 'Tuple<int, basic_string<char, char_traits<char>, allocator<char>>, basic_string<char, char_traits<char>, allocator<char>>, basic_string<char, char_traits<char>, allocator<char>>>') to 'const std::error_condition' for 1st argument[0m
operator==(const error_condition& __x, const error_condition& __y) _NOEXCEPT
[0;1;32m^
[0m[1m/Applications/Xcode.app/Contents/Developer/Platforms/MacOSX.platform/Developer/SDKs/MacOSX12.3.sdk/usr/include/c++/v1/__utility/pair.h:321:1: [0m[0;1;30mnote: [0mcandidate template ignored: could not match 'pair' against 'Tuple'[0m
operator==(const pair<_T1,_T2>& __x, const pair<_T1,_T2>& __y)
[0;1;32m^
[0m[1m/Applications/Xcode.app/Contents/Developer/Platforms/MacOSX.platform/Developer/SDKs/MacOSX12.3.sdk/usr/include/c++/v1/__iterator/wrap_iter.h:169:6: [0m[0;1;30mnote: [0mcandidate template ignored: could not match '__wrap_iter' against 'Tuple'[0m
bool operator==(const __wrap_iter<_Iter1>& __x, const __wrap_iter<_Iter1>& __y) _NOEXCEPT
[0;1;32m     ^
[0m[1m/Applications/Xcode.app/Contents/Developer/Platforms/MacOSX.platform/Developer/SDKs/MacOSX12.3.sdk/usr/include/c++/v1/__iterator/wrap_iter.h:176:6: [0m[0;1;30mnote: [0mcandidate template ignored: could not match '__wrap_iter' against 'Tuple'[0m
bool operator==(const __wrap_iter<_Iter1>& __x, const __wrap_iter<_Iter2>& __y) _NOEXCEPT
[0;1;32m     ^
[0m[1m/Applications/Xcode.app/Contents/Developer/Platforms/MacOSX.platform/Developer/SDKs/MacOSX12.3.sdk/usr/include/c++/v1/__iterator/wrap_iter.h:176:6: [0m[0;1;30mnote: [0mcandidate template ignored: could not match '__wrap_iter' against 'Tuple'[0m
[1m/Applications/Xcode.app/Contents/Developer/Platforms/MacOSX.platform/Developer/SDKs/MacOSX12.3.sdk/usr/include/c++/v1/tuple:1297:1: [0m[0;1;30mnote: [0mcandidate template ignored: could not match 'tuple' against 'Tuple'[0m
operator==(const tuple<_Tp...>& __x, const tuple<_Up...>& __y)
[0;1;32m^
[0m[1m/Applications/Xcode.app/Contents/Developer/Platforms/MacOSX.platform/Developer/SDKs/MacOSX12.3.sdk/usr/include/c++/v1/tuple:1297:1: [0m[0;1;30mnote: [0mcandidate template ignored: could not match 'tuple' against 'Tuple'[0m
[1m/Applications/Xcode.app/Contents/Developer/Platforms/MacOSX.platform/Developer/SDKs/MacOSX12.3.sdk/usr/include/c++/v1/__memory/allocator.h:244:6: [0m[0;1;30mnote: [0mcandidate template ignored: could not match 'allocator' against 'Tuple'[0m
bool operator==(const allocator<_Tp>&, const allocator<_Up>&) _NOEXCEPT {return true;}
[0;1;32m     ^
[0m[1m/Applications/Xcode.app/Contents/Developer/Platforms/MacOSX.platform/Developer/SDKs/MacOSX12.3.sdk/usr/include/c++/v1/__memory/allocator.h:244:6: [0m[0;1;30mnote: [0mcandidate template ignored: could not match 'allocator' against 'Tuple'[0m
[1m/Applications/Xcode.app/Contents/Developer/Platforms/MacOSX.platform/Developer/SDKs/MacOSX12.3.sdk/usr/include/c++/v1/__memory/unique_ptr.h:572:1: [0m[0;1;30mnote: [0mcandidate template ignored: could not match 'unique_ptr' against 'Tuple'[0m
operator==(const unique_ptr<_T1, _D1>& __x, const unique_ptr<_T2, _D2>& __y) {return __x.get() == __y.get();}
[0;1;32m^
[0m[1m/Applications/Xcode.app/Contents/Developer/Platforms/MacOSX.platform/Developer/SDKs/MacOSX12.3.sdk/usr/include/c++/v1/__memory/unique_ptr.h:572:1: [0m[0;1;30mnote: [0mcandidate template ignored: could not match 'unique_ptr' against 'Tuple'[0m
[1m/Applications/Xcode.app/Contents/Developer/Platforms/MacOSX.platform/Developer/SDKs/MacOSX12.3.sdk/usr/include/c++/v1/__memory/unique_ptr.h:608:1: [0m[0;1;30mnote: [0mcandidate template ignored: could not match 'unique_ptr' against 'Tuple'[0m
operator==(const unique_ptr<_T1, _D1>& __x, nullptr_t) _NOEXCEPT
[0;1;32m^
[0m[1m/Applications/Xcode.app/Contents/Developer/Platforms/MacOSX.platform/Developer/SDKs/MacOSX12.3.sdk/usr/include/c++/v1/__memory/unique_ptr.h:608:1: [0m[0;1;30mnote: [0mcandidate template ignored: could not match 'unique_ptr' against 'Tuple'[0m
[1m/Applications/Xcode.app/Contents/Developer/Platforms/MacOSX.platform/Developer/SDKs/MacOSX12.3.sdk/usr/include/c++/v1/__memory/unique_ptr.h:616:1: [0m[0;1;30mnote: [0mcandidate template ignored: could not match 'unique_ptr' against 'Tuple'[0m
operator==(nullptr_t, const unique_ptr<_T1, _D1>& __x) _NOEXCEPT
[0;1;32m^
[0m[1m/Applications/Xcode.app/Contents/Developer/Platforms/MacOSX.platform/Developer/SDKs/MacOSX12.3.sdk/usr/include/c++/v1/__memory/unique_ptr.h:616:1: [0m[0;1;30mnote: [0mcandidate template ignored: could not match 'unique_ptr' against 'Tuple'[0m
[1m/Applications/Xcode.app/Contents/Developer/Platforms/MacOSX.platform/Developer/SDKs/MacOSX12.3.sdk/usr/include/c++/v1/__memory/shared_ptr.h:1121:1: [0m[0;1;30mnote: [0mcandidate template ignored: could not match 'shared_ptr' against 'Tuple'[0m
operator==(const shared_ptr<_Tp>& __x, const shared_ptr<_Up>& __y) _NOEXCEPT
[0;1;32m^
[0m[1m/Applications/Xcode.app/Contents/Developer/Platforms/MacOSX.platform/Developer/SDKs/MacOSX12.3.sdk/usr/include/c++/v1/__memory/shared_ptr.h:1121:1: [0m[0;1;30mnote: [0mcandidate template ignored: could not match 'shared_ptr' against 'Tuple'[0m
[1m/Applications/Xcode.app/Contents/Developer/Platforms/MacOSX.platform/Developer/SDKs/MacOSX12.3.sdk/usr/include/c++/v1/__memory/shared_ptr.h:1175:1: [0m[0;1;30mnote: [0mcandidate template ignored: could not match 'shared_ptr' against 'Tuple'[0m
operator==(const shared_ptr<_Tp>& __x, nullptr_t) _NOEXCEPT
[0;1;32m^
[0m[1m/Applications/Xcode.app/Contents/Developer/Platforms/MacOSX.platform/Developer/SDKs/MacOSX12.3.sdk/usr/include/c++/v1/__memory/shared_ptr.h:1175:1: [0m[0;1;30mnote: [0mcandidate template ignored: could not match 'shared_ptr' against 'Tuple'[0m
[1m/Applications/Xcode.app/Contents/Developer/Platforms/MacOSX.platform/Developer/SDKs/MacOSX12.3.sdk/usr/include/c++/v1/__memory/shared_ptr.h:1183:1: [0m[0;1;30mnote: [0mcandidate template ignored: could not match 'shared_ptr' against 'Tuple'[0m
operator==(nullptr_t, const shared_ptr<_Tp>& __x) _NOEXCEPT
[0;1;32m^
[0m[1m/Applications/Xcode.app/Contents/Developer/Platforms/MacOSX.platform/Developer/SDKs/MacOSX12.3.sdk/usr/include/c++/v1/__memory/shared_ptr.h:1183:1: [0m[0;1;30mnote: [0mcandidate template ignored: could not match 'shared_ptr' against 'Tuple'[0m
[1m/Applications/Xcode.app/Contents/Developer/Platforms/MacOSX.platform/Developer/SDKs/MacOSX12.3.sdk/usr/include/c++/v1/variant:1613:16: [0m[0;1;30mnote: [0mcandidate template ignored: could not match 'variant' against 'Tuple'[0m
constexpr bool operator==(const variant<_Types...>& __lhs,
[0;1;32m               ^
[0m[1m/Applications/Xcode.app/Contents/Developer/Platforms/MacOSX.platform/Developer/SDKs/MacOSX12.3.sdk/usr/include/c++/v1/__iterator/istreambuf_iterator.h:96:6: [0m[0;1;30mnote: [0mcandidate template ignored: could not match 'istreambuf_iterator' against 'Tuple'[0m
bool operator==(const istreambuf_iterator<_CharT,_Traits>& __a,
[0;1;32m     ^
[0m[1m/Applications/Xcode.app/Contents/Developer/Platforms/MacOSX.platform/Developer/SDKs/MacOSX12.3.sdk/usr/include/c++/v1/__iterator/istream_iterator.h:84:1: [0m[0;1;30mnote: [0mcandidate template ignored: could not match 'istream_iterator' against 'Tuple'[0m
operator==(const istream_iterator<_Tp, _CharT, _Traits, _Distance>& __x,
[0;1;32m^
[0m[1m/Applications/Xcode.app/Contents/Developer/Platforms/MacOSX.platform/Developer/SDKs/MacOSX12.3.sdk/usr/include/c++/v1/__iterator/move_iterator.h:105:1: [0m[0;1;30mnote: [0mcandidate template ignored: could not match 'move_iterator' against 'Tuple'[0m
operator==(const move_iterator<_Iter1>& __x, const move_iterator<_Iter2>& __y)
[0;1;32m^
[0m[1m/Applications/Xcode.app/Contents/Developer/Platforms/MacOSX.platform/Developer/SDKs/MacOSX12.3.sdk/usr/include/c++/v1/__iterator/move_iterator.h:105:1: [0m[0;1;30mnote: [0mcandidate template ignored: could not match 'move_iterator' against 'Tuple'[0m
[1m/Applications/Xcode.app/Contents/Developer/Platforms/MacOSX.platform/Developer/SDKs/MacOSX12.3.sdk/usr/include/c++/v1/__iterator/reverse_iterator.h:154:1: [0m[0;1;30mnote: [0mcandidate template ignored: could not match 'reverse_iterator' against 'Tuple'[0m
operator==(const reverse_iterator<_Iter1>& __x, const reverse_iterator<_Iter2>& __y)
[0;1;32m^
[0m[1m/Applications/Xcode.app/Contents/Developer/Platforms/MacOSX.platform/Developer/SDKs/MacOSX12.3.sdk/usr/include/c++/v1/__iterator/reverse_iterator.h:154:1: [0m[0;1;30mnote: [0mcandidate template ignored: could not match 'reverse_iterator' against 'Tuple'[0m
[1m/Applications/Xcode.app/Contents/Developer/Platforms/MacOSX.platform/Developer/SDKs/MacOSX12.3.sdk/usr/include/c++/v1/__functional/function.h:1215:1: [0m[0;1;30mnote: [0mcandidate template ignored: could not match 'function' against 'Tuple'[0m
operator==(const function<_Rp(_ArgTypes...)>& __f, nullptr_t) _NOEXCEPT {return !__f;}
[0;1;32m^
[0m[1m/Applications/Xcode.app/Contents/Developer/Platforms/MacOSX.platform/Developer/SDKs/MacOSX12.3.sdk/usr/include/c++/v1/__functional/function.h:1215:1: [0m[0;1;30mnote: [0mcandidate template ignored: could not match 'function' against 'Tuple'[0m
[1m/Applications/Xcode.app/Contents/Developer/Platforms/MacOSX.platform/Developer/SDKs/MacOSX12.3.sdk/usr/include/c++/v1/__functional/function.h:1220:1: [0m[0;1;30mnote: [0mcandidate template ignored: could not match 'function' against 'Tuple'[0m
operator==(nullptr_t, const function<_Rp(_ArgTypes...)>& __f) _NOEXCEPT {return !__f;}
[0;1;32m^
[0m[1m/Applications/Xcode.app/Contents/Developer/Platforms/MacOSX.platform/Developer/SDKs/MacOSX12.3.sdk/usr/include/c++/v1/__functional/function.h:1220:1: [0m[0;1;30mnote: [0mcandidate template ignored: could not match 'function' against 'Tuple'[0m
[1m/Applications/Xcode.app/Contents/Developer/Platforms/MacOSX.platform/Developer/SDKs/MacOSX12.3.sdk/usr/include/c++/v1/string_view:679:6: [0m[0;1;30mnote: [0mcandidate template ignored: could not match 'basic_string_view' against 'Tuple'[0m
bool operator==(basic_string_view<_CharT, _Traits> __lhs,
[0;1;32m     ^
[0m[1m/Applications/Xcode.app/Contents/Developer/Platforms/MacOSX.platform/Developer/SDKs/MacOSX12.3.sdk/usr/include/c++/v1/string_view:688:6: [0m[0;1;30mnote: [0mcandidate template ignored: could not match 'basic_string_view' against 'Tuple'[0m
bool operator==(basic_string_view<_CharT, _Traits> __lhs,
[0;1;32m     ^
[0m[1m/Applications/Xcode.app/Contents/Developer/Platforms/MacOSX.platform/Developer/SDKs/MacOSX12.3.sdk/usr/include/c++/v1/string_view:688:6: [0m[0;1;30mnote: [0mcandidate template ignored: could not match 'basic_string_view' against 'Tuple'[0m
[1m/Applications/Xcode.app/Contents/Developer/Platforms/MacOSX.platform/Developer/SDKs/MacOSX12.3.sdk/usr/include/c++/v1/string_view:697:6: [0m[0;1;30mnote: [0mcandidate template ignored: could not match 'basic_string_view' against 'Tuple'[0m
bool operator==(typename common_type<basic_string_view<_CharT, _Traits> >::type __lhs,
[0;1;32m     ^
[0m[1m/Applications/Xcode.app/Contents/Developer/Platforms/MacOSX.platform/Developer/SDKs/MacOSX12.3.sdk/usr/include/c++/v1/string_view:697:6: [0m[0;1;30mnote: [0mcandidate template ignored: could not match 'basic_string_view' against 'Tuple'[0m
[1m/Applications/Xcode.app/Contents/Developer/Platforms/MacOSX.platform/Developer/SDKs/MacOSX12.3.sdk/usr/include/c++/v1/string:584:6: [0m[0;1;30mnote: [0mcandidate template ignored: could not match 'fpos' against 'Tuple'[0m
bool operator==(const fpos<_StateT>& __x, const fpos<_StateT>& __y)
[0;1;32m     ^
[0m[1m/Applications/Xcode.app/Contents/Developer/Platforms/MacOSX.platform/Developer/SDKs/MacOSX12.3.sdk/usr/include/c++/v1/string:4068:1: [0m[0;1;30mnote: [0mcandidate template ignored: could not match 'basic_string' against 'Tuple'[0m
operator==(const basic_string<_CharT, _Traits, _Allocator>& __lhs,
[0;1;32m^
[0m[1m/Applications/Xcode.app/Contents/Developer/Platforms/MacOSX.platform/Developer/SDKs/MacOSX12.3.sdk/usr/include/c++/v1/string:4080:1: [0m[0;1;30mnote: [0mcandidate template ignored: could not match 'basic_string' against 'Tuple'[0m
operator==(const basic_string<char, char_traits<char>, _Allocator>& __lhs,
[0;1;32m^
[0m[1m/Applications/Xcode.app/Contents/Developer/Platforms/MacOSX.platform/Developer/SDKs/MacOSX12.3.sdk/usr/include/c++/v1/string:4099:1: [0m[0;1;30mnote: [0mcandidate template ignored: could not match 'const _CharT *' against 'Tuple<int, std::string, std::string, std::string>' (aka 'Tuple<int, basic_string<char, char_traits<char>, allocator<char>>, basic_string<char, char_traits<char>, allocator<char>>, basic_string<char, char_traits<char>, allocator<char>>>')[0m
operator==(const _CharT* __lhs,
[0;1;32m^
[0m[1m/Applications/Xcode.app/Contents/Developer/Platforms/MacOSX.platform/Developer/SDKs/MacOSX12.3.sdk/usr/include/c++/v1/string:4099:1: [0m[0;1;30mnote: [0mcandidate template ignored: could not match 'const _CharT *' against 'Tuple<int, std::string, std::string, std::string>'[0m
[1m/Applications/Xcode.app/Contents/Developer/Platforms/MacOSX.platform/Developer/SDKs/MacOSX12.3.sdk/usr/include/c++/v1/string:4112:1: [0m[0;1;30mnote: [0mcandidate template ignored: could not match 'basic_string' against 'Tuple'[0m
operator==(const basic_string<_CharT,_Traits,_Allocator>& __lhs,
[0;1;32m^
[0m[1m/Applications/Xcode.app/Contents/Developer/Platforms/MacOSX.platform/Developer/SDKs/MacOSX12.3.sdk/usr/include/c++/v1/string:4112:1: [0m[0;1;30mnote: [0mcandidate template ignored: could not match 'basic_string' against 'Tuple'[0m
[1m/Applications/Xcode.app/Contents/Developer/Platforms/MacOSX.platform/Developer/SDKs/MacOSX12.3.sdk/usr/include/c++/v1/vector:3359:1: [0m[0;1;30mnote: [0mcandidate template ignored: could not match 'vector' against 'Tuple'[0m
operator==(const vector<_Tp, _Allocator>& __x, const vector<_Tp, _Allocator>& __y)
[0;1;32m^
[0m[1m/Applications/Xcode.app/Contents/Developer/Platforms/MacOSX.platform/Developer/SDKs/MacOSX12.3.sdk/usr/include/c++/v1/random:2489:1: [0m[0;1;30mnote: [0mcandidate template ignored: could not match 'mersenne_twister_engine' against 'Tuple'[0m
operator==(const mersenne_twister_engine<_UInt, _Wp, _Np, _Mp, _Rp, _Ap, _Up, _Dp, _Sp,
[0;1;32m^
[0m[1m/Applications/Xcode.app/Contents/Developer/Platforms/MacOSX.platform/Developer/SDKs/MacOSX12.3.sdk/usr/include/c++/v1/random:2824:1: [0m[0;1;30mnote: [0mcandidate template ignored: could not match 'subtract_with_carry_engine' against 'Tuple'[0m
operator==(
[0;1;32m^
[0m[1m/Applications/Xcode.app/Contents/Developer/Platforms/MacOSX.platform/Developer/SDKs/MacOSX12.3.sdk/usr/include/c++/v1/random:3044:1: [0m[0;1;30mnote: [0mcandidate template ignored: could not match 'discard_block_engine' against 'Tuple'[0m
operator==(const discard_block_engine<_Eng, _Pp, _Rp>& __x,
[0;1;32m^
[0m[1m/Applications/Xcode.app/Contents/Developer/Platforms/MacOSX.platform/Developer/SDKs/MacOSX12.3.sdk/usr/include/c++/v1/random:3297:1: [0m[0;1;30mnote: [0mcandidate template ignored: could not match 'independent_bits_engine' against 'Tuple'[0m
operator==(
[0;1;32m^
[0m[1m/Applications/Xcode.app/Contents/Developer/Platforms/MacOSX.platform/Developer/SDKs/MacOSX12.3.sdk/usr/include/c++/v1/random:3528:1: [0m[0;1;30mnote: [0mcandidate template ignored: could not match 'shuffle_order_engine' against 'Tuple'[0m
operator==(
[0;1;32m^
[0m[1m/Applications/Xcode.app/Contents/Developer/Platforms/MacOSX.platform/Developer/SDKs/MacOSX12.3.sdk/usr/include/c++/v1/optional:1041:1: [0m[0;1;30mnote: [0mcandidate template ignored: could not match 'optional' against 'Tuple'[0m
operator==(const optional<_Tp>& __x, const optional<_Up>& __y)
[0;1;32m^
[0m[1m/Applications/Xcode.app/Contents/Developer/Platforms/MacOSX.platform/Developer/SDKs/MacOSX12.3.sdk/usr/include/c++/v1/optional:1041:1: [0m[0;1;30mnote: [0mcandidate template ignored: could not match 'optional' against 'Tuple'[0m
[1m/Applications/Xcode.app/Contents/Developer/Platforms/MacOSX.platform/Developer/SDKs/MacOSX12.3.sdk/usr/include/c++/v1/optional:1134:1: [0m[0;1;30mnote: [0mcandidate template ignored: could not match 'optional' against 'Tuple'[0m
operator==(const optional<_Tp>& __x, nullopt_t) noexcept
[0;1;32m^
[0m[1m/Applications/Xcode.app/Contents/Developer/Platforms/MacOSX.platform/Developer/SDKs/MacOSX12.3.sdk/usr/include/c++/v1/optional:1134:1: [0m[0;1;30mnote: [0mcandidate template ignored: could not match 'optional' against 'Tuple'[0m
[1m/Applications/Xcode.app/Contents/Developer/Platforms/MacOSX.platform/Developer/SDKs/MacOSX12.3.sdk/usr/include/c++/v1/optional:1142:1: [0m[0;1;30mnote: [0mcandidate template ignored: could not match 'optional' against 'Tuple'[0m
operator==(nullopt_t, const optional<_Tp>& __x) noexcept
[0;1;32m^
[0m[1m/Applications/Xcode.app/Contents/Developer/Platforms/MacOSX.platform/Developer/SDKs/MacOSX12.3.sdk/usr/include/c++/v1/optional:1142:1: [0m[0;1;30mnote: [0mcandidate template ignored: could not match 'optional' against 'Tuple'[0m
[1m/Applications/Xcode.app/Contents/Developer/Platforms/MacOSX.platform/Developer/SDKs/MacOSX12.3.sdk/usr/include/c++/v1/optional:1235:1: [0m[0;1;30mnote: [0mcandidate template ignored: could not match 'optional' against 'Tuple'[0m
operator==(const optional<_Tp>& __x, const _Up& __v)
[0;1;32m^
[0m[1m/Applications/Xcode.app/Contents/Developer/Platforms/MacOSX.platform/Developer/SDKs/MacOSX12.3.sdk/usr/include/c++/v1/optional:1235:1: [0m[0;1;30mnote: [0mcandidate template ignored: could not match 'optional' against 'Tuple'[0m
[1m/Applications/Xcode.app/Contents/Developer/Platforms/MacOSX.platform/Developer/SDKs/MacOSX12.3.sdk/usr/include/c++/v1/optional:1247:1: [0m[0;1;30mnote: [0mcandidate template ignored: could not match 'optional' against 'Tuple'[0m
operator==(const _Tp& __v, const optional<_Up>& __x)
[0;1;32m^
[0m[1m/Applications/Xcode.app/Contents/Developer/Platforms/MacOSX.platform/Developer/SDKs/MacOSX12.3.sdk/usr/include/c++/v1/optional:1247:1: [0m[0;1;30mnote: [0mcandidate template ignored: could not match 'optional' against 'Tuple'[0m
[1m/Applications/Xcode.app/Contents/Developer/Platforms/MacOSX.platform/Developer/SDKs/MacOSX12.3.sdk/usr/include/c++/v1/map:1625:1: [0m[0;1;30mnote: [0mcandidate template ignored: could not match 'map' against 'Tuple'[0m
operator==(const map<_Key, _Tp, _Compare, _Allocator>& __x,
[0;1;32m^
[0m[1m/Applications/Xcode.app/Contents/Developer/Platforms/MacOSX.platform/Developer/SDKs/MacOSX12.3.sdk/usr/include/c++/v1/map:2223:1: [0m[0;1;30mnote: [0mcandidate template ignored: could not match 'multimap' against 'Tuple'[0m
operator==(const multimap<_Key, _Tp, _Compare, _Allocator>& __x,
[0;1;32m^
[0m[1m/Applications/Xcode.app/Contents/Developer/Platforms/MacOSX.platform/Developer/SDKs/MacOSX12.3.sdk/usr/include/c++/v1/set:918:1: [0m[0;1;30mnote: [0mcandidate template ignored: could not match 'set' against 'Tuple'[0m
operator==(const set<_Key, _Compare, _Allocator>& __x,
[0;1;32m^
[0m[1m/Applications/Xcode.app/Contents/Developer/Platforms/MacOSX.platform/Developer/SDKs/MacOSX12.3.sdk/usr/include/c++/v1/set:1449:1: [0m[0;1;30mnote: [0mcandidate template ignored: could not match 'multiset' against 'Tuple'[0m
operator==(const multiset<_Key, _Compare, _Allocator>& __x,
[0;1;32m^
[0m[1m/Applications/Xcode.app/Contents/Developer/Platforms/MacOSX.platform/Developer/SDKs/MacOSX12.3.sdk/usr/include/c++/v1/deque:2973:1: [0m[0;1;30mnote: [0mcandidate template ignored: could not match 'deque' against 'Tuple'[0m
operator==(const deque<_Tp, _Allocator>& __x, const deque<_Tp, _Allocator>& __y)
[0;1;32m^
[0m[1m/Applications/Xcode.app/Contents/Developer/Platforms/MacOSX.platform/Developer/SDKs/MacOSX12.3.sdk/usr/include/c++/v1/stack:253:1: [0m[0;1;30mnote: [0mcandidate template ignored: could not match 'stack' against 'Tuple'[0m
operator==(const stack<_Tp, _Container>& __x, const stack<_Tp, _Container>& __y)
[0;1;32m^
[0m[1m/Applications/Xcode.app/Contents/Developer/Platforms/MacOSX.platform/Developer/SDKs/MacOSX12.3.sdk/usr/include/c++/v1/regex:4969:1: [0m[0;1;30mnote: [0mcandidate template ignored: could not match 'sub_match' against 'Tuple'[0m
operator==(const sub_match<_BiIter>& __x, const sub_match<_BiIter>& __y)
[0;1;32m^
[0m[1m/Applications/Xcode.app/Contents/Developer/Platforms/MacOSX.platform/Developer/SDKs/MacOSX12.3.sdk/usr/include/c++/v1/regex:5017:1: [0m[0;1;30mnote: [0mcandidate template ignored: could not match 'basic_string' against 'Tuple'[0m
operator==(const basic_string<typename iterator_traits<_BiIter>::value_type, _ST, _SA>& __x,
[0;1;32m^
[0m[1m/Applications/Xcode.app/Contents/Developer/Platforms/MacOSX.platform/Developer/SDKs/MacOSX12.3.sdk/usr/include/c++/v1/regex:5017:1: [0m[0;1;30mnote: [0mcandidate template ignored: could not match 'basic_string' against 'Tuple'[0m
[1m/Applications/Xcode.app/Contents/Developer/Platforms/MacOSX.platform/Developer/SDKs/MacOSX12.3.sdk/usr/include/c++/v1/regex:5070:1: [0m[0;1;30mnote: [0mcandidate template ignored: could not match 'sub_match' against 'Tuple'[0m
operator==(const sub_match<_BiIter>& __x,
[0;1;32m^
[0m[1m/Applications/Xcode.app/Contents/Developer/Platforms/MacOSX.platform/Developer/SDKs/MacOSX12.3.sdk/usr/include/c++/v1/regex:5070:1: [0m[0;1;30mnote: [0mcandidate template ignored: could not match 'sub_match' against 'Tuple'[0m
[1m/Applications/Xcode.app/Contents/Developer/Platforms/MacOSX.platform/Developer/SDKs/MacOSX12.3.sdk/usr/include/c++/v1/regex:5123:1: [0m[0;1;30mnote: [0mcandidate template ignored: could not match 'sub_match' against 'Tuple'[0m
operator==(typename iterator_traits<_BiIter>::value_type const* __x,
[0;1;32m^
[0m[1m/Applications/Xcode.app/Contents/Developer/Platforms/MacOSX.platform/Developer/SDKs/MacOSX12.3.sdk/usr/include/c++/v1/regex:5123:1: [0m[0;1;30mnote: [0mcandidate template ignored: could not match 'sub_match' against 'Tuple'[0m
[1m/Applications/Xcode.app/Contents/Developer/Platforms/MacOSX.platform/Developer/SDKs/MacOSX12.3.sdk/usr/include/c++/v1/regex:5177:1: [0m[0;1;30mnote: [0mcandidate template ignored: could not match 'sub_match' against 'Tuple'[0m
operator==(const sub_match<_BiIter>& __x,
[0;1;32m^
[0m[1m/Applications/Xcode.app/Contents/Developer/Platforms/MacOSX.platform/Developer/SDKs/MacOSX12.3.sdk/usr/include/c++/v1/regex:5177:1: [0m[0;1;30mnote: [0mcandidate template ignored: could not match 'sub_match' against 'Tuple'[0m
[1m/Applications/Xcode.app/Contents/Developer/Platforms/MacOSX.platform/Developer/SDKs/MacOSX12.3.sdk/usr/include/c++/v1/regex:5231:1: [0m[0;1;30mnote: [0mcandidate template ignored: could not match 'sub_match' against 'Tuple'[0m
operator==(typename iterator_traits<_BiIter>::value_type const& __x,
[0;1;32m^
[0m[1m/Applications/Xcode.app/Contents/Developer/Platforms/MacOSX.platform/Developer/SDKs/MacOSX12.3.sdk/usr/include/c++/v1/regex:5231:1: [0m[0;1;30mnote: [0mcandidate template ignored: could not match 'sub_match' against 'Tuple'[0m
[1m/Applications/Xcode.app/Contents/Developer/Platforms/MacOSX.platform/Developer/SDKs/MacOSX12.3.sdk/usr/include/c++/v1/regex:5287:1: [0m[0;1;30mnote: [0mcandidate template ignored: could not match 'sub_match' against 'Tuple'[0m
operator==(const sub_match<_BiIter>& __x,
[0;1;32m^
[0m[1m/Applications/Xcode.app/Contents/Developer/Platforms/MacOSX.platform/Developer/SDKs/MacOSX12.3.sdk/usr/include/c++/v1/regex:5287:1: [0m[0;1;30mnote: [0mcandidate template ignored: could not match 'sub_match' against 'Tuple'[0m
[1m/Applications/Xcode.app/Contents/Developer/Platforms/MacOSX.platform/Developer/SDKs/MacOSX12.3.sdk/usr/include/c++/v1/regex:5690:1: [0m[0;1;30mnote: [0mcandidate template ignored: could not match 'match_results' against 'Tuple'[0m
operator==(const match_results<_BidirectionalIterator, _Allocator>& __x,
[0;1;32m^
[0m[1m/Applications/Xcode.app/Contents/Developer/Platforms/MacOSX.platform/Developer/SDKs/MacOSX12.3.sdk/usr/include/c++/v1/array:370:1: [0m[0;1;30mnote: [0mcandidate template ignored: could not match 'array' against 'Tuple'[0m
operator==(const array<_Tp, _Size>& __x, const array<_Tp, _Size>& __y)
[0;1;32m^
[0m[1m/Users/gera/cpp-2022-sudo-gera/CppLanguage/tasks/tuple/test_tuple.cpp:70:16: [0m[0;1;31merror: [0m[1minvalid operands to binary expression ('Tuple<int, std::string, std::string, std::string>' (aka 'Tuple<int, basic_string<char, char_traits<char>, allocator<char>>, basic_string<char, char_traits<char>, allocator<char>>, basic_string<char, char_traits<char>, allocator<char>>>') and 'Tuple<int, std::string, std::string, std::string>')[0m
    REQUIRE(t1 == t2);
[0;1;32m            ~~ ^  ~~
[0m[1m/Users/gera/cpp-2022-sudo-gera/CppLanguage/./catch.hpp:17666:90: [0m[0;1;30mnote: [0mexpanded from macro 'REQUIRE'[0m
#define REQUIRE( ... ) INTERNAL_CATCH_TEST( "REQUIRE", Catch::ResultDisposition::Normal, __VA_ARGS__  )
[0;1;32m                                                                                         ^~~~~~~~~~~
[0m[1m/Users/gera/cpp-2022-sudo-gera/CppLanguage/./catch.hpp:2714:56: [0m[0;1;30mnote: [0mexpanded from macro 'INTERNAL_CATCH_TEST'[0m
    } while( (void)0, (false) && static_cast<bool>( !!(__VA_ARGS__) ) )
[0;1;32m                                                       ^~~~~~~~~~~
[0m[1m/Applications/Xcode.app/Contents/Developer/Platforms/MacOSX.platform/Developer/SDKs/MacOSX12.3.sdk/usr/include/c++/v1/__variant/monostate.h:43:16: [0m[0;1;30mnote: [0mcandidate function not viable: no known conversion from 'Tuple<int, std::string, std::string, std::string>' (aka 'Tuple<int, basic_string<char, char_traits<char>, allocator<char>>, basic_string<char, char_traits<char>, allocator<char>>, basic_string<char, char_traits<char>, allocator<char>>>') to 'std::monostate' for 1st argument[0m
constexpr bool operator==(monostate, monostate) noexcept { return true; }
[0;1;32m               ^
[0m[1m/Applications/Xcode.app/Contents/Developer/Platforms/MacOSX.platform/Developer/SDKs/MacOSX12.3.sdk/usr/include/c++/v1/system_error:391:1: [0m[0;1;30mnote: [0mcandidate function not viable: no known conversion from 'Tuple<int, std::string, std::string, std::string>' (aka 'Tuple<int, basic_string<char, char_traits<char>, allocator<char>>, basic_string<char, char_traits<char>, allocator<char>>, basic_string<char, char_traits<char>, allocator<char>>>') to 'const std::error_code' for 1st argument[0m
operator==(const error_code& __x, const error_code& __y) _NOEXCEPT
[0;1;32m^
[0m[1m/Applications/Xcode.app/Contents/Developer/Platforms/MacOSX.platform/Developer/SDKs/MacOSX12.3.sdk/usr/include/c++/v1/system_error:398:1: [0m[0;1;30mnote: [0mcandidate function not viable: no known conversion from 'Tuple<int, std::string, std::string, std::string>' (aka 'Tuple<int, basic_string<char, char_traits<char>, allocator<char>>, basic_string<char, char_traits<char>, allocator<char>>, basic_string<char, char_traits<char>, allocator<char>>>') to 'const std::error_code' for 1st argument[0m
operator==(const error_code& __x, const error_condition& __y) _NOEXCEPT
[0;1;32m^
[0m[1m/Applications/Xcode.app/Contents/Developer/Platforms/MacOSX.platform/Developer/SDKs/MacOSX12.3.sdk/usr/include/c++/v1/system_error:398:1: [0m[0;1;30mnote: [0mcandidate function (with reversed parameter order) not viable: no known conversion from 'Tuple<int, std::string, std::string, std::string>' (aka 'Tuple<int, basic_string<char, char_traits<char>, allocator<char>>, basic_string<char, char_traits<char>, allocator<char>>, basic_string<char, char_traits<char>, allocator<char>>>') to 'const std::error_condition' for 1st argument[0m
[1m/Applications/Xcode.app/Contents/Developer/Platforms/MacOSX.platform/Developer/SDKs/MacOSX12.3.sdk/usr/include/c++/v1/system_error:406:1: [0m[0;1;30mnote: [0mcandidate function not viable: no known conversion from 'Tuple<int, std::string, std::string, std::string>' (aka 'Tuple<int, basic_string<char, char_traits<char>, allocator<char>>, basic_string<char, char_traits<char>, allocator<char>>, basic_string<char, char_traits<char>, allocator<char>>>') to 'const std::error_condition' for 1st argument[0m
operator==(const error_condition& __x, const error_code& __y) _NOEXCEPT
[0;1;32m^
[0m[1m/Applications/Xcode.app/Contents/Developer/Platforms/MacOSX.platform/Developer/SDKs/MacOSX12.3.sdk/usr/include/c++/v1/system_error:406:1: [0m[0;1;30mnote: [0mcandidate function (with reversed parameter order) not viable: no known conversion from 'Tuple<int, std::string, std::string, std::string>' (aka 'Tuple<int, basic_string<char, char_traits<char>, allocator<char>>, basic_string<char, char_traits<char>, allocator<char>>, basic_string<char, char_traits<char>, allocator<char>>>') to 'const std::error_code' for 1st argument[0m
[1m/Applications/Xcode.app/Contents/Developer/Platforms/MacOSX.platform/Developer/SDKs/MacOSX12.3.sdk/usr/include/c++/v1/system_error:413:1: [0m[0;1;30mnote: [0mcandidate function not viable: no known conversion from 'Tuple<int, std::string, std::string, std::string>' (aka 'Tuple<int, basic_string<char, char_traits<char>, allocator<char>>, basic_string<char, char_traits<char>, allocator<char>>, basic_string<char, char_traits<char>, allocator<char>>>') to 'const std::error_condition' for 1st argument[0m
operator==(const error_condition& __x, const error_condition& __y) _NOEXCEPT
[0;1;32m^
[0m[1m/Applications/Xcode.app/Contents/Developer/Platforms/MacOSX.platform/Developer/SDKs/MacOSX12.3.sdk/usr/include/c++/v1/__utility/pair.h:321:1: [0m[0;1;30mnote: [0mcandidate template ignored: could not match 'pair' against 'Tuple'[0m
operator==(const pair<_T1,_T2>& __x, const pair<_T1,_T2>& __y)
[0;1;32m^
[0m[1m/Applications/Xcode.app/Contents/Developer/Platforms/MacOSX.platform/Developer/SDKs/MacOSX12.3.sdk/usr/include/c++/v1/__iterator/wrap_iter.h:169:6: [0m[0;1;30mnote: [0mcandidate template ignored: could not match '__wrap_iter' against 'Tuple'[0m
bool operator==(const __wrap_iter<_Iter1>& __x, const __wrap_iter<_Iter1>& __y) _NOEXCEPT
[0;1;32m     ^
[0m[1m/Applications/Xcode.app/Contents/Developer/Platforms/MacOSX.platform/Developer/SDKs/MacOSX12.3.sdk/usr/include/c++/v1/__iterator/wrap_iter.h:176:6: [0m[0;1;30mnote: [0mcandidate template ignored: could not match '__wrap_iter' against 'Tuple'[0m
bool operator==(const __wrap_iter<_Iter1>& __x, const __wrap_iter<_Iter2>& __y) _NOEXCEPT
[0;1;32m     ^
[0m[1m/Applications/Xcode.app/Contents/Developer/Platforms/MacOSX.platform/Developer/SDKs/MacOSX12.3.sdk/usr/include/c++/v1/__iterator/wrap_iter.h:176:6: [0m[0;1;30mnote: [0mcandidate template ignored: could not match '__wrap_iter' against 'Tuple'[0m
[1m/Applications/Xcode.app/Contents/Developer/Platforms/MacOSX.platform/Developer/SDKs/MacOSX12.3.sdk/usr/include/c++/v1/tuple:1297:1: [0m[0;1;30mnote: [0mcandidate template ignored: could not match 'tuple' against 'Tuple'[0m
operator==(const tuple<_Tp...>& __x, const tuple<_Up...>& __y)
[0;1;32m^
[0m[1m/Applications/Xcode.app/Contents/Developer/Platforms/MacOSX.platform/Developer/SDKs/MacOSX12.3.sdk/usr/include/c++/v1/tuple:1297:1: [0m[0;1;30mnote: [0mcandidate template ignored: could not match 'tuple' against 'Tuple'[0m
[1m/Applications/Xcode.app/Contents/Developer/Platforms/MacOSX.platform/Developer/SDKs/MacOSX12.3.sdk/usr/include/c++/v1/__memory/allocator.h:244:6: [0m[0;1;30mnote: [0mcandidate template ignored: could not match 'allocator' against 'Tuple'[0m
bool operator==(const allocator<_Tp>&, const allocator<_Up>&) _NOEXCEPT {return true;}
[0;1;32m     ^
[0m[1m/Applications/Xcode.app/Contents/Developer/Platforms/MacOSX.platform/Developer/SDKs/MacOSX12.3.sdk/usr/include/c++/v1/__memory/allocator.h:244:6: [0m[0;1;30mnote: [0mcandidate template ignored: could not match 'allocator' against 'Tuple'[0m
[1m/Applications/Xcode.app/Contents/Developer/Platforms/MacOSX.platform/Developer/SDKs/MacOSX12.3.sdk/usr/include/c++/v1/__memory/unique_ptr.h:572:1: [0m[0;1;30mnote: [0mcandidate template ignored: could not match 'unique_ptr' against 'Tuple'[0m
operator==(const unique_ptr<_T1, _D1>& __x, const unique_ptr<_T2, _D2>& __y) {return __x.get() == __y.get();}
[0;1;32m^
[0m[1m/Applications/Xcode.app/Contents/Developer/Platforms/MacOSX.platform/Developer/SDKs/MacOSX12.3.sdk/usr/include/c++/v1/__memory/unique_ptr.h:572:1: [0m[0;1;30mnote: [0mcandidate template ignored: could not match 'unique_ptr' against 'Tuple'[0m
[1m/Applications/Xcode.app/Contents/Developer/Platforms/MacOSX.platform/Developer/SDKs/MacOSX12.3.sdk/usr/include/c++/v1/__memory/unique_ptr.h:608:1: [0m[0;1;30mnote: [0mcandidate template ignored: could not match 'unique_ptr' against 'Tuple'[0m
operator==(const unique_ptr<_T1, _D1>& __x, nullptr_t) _NOEXCEPT
[0;1;32m^
[0m[1m/Applications/Xcode.app/Contents/Developer/Platforms/MacOSX.platform/Developer/SDKs/MacOSX12.3.sdk/usr/include/c++/v1/__memory/unique_ptr.h:608:1: [0m[0;1;30mnote: [0mcandidate template ignored: could not match 'unique_ptr' against 'Tuple'[0m
[1m/Applications/Xcode.app/Contents/Developer/Platforms/MacOSX.platform/Developer/SDKs/MacOSX12.3.sdk/usr/include/c++/v1/__memory/unique_ptr.h:616:1: [0m[0;1;30mnote: [0mcandidate template ignored: could not match 'unique_ptr' against 'Tuple'[0m
operator==(nullptr_t, const unique_ptr<_T1, _D1>& __x) _NOEXCEPT
[0;1;32m^
[0m[1m/Applications/Xcode.app/Contents/Developer/Platforms/MacOSX.platform/Developer/SDKs/MacOSX12.3.sdk/usr/include/c++/v1/__memory/unique_ptr.h:616:1: [0m[0;1;30mnote: [0mcandidate template ignored: could not match 'unique_ptr' against 'Tuple'[0m
[1m/Applications/Xcode.app/Contents/Developer/Platforms/MacOSX.platform/Developer/SDKs/MacOSX12.3.sdk/usr/include/c++/v1/__memory/shared_ptr.h:1121:1: [0m[0;1;30mnote: [0mcandidate template ignored: could not match 'shared_ptr' against 'Tuple'[0m
operator==(const shared_ptr<_Tp>& __x, const shared_ptr<_Up>& __y) _NOEXCEPT
[0;1;32m^
[0m[1m/Applications/Xcode.app/Contents/Developer/Platforms/MacOSX.platform/Developer/SDKs/MacOSX12.3.sdk/usr/include/c++/v1/__memory/shared_ptr.h:1121:1: [0m[0;1;30mnote: [0mcandidate template ignored: could not match 'shared_ptr' against 'Tuple'[0m
[1m/Applications/Xcode.app/Contents/Developer/Platforms/MacOSX.platform/Developer/SDKs/MacOSX12.3.sdk/usr/include/c++/v1/__memory/shared_ptr.h:1175:1: [0m[0;1;30mnote: [0mcandidate template ignored: could not match 'shared_ptr' against 'Tuple'[0m
operator==(const shared_ptr<_Tp>& __x, nullptr_t) _NOEXCEPT
[0;1;32m^
[0m[1m/Applications/Xcode.app/Contents/Developer/Platforms/MacOSX.platform/Developer/SDKs/MacOSX12.3.sdk/usr/include/c++/v1/__memory/shared_ptr.h:1175:1: [0m[0;1;30mnote: [0mcandidate template ignored: could not match 'shared_ptr' against 'Tuple'[0m
[1m/Applications/Xcode.app/Contents/Developer/Platforms/MacOSX.platform/Developer/SDKs/MacOSX12.3.sdk/usr/include/c++/v1/__memory/shared_ptr.h:1183:1: [0m[0;1;30mnote: [0mcandidate template ignored: could not match 'shared_ptr' against 'Tuple'[0m
operator==(nullptr_t, const shared_ptr<_Tp>& __x) _NOEXCEPT
[0;1;32m^
[0m[1m/Applications/Xcode.app/Contents/Developer/Platforms/MacOSX.platform/Developer/SDKs/MacOSX12.3.sdk/usr/include/c++/v1/__memory/shared_ptr.h:1183:1: [0m[0;1;30mnote: [0mcandidate template ignored: could not match 'shared_ptr' against 'Tuple'[0m
[1m/Applications/Xcode.app/Contents/Developer/Platforms/MacOSX.platform/Developer/SDKs/MacOSX12.3.sdk/usr/include/c++/v1/variant:1613:16: [0m[0;1;30mnote: [0mcandidate template ignored: could not match 'variant' against 'Tuple'[0m
constexpr bool operator==(const variant<_Types...>& __lhs,
[0;1;32m               ^
[0m[1m/Applications/Xcode.app/Contents/Developer/Platforms/MacOSX.platform/Developer/SDKs/MacOSX12.3.sdk/usr/include/c++/v1/__iterator/istreambuf_iterator.h:96:6: [0m[0;1;30mnote: [0mcandidate template ignored: could not match 'istreambuf_iterator' against 'Tuple'[0m
bool operator==(const istreambuf_iterator<_CharT,_Traits>& __a,
[0;1;32m     ^
[0m[1m/Applications/Xcode.app/Contents/Developer/Platforms/MacOSX.platform/Developer/SDKs/MacOSX12.3.sdk/usr/include/c++/v1/__iterator/istream_iterator.h:84:1: [0m[0;1;30mnote: [0mcandidate template ignored: could not match 'istream_iterator' against 'Tuple'[0m
operator==(const istream_iterator<_Tp, _CharT, _Traits, _Distance>& __x,
[0;1;32m^
[0m[1m/Applications/Xcode.app/Contents/Developer/Platforms/MacOSX.platform/Developer/SDKs/MacOSX12.3.sdk/usr/include/c++/v1/__iterator/move_iterator.h:105:1: [0m[0;1;30mnote: [0mcandidate template ignored: could not match 'move_iterator' against 'Tuple'[0m
operator==(const move_iterator<_Iter1>& __x, const move_iterator<_Iter2>& __y)
[0;1;32m^
[0m[1m/Applications/Xcode.app/Contents/Developer/Platforms/MacOSX.platform/Developer/SDKs/MacOSX12.3.sdk/usr/include/c++/v1/__iterator/move_iterator.h:105:1: [0m[0;1;30mnote: [0mcandidate template ignored: could not match 'move_iterator' against 'Tuple'[0m
[1m/Applications/Xcode.app/Contents/Developer/Platforms/MacOSX.platform/Developer/SDKs/MacOSX12.3.sdk/usr/include/c++/v1/__iterator/reverse_iterator.h:154:1: [0m[0;1;30mnote: [0mcandidate template ignored: could not match 'reverse_iterator' against 'Tuple'[0m
operator==(const reverse_iterator<_Iter1>& __x, const reverse_iterator<_Iter2>& __y)
[0;1;32m^
[0m[1m/Applications/Xcode.app/Contents/Developer/Platforms/MacOSX.platform/Developer/SDKs/MacOSX12.3.sdk/usr/include/c++/v1/__iterator/reverse_iterator.h:154:1: [0m[0;1;30mnote: [0mcandidate template ignored: could not match 'reverse_iterator' against 'Tuple'[0m
[1m/Applications/Xcode.app/Contents/Developer/Platforms/MacOSX.platform/Developer/SDKs/MacOSX12.3.sdk/usr/include/c++/v1/__functional/function.h:1215:1: [0m[0;1;30mnote: [0mcandidate template ignored: could not match 'function' against 'Tuple'[0m
operator==(const function<_Rp(_ArgTypes...)>& __f, nullptr_t) _NOEXCEPT {return !__f;}
[0;1;32m^
[0m[1m/Applications/Xcode.app/Contents/Developer/Platforms/MacOSX.platform/Developer/SDKs/MacOSX12.3.sdk/usr/include/c++/v1/__functional/function.h:1215:1: [0m[0;1;30mnote: [0mcandidate template ignored: could not match 'function' against 'Tuple'[0m
[1m/Applications/Xcode.app/Contents/Developer/Platforms/MacOSX.platform/Developer/SDKs/MacOSX12.3.sdk/usr/include/c++/v1/__functional/function.h:1220:1: [0m[0;1;30mnote: [0mcandidate template ignored: could not match 'function' against 'Tuple'[0m
operator==(nullptr_t, const function<_Rp(_ArgTypes...)>& __f) _NOEXCEPT {return !__f;}
[0;1;32m^
[0m[1m/Applications/Xcode.app/Contents/Developer/Platforms/MacOSX.platform/Developer/SDKs/MacOSX12.3.sdk/usr/include/c++/v1/__functional/function.h:1220:1: [0m[0;1;30mnote: [0mcandidate template ignored: could not match 'function' against 'Tuple'[0m
[1m/Applications/Xcode.app/Contents/Developer/Platforms/MacOSX.platform/Developer/SDKs/MacOSX12.3.sdk/usr/include/c++/v1/string_view:679:6: [0m[0;1;30mnote: [0mcandidate template ignored: could not match 'basic_string_view' against 'Tuple'[0m
bool operator==(basic_string_view<_CharT, _Traits> __lhs,
[0;1;32m     ^
[0m[1m/Applications/Xcode.app/Contents/Developer/Platforms/MacOSX.platform/Developer/SDKs/MacOSX12.3.sdk/usr/include/c++/v1/string_view:688:6: [0m[0;1;30mnote: [0mcandidate template ignored: could not match 'basic_string_view' against 'Tuple'[0m
bool operator==(basic_string_view<_CharT, _Traits> __lhs,
[0;1;32m     ^
[0m[1m/Applications/Xcode.app/Contents/Developer/Platforms/MacOSX.platform/Developer/SDKs/MacOSX12.3.sdk/usr/include/c++/v1/string_view:688:6: [0m[0;1;30mnote: [0mcandidate template ignored: could not match 'basic_string_view' against 'Tuple'[0m
[1m/Applications/Xcode.app/Contents/Developer/Platforms/MacOSX.platform/Developer/SDKs/MacOSX12.3.sdk/usr/include/c++/v1/string_view:697:6: [0m[0;1;30mnote: [0mcandidate template ignored: could not match 'basic_string_view' against 'Tuple'[0m
bool operator==(typename common_type<basic_string_view<_CharT, _Traits> >::type __lhs,
[0;1;32m     ^
[0m[1m/Applications/Xcode.app/Contents/Developer/Platforms/MacOSX.platform/Developer/SDKs/MacOSX12.3.sdk/usr/include/c++/v1/string_view:697:6: [0m[0;1;30mnote: [0mcandidate template ignored: could not match 'basic_string_view' against 'Tuple'[0m
[1m/Applications/Xcode.app/Contents/Developer/Platforms/MacOSX.platform/Developer/SDKs/MacOSX12.3.sdk/usr/include/c++/v1/string:584:6: [0m[0;1;30mnote: [0mcandidate template ignored: could not match 'fpos' against 'Tuple'[0m
bool operator==(const fpos<_StateT>& __x, const fpos<_StateT>& __y)
[0;1;32m     ^
[0m[1m/Applications/Xcode.app/Contents/Developer/Platforms/MacOSX.platform/Developer/SDKs/MacOSX12.3.sdk/usr/include/c++/v1/string:4068:1: [0m[0;1;30mnote: [0mcandidate template ignored: could not match 'basic_string' against 'Tuple'[0m
operator==(const basic_string<_CharT, _Traits, _Allocator>& __lhs,
[0;1;32m^
[0m[1m/Applications/Xcode.app/Contents/Developer/Platforms/MacOSX.platform/Developer/SDKs/MacOSX12.3.sdk/usr/include/c++/v1/string:4080:1: [0m[0;1;30mnote: [0mcandidate template ignored: could not match 'basic_string' against 'Tuple'[0m
operator==(const basic_string<char, char_traits<char>, _Allocator>& __lhs,
[0;1;32m^
[0m[1m/Applications/Xcode.app/Contents/Developer/Platforms/MacOSX.platform/Developer/SDKs/MacOSX12.3.sdk/usr/include/c++/v1/string:4099:1: [0m[0;1;30mnote: [0mcandidate template ignored: could not match 'const _CharT *' against 'Tuple<int, std::string, std::string, std::string>' (aka 'Tuple<int, basic_string<char, char_traits<char>, allocator<char>>, basic_string<char, char_traits<char>, allocator<char>>, basic_string<char, char_traits<char>, allocator<char>>>')[0m
operator==(const _CharT* __lhs,
[0;1;32m^
[0m[1m/Applications/Xcode.app/Contents/Developer/Platforms/MacOSX.platform/Developer/SDKs/MacOSX12.3.sdk/usr/include/c++/v1/string:4099:1: [0m[0;1;30mnote: [0mcandidate template ignored: could not match 'const _CharT *' against 'Tuple<int, std::string, std::string, std::string>'[0m
[1m/Applications/Xcode.app/Contents/Developer/Platforms/MacOSX.platform/Developer/SDKs/MacOSX12.3.sdk/usr/include/c++/v1/string:4112:1: [0m[0;1;30mnote: [0mcandidate template ignored: could not match 'basic_string' against 'Tuple'[0m
operator==(const basic_string<_CharT,_Traits,_Allocator>& __lhs,
[0;1;32m^
[0m[1m/Applications/Xcode.app/Contents/Developer/Platforms/MacOSX.platform/Developer/SDKs/MacOSX12.3.sdk/usr/include/c++/v1/string:4112:1: [0m[0;1;30mnote: [0mcandidate template ignored: could not match 'basic_string' against 'Tuple'[0m
[1m/Applications/Xcode.app/Contents/Developer/Platforms/MacOSX.platform/Developer/SDKs/MacOSX12.3.sdk/usr/include/c++/v1/vector:3359:1: [0m[0;1;30mnote: [0mcandidate template ignored: could not match 'vector' against 'Tuple'[0m
operator==(const vector<_Tp, _Allocator>& __x, const vector<_Tp, _Allocator>& __y)
[0;1;32m^
[0m[1m/Applications/Xcode.app/Contents/Developer/Platforms/MacOSX.platform/Developer/SDKs/MacOSX12.3.sdk/usr/include/c++/v1/random:2489:1: [0m[0;1;30mnote: [0mcandidate template ignored: could not match 'mersenne_twister_engine' against 'Tuple'[0m
operator==(const mersenne_twister_engine<_UInt, _Wp, _Np, _Mp, _Rp, _Ap, _Up, _Dp, _Sp,
[0;1;32m^
[0m[1m/Applications/Xcode.app/Contents/Developer/Platforms/MacOSX.platform/Developer/SDKs/MacOSX12.3.sdk/usr/include/c++/v1/random:2824:1: [0m[0;1;30mnote: [0mcandidate template ignored: could not match 'subtract_with_carry_engine' against 'Tuple'[0m
operator==(
[0;1;32m^
[0m[1m/Applications/Xcode.app/Contents/Developer/Platforms/MacOSX.platform/Developer/SDKs/MacOSX12.3.sdk/usr/include/c++/v1/random:3044:1: [0m[0;1;30mnote: [0mcandidate template ignored: could not match 'discard_block_engine' against 'Tuple'[0m
operator==(const discard_block_engine<_Eng, _Pp, _Rp>& __x,
[0;1;32m^
[0m[1m/Applications/Xcode.app/Contents/Developer/Platforms/MacOSX.platform/Developer/SDKs/MacOSX12.3.sdk/usr/include/c++/v1/random:3297:1: [0m[0;1;30mnote: [0mcandidate template ignored: could not match 'independent_bits_engine' against 'Tuple'[0m
operator==(
[0;1;32m^
[0m[1m/Applications/Xcode.app/Contents/Developer/Platforms/MacOSX.platform/Developer/SDKs/MacOSX12.3.sdk/usr/include/c++/v1/random:3528:1: [0m[0;1;30mnote: [0mcandidate template ignored: could not match 'shuffle_order_engine' against 'Tuple'[0m
operator==(
[0;1;32m^
[0m[1m/Applications/Xcode.app/Contents/Developer/Platforms/MacOSX.platform/Developer/SDKs/MacOSX12.3.sdk/usr/include/c++/v1/optional:1041:1: [0m[0;1;30mnote: [0mcandidate template ignored: could not match 'optional' against 'Tuple'[0m
operator==(const optional<_Tp>& __x, const optional<_Up>& __y)
[0;1;32m^
[0m[1m/Applications/Xcode.app/Contents/Developer/Platforms/MacOSX.platform/Developer/SDKs/MacOSX12.3.sdk/usr/include/c++/v1/optional:1041:1: [0m[0;1;30mnote: [0mcandidate template ignored: could not match 'optional' against 'Tuple'[0m
[1m/Applications/Xcode.app/Contents/Developer/Platforms/MacOSX.platform/Developer/SDKs/MacOSX12.3.sdk/usr/include/c++/v1/optional:1134:1: [0m[0;1;30mnote: [0mcandidate template ignored: could not match 'optional' against 'Tuple'[0m
operator==(const optional<_Tp>& __x, nullopt_t) noexcept
[0;1;32m^
[0m[1m/Applications/Xcode.app/Contents/Developer/Platforms/MacOSX.platform/Developer/SDKs/MacOSX12.3.sdk/usr/include/c++/v1/optional:1134:1: [0m[0;1;30mnote: [0mcandidate template ignored: could not match 'optional' against 'Tuple'[0m
[1m/Applications/Xcode.app/Contents/Developer/Platforms/MacOSX.platform/Developer/SDKs/MacOSX12.3.sdk/usr/include/c++/v1/optional:1142:1: [0m[0;1;30mnote: [0mcandidate template ignored: could not match 'optional' against 'Tuple'[0m
operator==(nullopt_t, const optional<_Tp>& __x) noexcept
[0;1;32m^
[0m[1m/Applications/Xcode.app/Contents/Developer/Platforms/MacOSX.platform/Developer/SDKs/MacOSX12.3.sdk/usr/include/c++/v1/optional:1142:1: [0m[0;1;30mnote: [0mcandidate template ignored: could not match 'optional' against 'Tuple'[0m
[1m/Applications/Xcode.app/Contents/Developer/Platforms/MacOSX.platform/Developer/SDKs/MacOSX12.3.sdk/usr/include/c++/v1/optional:1235:1: [0m[0;1;30mnote: [0mcandidate template ignored: could not match 'optional' against 'Tuple'[0m
operator==(const optional<_Tp>& __x, const _Up& __v)
[0;1;32m^
[0m[1m/Applications/Xcode.app/Contents/Developer/Platforms/MacOSX.platform/Developer/SDKs/MacOSX12.3.sdk/usr/include/c++/v1/optional:1235:1: [0m[0;1;30mnote: [0mcandidate template ignored: could not match 'optional' against 'Tuple'[0m
[1m/Applications/Xcode.app/Contents/Developer/Platforms/MacOSX.platform/Developer/SDKs/MacOSX12.3.sdk/usr/include/c++/v1/optional:1247:1: [0m[0;1;30mnote: [0mcandidate template ignored: could not match 'optional' against 'Tuple'[0m
operator==(const _Tp& __v, const optional<_Up>& __x)
[0;1;32m^
[0m[1m/Applications/Xcode.app/Contents/Developer/Platforms/MacOSX.platform/Developer/SDKs/MacOSX12.3.sdk/usr/include/c++/v1/optional:1247:1: [0m[0;1;30mnote: [0mcandidate template ignored: could not match 'optional' against 'Tuple'[0m
[1m/Applications/Xcode.app/Contents/Developer/Platforms/MacOSX.platform/Developer/SDKs/MacOSX12.3.sdk/usr/include/c++/v1/map:1625:1: [0m[0;1;30mnote: [0mcandidate template ignored: could not match 'map' against 'Tuple'[0m
operator==(const map<_Key, _Tp, _Compare, _Allocator>& __x,
[0;1;32m^
[0m[1m/Applications/Xcode.app/Contents/Developer/Platforms/MacOSX.platform/Developer/SDKs/MacOSX12.3.sdk/usr/include/c++/v1/map:2223:1: [0m[0;1;30mnote: [0mcandidate template ignored: could not match 'multimap' against 'Tuple'[0m
operator==(const multimap<_Key, _Tp, _Compare, _Allocator>& __x,
[0;1;32m^
[0m[1m/Applications/Xcode.app/Contents/Developer/Platforms/MacOSX.platform/Developer/SDKs/MacOSX12.3.sdk/usr/include/c++/v1/set:918:1: [0m[0;1;30mnote: [0mcandidate template ignored: could not match 'set' against 'Tuple'[0m
operator==(const set<_Key, _Compare, _Allocator>& __x,
[0;1;32m^
[0m[1m/Applications/Xcode.app/Contents/Developer/Platforms/MacOSX.platform/Developer/SDKs/MacOSX12.3.sdk/usr/include/c++/v1/set:1449:1: [0m[0;1;30mnote: [0mcandidate template ignored: could not match 'multiset' against 'Tuple'[0m
operator==(const multiset<_Key, _Compare, _Allocator>& __x,
[0;1;32m^
[0m[1m/Applications/Xcode.app/Contents/Developer/Platforms/MacOSX.platform/Developer/SDKs/MacOSX12.3.sdk/usr/include/c++/v1/deque:2973:1: [0m[0;1;30mnote: [0mcandidate template ignored: could not match 'deque' against 'Tuple'[0m
operator==(const deque<_Tp, _Allocator>& __x, const deque<_Tp, _Allocator>& __y)
[0;1;32m^
[0m[1m/Applications/Xcode.app/Contents/Developer/Platforms/MacOSX.platform/Developer/SDKs/MacOSX12.3.sdk/usr/include/c++/v1/stack:253:1: [0m[0;1;30mnote: [0mcandidate template ignored: could not match 'stack' against 'Tuple'[0m
operator==(const stack<_Tp, _Container>& __x, const stack<_Tp, _Container>& __y)
[0;1;32m^
[0m[1m/Applications/Xcode.app/Contents/Developer/Platforms/MacOSX.platform/Developer/SDKs/MacOSX12.3.sdk/usr/include/c++/v1/regex:4969:1: [0m[0;1;30mnote: [0mcandidate template ignored: could not match 'sub_match' against 'Tuple'[0m
operator==(const sub_match<_BiIter>& __x, const sub_match<_BiIter>& __y)
[0;1;32m^
[0m[1m/Applications/Xcode.app/Contents/Developer/Platforms/MacOSX.platform/Developer/SDKs/MacOSX12.3.sdk/usr/include/c++/v1/regex:5017:1: [0m[0;1;30mnote: [0mcandidate template ignored: could not match 'basic_string' against 'Tuple'[0m
operator==(const basic_string<typename iterator_traits<_BiIter>::value_type, _ST, _SA>& __x,
[0;1;32m^
[0m[1m/Applications/Xcode.app/Contents/Developer/Platforms/MacOSX.platform/Developer/SDKs/MacOSX12.3.sdk/usr/include/c++/v1/regex:5017:1: [0m[0;1;30mnote: [0mcandidate template ignored: could not match 'basic_string' against 'Tuple'[0m
[1m/Applications/Xcode.app/Contents/Developer/Platforms/MacOSX.platform/Developer/SDKs/MacOSX12.3.sdk/usr/include/c++/v1/regex:5070:1: [0m[0;1;30mnote: [0mcandidate template ignored: could not match 'sub_match' against 'Tuple'[0m
operator==(const sub_match<_BiIter>& __x,
[0;1;32m^
[0m[1m/Applications/Xcode.app/Contents/Developer/Platforms/MacOSX.platform/Developer/SDKs/MacOSX12.3.sdk/usr/include/c++/v1/regex:5070:1: [0m[0;1;30mnote: [0mcandidate template ignored: could not match 'sub_match' against 'Tuple'[0m
[1m/Applications/Xcode.app/Contents/Developer/Platforms/MacOSX.platform/Developer/SDKs/MacOSX12.3.sdk/usr/include/c++/v1/regex:5123:1: [0m[0;1;30mnote: [0mcandidate template ignored: could not match 'sub_match' against 'Tuple'[0m
operator==(typename iterator_traits<_BiIter>::value_type const* __x,
[0;1;32m^
[0m[1m/Applications/Xcode.app/Contents/Developer/Platforms/MacOSX.platform/Developer/SDKs/MacOSX12.3.sdk/usr/include/c++/v1/regex:5123:1: [0m[0;1;30mnote: [0mcandidate template ignored: could not match 'sub_match' against 'Tuple'[0m
[1m/Applications/Xcode.app/Contents/Developer/Platforms/MacOSX.platform/Developer/SDKs/MacOSX12.3.sdk/usr/include/c++/v1/regex:5177:1: [0m[0;1;30mnote: [0mcandidate template ignored: could not match 'sub_match' against 'Tuple'[0m
operator==(const sub_match<_BiIter>& __x,
[0;1;32m^
[0m[1m/Applications/Xcode.app/Contents/Developer/Platforms/MacOSX.platform/Developer/SDKs/MacOSX12.3.sdk/usr/include/c++/v1/regex:5177:1: [0m[0;1;30mnote: [0mcandidate template ignored: could not match 'sub_match' against 'Tuple'[0m
[1m/Applications/Xcode.app/Contents/Developer/Platforms/MacOSX.platform/Developer/SDKs/MacOSX12.3.sdk/usr/include/c++/v1/regex:5231:1: [0m[0;1;30mnote: [0mcandidate template ignored: could not match 'sub_match' against 'Tuple'[0m
operator==(typename iterator_traits<_BiIter>::value_type const& __x,
[0;1;32m^
[0m[1m/Applications/Xcode.app/Contents/Developer/Platforms/MacOSX.platform/Developer/SDKs/MacOSX12.3.sdk/usr/include/c++/v1/regex:5231:1: [0m[0;1;30mnote: [0mcandidate template ignored: could not match 'sub_match' against 'Tuple'[0m
[1m/Applications/Xcode.app/Contents/Developer/Platforms/MacOSX.platform/Developer/SDKs/MacOSX12.3.sdk/usr/include/c++/v1/regex:5287:1: [0m[0;1;30mnote: [0mcandidate template ignored: could not match 'sub_match' against 'Tuple'[0m
operator==(const sub_match<_BiIter>& __x,
[0;1;32m^
[0m[1m/Applications/Xcode.app/Contents/Developer/Platforms/MacOSX.platform/Developer/SDKs/MacOSX12.3.sdk/usr/include/c++/v1/regex:5287:1: [0m[0;1;30mnote: [0mcandidate template ignored: could not match 'sub_match' against 'Tuple'[0m
[1m/Applications/Xcode.app/Contents/Developer/Platforms/MacOSX.platform/Developer/SDKs/MacOSX12.3.sdk/usr/include/c++/v1/regex:5690:1: [0m[0;1;30mnote: [0mcandidate template ignored: could not match 'match_results' against 'Tuple'[0m
operator==(const match_results<_BidirectionalIterator, _Allocator>& __x,
[0;1;32m^
[0m[1m/Applications/Xcode.app/Contents/Developer/Platforms/MacOSX.platform/Developer/SDKs/MacOSX12.3.sdk/usr/include/c++/v1/array:370:1: [0m[0;1;30mnote: [0mcandidate template ignored: could not match 'array' against 'Tuple'[0m
operator==(const array<_Tp, _Size>& __x, const array<_Tp, _Size>& __y)
[0;1;32m^
[0m[1m/Users/gera/cpp-2022-sudo-gera/CppLanguage/tasks/tuple/test_tuple.cpp:73:16: [0m[0;1;31merror: [0m[1minvalid operands to binary expression ('Tuple<int, std::string, std::string, std::string>' (aka 'Tuple<int, basic_string<char, char_traits<char>, allocator<char>>, basic_string<char, char_traits<char>, allocator<char>>, basic_string<char, char_traits<char>, allocator<char>>>') and 'Tuple<int, std::string, std::string, std::string>' (aka 'Tuple<int, basic_string<char, char_traits<char>, allocator<char>>, basic_string<char, char_traits<char>, allocator<char>>, basic_string<char, char_traits<char>, allocator<char>>>'))[0m
    REQUIRE(t1 <= t3);
[0;1;32m            ~~ ^  ~~
[0m[1m/Users/gera/cpp-2022-sudo-gera/CppLanguage/./catch.hpp:17666:90: [0m[0;1;30mnote: [0mexpanded from macro 'REQUIRE'[0m
#define REQUIRE( ... ) INTERNAL_CATCH_TEST( "REQUIRE", Catch::ResultDisposition::Normal, __VA_ARGS__  )
[0;1;32m                                                                                         ^~~~~~~~~~~
[0m[1m/Users/gera/cpp-2022-sudo-gera/CppLanguage/./catch.hpp:2705:40: [0m[0;1;30mnote: [0mexpanded from macro 'INTERNAL_CATCH_TEST'[0m
        CATCH_INTERNAL_IGNORE_BUT_WARN(__VA_ARGS__); \
[0;1;32m                                       ^~~~~~~~~~~
[0m[1m/Users/gera/cpp-2022-sudo-gera/CppLanguage/./catch.hpp:165:76: [0m[0;1;30mnote: [0mexpanded from macro 'CATCH_INTERNAL_IGNORE_BUT_WARN'[0m
#    define CATCH_INTERNAL_IGNORE_BUT_WARN(...) (void)__builtin_constant_p(__VA_ARGS__) /* NOLINT(cppcoreguidelines-pro-type-vararg, hicpp-vararg) */
[0;1;32m                                                                           ^~~~~~~~~~~
[0m[1m/Applications/Xcode.app/Contents/Developer/Platforms/MacOSX.platform/Developer/SDKs/MacOSX12.3.sdk/usr/include/c++/v1/__variant/monostate.h:37:16: [0m[0;1;30mnote: [0mcandidate function not viable: no known conversion from 'Tuple<int, std::string, std::string, std::string>' (aka 'Tuple<int, basic_string<char, char_traits<char>, allocator<char>>, basic_string<char, char_traits<char>, allocator<char>>, basic_string<char, char_traits<char>, allocator<char>>>') to 'std::monostate' for 1st argument[0m
constexpr bool operator<=(monostate, monostate) noexcept { return true; }
[0;1;32m               ^
[0m[1m/Applications/Xcode.app/Contents/Developer/Platforms/MacOSX.platform/Developer/SDKs/MacOSX12.3.sdk/usr/include/c++/v1/__utility/pair.h:361:1: [0m[0;1;30mnote: [0mcandidate template ignored: could not match 'pair' against 'Tuple'[0m
operator<=(const pair<_T1,_T2>& __x, const pair<_T1,_T2>& __y)
[0;1;32m^
[0m[1m/Applications/Xcode.app/Contents/Developer/Platforms/MacOSX.platform/Developer/SDKs/MacOSX12.3.sdk/usr/include/c++/v1/__iterator/wrap_iter.h:247:6: [0m[0;1;30mnote: [0mcandidate template ignored: could not match '__wrap_iter' against 'Tuple'[0m
bool operator<=(const __wrap_iter<_Iter1>& __x, const __wrap_iter<_Iter1>& __y) _NOEXCEPT
[0;1;32m     ^
[0m[1m/Applications/Xcode.app/Contents/Developer/Platforms/MacOSX.platform/Developer/SDKs/MacOSX12.3.sdk/usr/include/c++/v1/__iterator/wrap_iter.h:254:6: [0m[0;1;30mnote: [0mcandidate template ignored: could not match '__wrap_iter' against 'Tuple'[0m
bool operator<=(const __wrap_iter<_Iter1>& __x, const __wrap_iter<_Iter2>& __y) _NOEXCEPT
[0;1;32m     ^
[0m[1m/Applications/Xcode.app/Contents/Developer/Platforms/MacOSX.platform/Developer/SDKs/MacOSX12.3.sdk/usr/include/c++/v1/tuple:1366:1: [0m[0;1;30mnote: [0mcandidate template ignored: could not match 'tuple' against 'Tuple'[0m
operator<=(const tuple<_Tp...>& __x, const tuple<_Up...>& __y)
[0;1;32m^
[0m[1m/Applications/Xcode.app/Contents/Developer/Platforms/MacOSX.platform/Developer/SDKs/MacOSX12.3.sdk/usr/include/c++/v1/__memory/unique_ptr.h:598:1: [0m[0;1;30mnote: [0mcandidate template ignored: could not match 'unique_ptr' against 'Tuple'[0m
operator<=(const unique_ptr<_T1, _D1>& __x, const unique_ptr<_T2, _D2>& __y) {return !(__y < __x);}
[0;1;32m^
[0m[1m/Applications/Xcode.app/Contents/Developer/Platforms/MacOSX.platform/Developer/SDKs/MacOSX12.3.sdk/usr/include/c++/v1/__memory/unique_ptr.h:674:1: [0m[0;1;30mnote: [0mcandidate template ignored: could not match 'unique_ptr' against 'Tuple'[0m
operator<=(const unique_ptr<_T1, _D1>& __x, nullptr_t)
[0;1;32m^
[0m[1m/Applications/Xcode.app/Contents/Developer/Platforms/MacOSX.platform/Developer/SDKs/MacOSX12.3.sdk/usr/include/c++/v1/__memory/unique_ptr.h:682:1: [0m[0;1;30mnote: [0mcandidate template ignored: could not match 'unique_ptr' against 'Tuple'[0m
operator<=(nullptr_t, const unique_ptr<_T1, _D1>& __x)
[0;1;32m^
[0m[1m/Applications/Xcode.app/Contents/Developer/Platforms/MacOSX.platform/Developer/SDKs/MacOSX12.3.sdk/usr/include/c++/v1/__memory/shared_ptr.h:1159:1: [0m[0;1;30mnote: [0mcandidate template ignored: could not match 'shared_ptr' against 'Tuple'[0m
operator<=(const shared_ptr<_Tp>& __x, const shared_ptr<_Up>& __y) _NOEXCEPT
[0;1;32m^
[0m[1m/Applications/Xcode.app/Contents/Developer/Platforms/MacOSX.platform/Developer/SDKs/MacOSX12.3.sdk/usr/include/c++/v1/__memory/shared_ptr.h:1239:1: [0m[0;1;30mnote: [0mcandidate template ignored: could not match 'shared_ptr' against 'Tuple'[0m
operator<=(const shared_ptr<_Tp>& __x, nullptr_t) _NOEXCEPT
[0;1;32m^
[0m[1m/Applications/Xcode.app/Contents/Developer/Platforms/MacOSX.platform/Developer/SDKs/MacOSX12.3.sdk/usr/include/c++/v1/__memory/shared_ptr.h:1247:1: [0m[0;1;30mnote: [0mcandidate template ignored: could not match 'shared_ptr' against 'Tuple'[0m
operator<=(nullptr_t, const shared_ptr<_Tp>& __x) _NOEXCEPT
[0;1;32m^
[0m[1m/Applications/Xcode.app/Contents/Developer/Platforms/MacOSX.platform/Developer/SDKs/MacOSX12.3.sdk/usr/include/c++/v1/variant:1658:16: [0m[0;1;30mnote: [0mcandidate template ignored: could not match 'variant' against 'Tuple'[0m
constexpr bool operator<=(const variant<_Types...>& __lhs,
[0;1;32m               ^
[0m[1m/Applications/Xcode.app/Contents/Developer/Platforms/MacOSX.platform/Developer/SDKs/MacOSX12.3.sdk/usr/include/c++/v1/__iterator/move_iterator.h:145:1: [0m[0;1;30mnote: [0mcandidate template ignored: could not match 'move_iterator' against 'Tuple'[0m
operator<=(const move_iterator<_Iter1>& __x, const move_iterator<_Iter2>& __y)
[0;1;32m^
[0m[1m/Applications/Xcode.app/Contents/Developer/Platforms/MacOSX.platform/Developer/SDKs/MacOSX12.3.sdk/usr/include/c++/v1/__iterator/reverse_iterator.h:194:1: [0m[0;1;30mnote: [0mcandidate template ignored: could not match 'reverse_iterator' against 'Tuple'[0m
operator<=(const reverse_iterator<_Iter1>& __x, const reverse_iterator<_Iter2>& __y)
[0;1;32m^
[0m[1m/Applications/Xcode.app/Contents/Developer/Platforms/MacOSX.platform/Developer/SDKs/MacOSX12.3.sdk/usr/include/c++/v1/string_view:789:6: [0m[0;1;30mnote: [0mcandidate template ignored: could not match 'basic_string_view' against 'Tuple'[0m
bool operator<=(basic_string_view<_CharT, _Traits> __lhs, basic_string_view<_CharT, _Traits> __rhs) _NOEXCEPT
[0;1;32m     ^
[0m[1m/Applications/Xcode.app/Contents/Developer/Platforms/MacOSX.platform/Developer/SDKs/MacOSX12.3.sdk/usr/include/c++/v1/string_view:796:6: [0m[0;1;30mnote: [0mcandidate template ignored: could not match 'basic_string_view' against 'Tuple'[0m
bool operator<=(basic_string_view<_CharT, _Traits> __lhs,
[0;1;32m     ^
[0m[1m/Applications/Xcode.app/Contents/Developer/Platforms/MacOSX.platform/Developer/SDKs/MacOSX12.3.sdk/usr/include/c++/v1/string_view:804:6: [0m[0;1;30mnote: [0mcandidate template ignored: could not match 'basic_string_view' against 'Tuple'[0m
bool operator<=(typename common_type<basic_string_view<_CharT, _Traits> >::type __lhs,
[0;1;32m     ^
[0m[1m/Applications/Xcode.app/Contents/Developer/Platforms/MacOSX.platform/Developer/SDKs/MacOSX12.3.sdk/usr/include/c++/v1/string:4212:1: [0m[0;1;30mnote: [0mcandidate template ignored: could not match 'basic_string' against 'Tuple'[0m
operator<=(const basic_string<_CharT, _Traits, _Allocator>& __lhs,
[0;1;32m^
[0m[1m/Applications/Xcode.app/Contents/Developer/Platforms/MacOSX.platform/Developer/SDKs/MacOSX12.3.sdk/usr/include/c++/v1/string:4221:1: [0m[0;1;30mnote: [0mcandidate template ignored: could not match 'basic_string' against 'Tuple'[0m
operator<=(const basic_string<_CharT, _Traits, _Allocator>& __lhs,
[0;1;32m^
[0m[1m/Applications/Xcode.app/Contents/Developer/Platforms/MacOSX.platform/Developer/SDKs/MacOSX12.3.sdk/usr/include/c++/v1/string:4230:1: [0m[0;1;30mnote: [0mcandidate template ignored: could not match 'const _CharT *' against 'Tuple<int, std::string, std::string, std::string>' (aka 'Tuple<int, basic_string<char, char_traits<char>, allocator<char>>, basic_string<char, char_traits<char>, allocator<char>>, basic_string<char, char_traits<char>, allocator<char>>>')[0m
operator<=(const _CharT* __lhs,
[0;1;32m^
[0m[1m/Applications/Xcode.app/Contents/Developer/Platforms/MacOSX.platform/Developer/SDKs/MacOSX12.3.sdk/usr/include/c++/v1/vector:3400:1: [0m[0;1;30mnote: [0mcandidate template ignored: could not match 'vector' against 'Tuple'[0m
operator<=(const vector<_Tp, _Allocator>& __x, const vector<_Tp, _Allocator>& __y)
[0;1;32m^
[0m[1m/Applications/Xcode.app/Contents/Developer/Platforms/MacOSX.platform/Developer/SDKs/MacOSX12.3.sdk/usr/include/c++/v1/optional:1105:1: [0m[0;1;30mnote: [0mcandidate template ignored: could not match 'optional' against 'Tuple'[0m
operator<=(const optional<_Tp>& __x, const optional<_Up>& __y)
[0;1;32m^
[0m[1m/Applications/Xcode.app/Contents/Developer/Platforms/MacOSX.platform/Developer/SDKs/MacOSX12.3.sdk/usr/include/c++/v1/optional:1182:1: [0m[0;1;30mnote: [0mcandidate template ignored: could not match 'optional' against 'Tuple'[0m
operator<=(const optional<_Tp>& __x, nullopt_t) noexcept
[0;1;32m^
[0m[1m/Applications/Xcode.app/Contents/Developer/Platforms/MacOSX.platform/Developer/SDKs/MacOSX12.3.sdk/usr/include/c++/v1/optional:1190:1: [0m[0;1;30mnote: [0mcandidate template ignored: could not match 'optional' against 'Tuple'[0m
operator<=(nullopt_t, const optional<_Tp>&) noexcept
[0;1;32m^
[0m[1m/Applications/Xcode.app/Contents/Developer/Platforms/MacOSX.platform/Developer/SDKs/MacOSX12.3.sdk/usr/include/c++/v1/optional:1307:1: [0m[0;1;30mnote: [0mcandidate template ignored: could not match 'optional' against 'Tuple'[0m
operator<=(const optional<_Tp>& __x, const _Up& __v)
[0;1;32m^
[0m[1m/Applications/Xcode.app/Contents/Developer/Platforms/MacOSX.platform/Developer/SDKs/MacOSX12.3.sdk/usr/include/c++/v1/optional:1319:1: [0m[0;1;30mnote: [0mcandidate template ignored: could not match 'optional' against 'Tuple'[0m
operator<=(const _Tp& __v, const optional<_Up>& __x)
[0;1;32m^
[0m[1m/Applications/Xcode.app/Contents/Developer/Platforms/MacOSX.platform/Developer/SDKs/MacOSX12.3.sdk/usr/include/c++/v1/map:1670:1: [0m[0;1;30mnote: [0mcandidate template ignored: could not match 'map' against 'Tuple'[0m
operator<=(const map<_Key, _Tp, _Compare, _Allocator>& __x,
[0;1;32m^
[0m[1m/Applications/Xcode.app/Contents/Developer/Platforms/MacOSX.platform/Developer/SDKs/MacOSX12.3.sdk/usr/include/c++/v1/map:2268:1: [0m[0;1;30mnote: [0mcandidate template ignored: could not match 'multimap' against 'Tuple'[0m
operator<=(const multimap<_Key, _Tp, _Compare, _Allocator>& __x,
[0;1;32m^
[0m[1m/Applications/Xcode.app/Contents/Developer/Platforms/MacOSX.platform/Developer/SDKs/MacOSX12.3.sdk/usr/include/c++/v1/set:963:1: [0m[0;1;30mnote: [0mcandidate template ignored: could not match 'set' against 'Tuple'[0m
operator<=(const set<_Key, _Compare, _Allocator>& __x,
[0;1;32m^
[0m[1m/Applications/Xcode.app/Contents/Developer/Platforms/MacOSX.platform/Developer/SDKs/MacOSX12.3.sdk/usr/include/c++/v1/set:1494:1: [0m[0;1;30mnote: [0mcandidate template ignored: could not match 'multiset' against 'Tuple'[0m
operator<=(const multiset<_Key, _Compare, _Allocator>& __x,
[0;1;32m^
[0m[1m/Applications/Xcode.app/Contents/Developer/Platforms/MacOSX.platform/Developer/SDKs/MacOSX12.3.sdk/usr/include/c++/v1/deque:3014:1: [0m[0;1;30mnote: [0mcandidate template ignored: could not match 'deque' against 'Tuple'[0m
operator<=(const deque<_Tp, _Allocator>& __x, const deque<_Tp, _Allocator>& __y)
[0;1;32m^
[0m[1m/Applications/Xcode.app/Contents/Developer/Platforms/MacOSX.platform/Developer/SDKs/MacOSX12.3.sdk/usr/include/c++/v1/stack:293:1: [0m[0;1;30mnote: [0mcandidate template ignored: could not match 'stack' against 'Tuple'[0m
operator<=(const stack<_Tp, _Container>& __x, const stack<_Tp, _Container>& __y)
[0;1;32m^
[0m[1m/Applications/Xcode.app/Contents/Developer/Platforms/MacOSX.platform/Developer/SDKs/MacOSX12.3.sdk/usr/include/c++/v1/regex:4993:1: [0m[0;1;30mnote: [0mcandidate template ignored: could not match 'sub_match' against 'Tuple'[0m
operator<=(const sub_match<_BiIter>& __x, const sub_match<_BiIter>& __y)
[0;1;32m^
[0m[1m/Applications/Xcode.app/Contents/Developer/Platforms/MacOSX.platform/Developer/SDKs/MacOSX12.3.sdk/usr/include/c++/v1/regex:5061:1: [0m[0;1;30mnote: [0mcandidate template ignored: could not match 'basic_string' against 'Tuple'[0m
operator<=(const basic_string<typename iterator_traits<_BiIter>::value_type, _ST, _SA>& __x,
[0;1;32m^
[0m[1m/Applications/Xcode.app/Contents/Developer/Platforms/MacOSX.platform/Developer/SDKs/MacOSX12.3.sdk/usr/include/c++/v1/regex:5114:1: [0m[0;1;30mnote: [0mcandidate template ignored: could not match 'sub_match' against 'Tuple'[0m
operator<=(const sub_match<_BiIter>& __x,
[0;1;32m^
[0m[1m/Applications/Xcode.app/Contents/Developer/Platforms/MacOSX.platform/Developer/SDKs/MacOSX12.3.sdk/usr/include/c++/v1/regex:5168:1: [0m[0;1;30mnote: [0mcandidate template ignored: could not match 'sub_match' against 'Tuple'[0m
operator<=(typename iterator_traits<_BiIter>::value_type const* __x,
[0;1;32m^
[0m[1m/Applications/Xcode.app/Contents/Developer/Platforms/MacOSX.platform/Developer/SDKs/MacOSX12.3.sdk/usr/include/c++/v1/regex:5222:1: [0m[0;1;30mnote: [0mcandidate template ignored: could not match 'sub_match' against 'Tuple'[0m
operator<=(const sub_match<_BiIter>& __x,
[0;1;32m^
[0m[1m/Applications/Xcode.app/Contents/Developer/Platforms/MacOSX.platform/Developer/SDKs/MacOSX12.3.sdk/usr/include/c++/v1/regex:5278:1: [0m[0;1;30mnote: [0mcandidate template ignored: could not match 'sub_match' against 'Tuple'[0m
operator<=(typename iterator_traits<_BiIter>::value_type const& __x,
[0;1;32m^
[0m[1m/Applications/Xcode.app/Contents/Developer/Platforms/MacOSX.platform/Developer/SDKs/MacOSX12.3.sdk/usr/include/c++/v1/regex:5334:1: [0m[0;1;30mnote: [0mcandidate template ignored: could not match 'sub_match' against 'Tuple'[0m
operator<=(const sub_match<_BiIter>& __x,
[0;1;32m^
[0m[1m/Applications/Xcode.app/Contents/Developer/Platforms/MacOSX.platform/Developer/SDKs/MacOSX12.3.sdk/usr/include/c++/v1/array:403:1: [0m[0;1;30mnote: [0mcandidate template ignored: could not match 'array' against 'Tuple'[0m
operator<=(const array<_Tp, _Size>& __x, const array<_Tp, _Size>& __y)
[0;1;32m^
[0m[1m/Users/gera/cpp-2022-sudo-gera/CppLanguage/tasks/tuple/test_tuple.cpp:73:16: [0m[0;1;31merror: [0m[1minvalid operands to binary expression ('Tuple<int, std::string, std::string, std::string>' (aka 'Tuple<int, basic_string<char, char_traits<char>, allocator<char>>, basic_string<char, char_traits<char>, allocator<char>>, basic_string<char, char_traits<char>, allocator<char>>>') and 'Tuple<int, std::string, std::string, std::string>' (aka 'Tuple<int, basic_string<char, char_traits<char>, allocator<char>>, basic_string<char, char_traits<char>, allocator<char>>, basic_string<char, char_traits<char>, allocator<char>>>'))[0m
    REQUIRE(t1 <= t3);
[0;1;32m            ~~ ^  ~~
[0m[1m/Users/gera/cpp-2022-sudo-gera/CppLanguage/./catch.hpp:17666:90: [0m[0;1;30mnote: [0mexpanded from macro 'REQUIRE'[0m
#define REQUIRE( ... ) INTERNAL_CATCH_TEST( "REQUIRE", Catch::ResultDisposition::Normal, __VA_ARGS__  )
[0;1;32m                                                                                         ^~~~~~~~~~~
[0m[1m/Users/gera/cpp-2022-sudo-gera/CppLanguage/./catch.hpp:2714:56: [0m[0;1;30mnote: [0mexpanded from macro 'INTERNAL_CATCH_TEST'[0m
    } while( (void)0, (false) && static_cast<bool>( !!(__VA_ARGS__) ) )
[0;1;32m                                                       ^~~~~~~~~~~
[0m[1m/Applications/Xcode.app/Contents/Developer/Platforms/MacOSX.platform/Developer/SDKs/MacOSX12.3.sdk/usr/include/c++/v1/__variant/monostate.h:37:16: [0m[0;1;30mnote: [0mcandidate function not viable: no known conversion from 'Tuple<int, std::string, std::string, std::string>' (aka 'Tuple<int, basic_string<char, char_traits<char>, allocator<char>>, basic_string<char, char_traits<char>, allocator<char>>, basic_string<char, char_traits<char>, allocator<char>>>') to 'std::monostate' for 1st argument[0m
constexpr bool operator<=(monostate, monostate) noexcept { return true; }
[0;1;32m               ^
[0m[1m/Applications/Xcode.app/Contents/Developer/Platforms/MacOSX.platform/Developer/SDKs/MacOSX12.3.sdk/usr/include/c++/v1/__utility/pair.h:361:1: [0m[0;1;30mnote: [0mcandidate template ignored: could not match 'pair' against 'Tuple'[0m
operator<=(const pair<_T1,_T2>& __x, const pair<_T1,_T2>& __y)
[0;1;32m^
[0m[1m/Applications/Xcode.app/Contents/Developer/Platforms/MacOSX.platform/Developer/SDKs/MacOSX12.3.sdk/usr/include/c++/v1/__iterator/wrap_iter.h:247:6: [0m[0;1;30mnote: [0mcandidate template ignored: could not match '__wrap_iter' against 'Tuple'[0m
bool operator<=(const __wrap_iter<_Iter1>& __x, const __wrap_iter<_Iter1>& __y) _NOEXCEPT
[0;1;32m     ^
[0m[1m/Applications/Xcode.app/Contents/Developer/Platforms/MacOSX.platform/Developer/SDKs/MacOSX12.3.sdk/usr/include/c++/v1/__iterator/wrap_iter.h:254:6: [0m[0;1;30mnote: [0mcandidate template ignored: could not match '__wrap_iter' against 'Tuple'[0m
bool operator<=(const __wrap_iter<_Iter1>& __x, const __wrap_iter<_Iter2>& __y) _NOEXCEPT
[0;1;32m     ^
[0m[1m/Applications/Xcode.app/Contents/Developer/Platforms/MacOSX.platform/Developer/SDKs/MacOSX12.3.sdk/usr/include/c++/v1/tuple:1366:1: [0m[0;1;30mnote: [0mcandidate template ignored: could not match 'tuple' against 'Tuple'[0m
operator<=(const tuple<_Tp...>& __x, const tuple<_Up...>& __y)
[0;1;32m^
[0m[1m/Applications/Xcode.app/Contents/Developer/Platforms/MacOSX.platform/Developer/SDKs/MacOSX12.3.sdk/usr/include/c++/v1/__memory/unique_ptr.h:598:1: [0m[0;1;30mnote: [0mcandidate template ignored: could not match 'unique_ptr' against 'Tuple'[0m
operator<=(const unique_ptr<_T1, _D1>& __x, const unique_ptr<_T2, _D2>& __y) {return !(__y < __x);}
[0;1;32m^
[0m[1m/Applications/Xcode.app/Contents/Developer/Platforms/MacOSX.platform/Developer/SDKs/MacOSX12.3.sdk/usr/include/c++/v1/__memory/unique_ptr.h:674:1: [0m[0;1;30mnote: [0mcandidate template ignored: could not match 'unique_ptr' against 'Tuple'[0m
operator<=(const unique_ptr<_T1, _D1>& __x, nullptr_t)
[0;1;32m^
[0m[1m/Applications/Xcode.app/Contents/Developer/Platforms/MacOSX.platform/Developer/SDKs/MacOSX12.3.sdk/usr/include/c++/v1/__memory/unique_ptr.h:682:1: [0m[0;1;30mnote: [0mcandidate template ignored: could not match 'unique_ptr' against 'Tuple'[0m
operator<=(nullptr_t, const unique_ptr<_T1, _D1>& __x)
[0;1;32m^
[0m[1m/Applications/Xcode.app/Contents/Developer/Platforms/MacOSX.platform/Developer/SDKs/MacOSX12.3.sdk/usr/include/c++/v1/__memory/shared_ptr.h:1159:1: [0m[0;1;30mnote: [0mcandidate template ignored: could not match 'shared_ptr' against 'Tuple'[0m
operator<=(const shared_ptr<_Tp>& __x, const shared_ptr<_Up>& __y) _NOEXCEPT
[0;1;32m^
[0m[1m/Applications/Xcode.app/Contents/Developer/Platforms/MacOSX.platform/Developer/SDKs/MacOSX12.3.sdk/usr/include/c++/v1/__memory/shared_ptr.h:1239:1: [0m[0;1;30mnote: [0mcandidate template ignored: could not match 'shared_ptr' against 'Tuple'[0m
operator<=(const shared_ptr<_Tp>& __x, nullptr_t) _NOEXCEPT
[0;1;32m^
[0m[1m/Applications/Xcode.app/Contents/Developer/Platforms/MacOSX.platform/Developer/SDKs/MacOSX12.3.sdk/usr/include/c++/v1/__memory/shared_ptr.h:1247:1: [0m[0;1;30mnote: [0mcandidate template ignored: could not match 'shared_ptr' against 'Tuple'[0m
operator<=(nullptr_t, const shared_ptr<_Tp>& __x) _NOEXCEPT
[0;1;32m^
[0m[1m/Applications/Xcode.app/Contents/Developer/Platforms/MacOSX.platform/Developer/SDKs/MacOSX12.3.sdk/usr/include/c++/v1/variant:1658:16: [0m[0;1;30mnote: [0mcandidate template ignored: could not match 'variant' against 'Tuple'[0m
constexpr bool operator<=(const variant<_Types...>& __lhs,
[0;1;32m               ^
[0m[1m/Applications/Xcode.app/Contents/Developer/Platforms/MacOSX.platform/Developer/SDKs/MacOSX12.3.sdk/usr/include/c++/v1/__iterator/move_iterator.h:145:1: [0m[0;1;30mnote: [0mcandidate template ignored: could not match 'move_iterator' against 'Tuple'[0m
operator<=(const move_iterator<_Iter1>& __x, const move_iterator<_Iter2>& __y)
[0;1;32m^
[0m[1m/Applications/Xcode.app/Contents/Developer/Platforms/MacOSX.platform/Developer/SDKs/MacOSX12.3.sdk/usr/include/c++/v1/__iterator/reverse_iterator.h:194:1: [0m[0;1;30mnote: [0mcandidate template ignored: could not match 'reverse_iterator' against 'Tuple'[0m
operator<=(const reverse_iterator<_Iter1>& __x, const reverse_iterator<_Iter2>& __y)
[0;1;32m^
[0m[1m/Applications/Xcode.app/Contents/Developer/Platforms/MacOSX.platform/Developer/SDKs/MacOSX12.3.sdk/usr/include/c++/v1/string_view:789:6: [0m[0;1;30mnote: [0mcandidate template ignored: could not match 'basic_string_view' against 'Tuple'[0m
bool operator<=(basic_string_view<_CharT, _Traits> __lhs, basic_string_view<_CharT, _Traits> __rhs) _NOEXCEPT
[0;1;32m     ^
[0m[1m/Applications/Xcode.app/Contents/Developer/Platforms/MacOSX.platform/Developer/SDKs/MacOSX12.3.sdk/usr/include/c++/v1/string_view:796:6: [0m[0;1;30mnote: [0mcandidate template ignored: could not match 'basic_string_view' against 'Tuple'[0m
bool operator<=(basic_string_view<_CharT, _Traits> __lhs,
[0;1;32m     ^
[0m[1m/Applications/Xcode.app/Contents/Developer/Platforms/MacOSX.platform/Developer/SDKs/MacOSX12.3.sdk/usr/include/c++/v1/string_view:804:6: [0m[0;1;30mnote: [0mcandidate template ignored: could not match 'basic_string_view' against 'Tuple'[0m
bool operator<=(typename common_type<basic_string_view<_CharT, _Traits> >::type __lhs,
[0;1;32m     ^
[0m[1m/Applications/Xcode.app/Contents/Developer/Platforms/MacOSX.platform/Developer/SDKs/MacOSX12.3.sdk/usr/include/c++/v1/string:4212:1: [0m[0;1;30mnote: [0mcandidate template ignored: could not match 'basic_string' against 'Tuple'[0m
operator<=(const basic_string<_CharT, _Traits, _Allocator>& __lhs,
[0;1;32m^
[0m[1m/Applications/Xcode.app/Contents/Developer/Platforms/MacOSX.platform/Developer/SDKs/MacOSX12.3.sdk/usr/include/c++/v1/string:4221:1: [0m[0;1;30mnote: [0mcandidate template ignored: could not match 'basic_string' against 'Tuple'[0m
operator<=(const basic_string<_CharT, _Traits, _Allocator>& __lhs,
[0;1;32m^
[0m[1m/Applications/Xcode.app/Contents/Developer/Platforms/MacOSX.platform/Developer/SDKs/MacOSX12.3.sdk/usr/include/c++/v1/string:4230:1: [0m[0;1;30mnote: [0mcandidate template ignored: could not match 'const _CharT *' against 'Tuple<int, std::string, std::string, std::string>' (aka 'Tuple<int, basic_string<char, char_traits<char>, allocator<char>>, basic_string<char, char_traits<char>, allocator<char>>, basic_string<char, char_traits<char>, allocator<char>>>')[0m
operator<=(const _CharT* __lhs,
[0;1;32m^
[0m[1m/Applications/Xcode.app/Contents/Developer/Platforms/MacOSX.platform/Developer/SDKs/MacOSX12.3.sdk/usr/include/c++/v1/vector:3400:1: [0m[0;1;30mnote: [0mcandidate template ignored: could not match 'vector' against 'Tuple'[0m
operator<=(const vector<_Tp, _Allocator>& __x, const vector<_Tp, _Allocator>& __y)
[0;1;32m^
[0m[1m/Applications/Xcode.app/Contents/Developer/Platforms/MacOSX.platform/Developer/SDKs/MacOSX12.3.sdk/usr/include/c++/v1/optional:1105:1: [0m[0;1;30mnote: [0mcandidate template ignored: could not match 'optional' against 'Tuple'[0m
operator<=(const optional<_Tp>& __x, const optional<_Up>& __y)
[0;1;32m^
[0m[1m/Applications/Xcode.app/Contents/Developer/Platforms/MacOSX.platform/Developer/SDKs/MacOSX12.3.sdk/usr/include/c++/v1/optional:1182:1: [0m[0;1;30mnote: [0mcandidate template ignored: could not match 'optional' against 'Tuple'[0m
operator<=(const optional<_Tp>& __x, nullopt_t) noexcept
[0;1;32m^
[0m[1m/Applications/Xcode.app/Contents/Developer/Platforms/MacOSX.platform/Developer/SDKs/MacOSX12.3.sdk/usr/include/c++/v1/optional:1190:1: [0m[0;1;30mnote: [0mcandidate template ignored: could not match 'optional' against 'Tuple'[0m
operator<=(nullopt_t, const optional<_Tp>&) noexcept
[0;1;32m^
[0m[1m/Applications/Xcode.app/Contents/Developer/Platforms/MacOSX.platform/Developer/SDKs/MacOSX12.3.sdk/usr/include/c++/v1/optional:1307:1: [0m[0;1;30mnote: [0mcandidate template ignored: could not match 'optional' against 'Tuple'[0m
operator<=(const optional<_Tp>& __x, const _Up& __v)
[0;1;32m^
[0m[1m/Applications/Xcode.app/Contents/Developer/Platforms/MacOSX.platform/Developer/SDKs/MacOSX12.3.sdk/usr/include/c++/v1/optional:1319:1: [0m[0;1;30mnote: [0mcandidate template ignored: could not match 'optional' against 'Tuple'[0m
operator<=(const _Tp& __v, const optional<_Up>& __x)
[0;1;32m^
[0m[1m/Applications/Xcode.app/Contents/Developer/Platforms/MacOSX.platform/Developer/SDKs/MacOSX12.3.sdk/usr/include/c++/v1/map:1670:1: [0m[0;1;30mnote: [0mcandidate template ignored: could not match 'map' against 'Tuple'[0m
operator<=(const map<_Key, _Tp, _Compare, _Allocator>& __x,
[0;1;32m^
[0m[1m/Applications/Xcode.app/Contents/Developer/Platforms/MacOSX.platform/Developer/SDKs/MacOSX12.3.sdk/usr/include/c++/v1/map:2268:1: [0m[0;1;30mnote: [0mcandidate template ignored: could not match 'multimap' against 'Tuple'[0m
operator<=(const multimap<_Key, _Tp, _Compare, _Allocator>& __x,
[0;1;32m^
[0m[1m/Applications/Xcode.app/Contents/Developer/Platforms/MacOSX.platform/Developer/SDKs/MacOSX12.3.sdk/usr/include/c++/v1/set:963:1: [0m[0;1;30mnote: [0mcandidate template ignored: could not match 'set' against 'Tuple'[0m
operator<=(const set<_Key, _Compare, _Allocator>& __x,
[0;1;32m^
[0m[1m/Applications/Xcode.app/Contents/Developer/Platforms/MacOSX.platform/Developer/SDKs/MacOSX12.3.sdk/usr/include/c++/v1/set:1494:1: [0m[0;1;30mnote: [0mcandidate template ignored: could not match 'multiset' against 'Tuple'[0m
operator<=(const multiset<_Key, _Compare, _Allocator>& __x,
[0;1;32m^
[0m[1m/Applications/Xcode.app/Contents/Developer/Platforms/MacOSX.platform/Developer/SDKs/MacOSX12.3.sdk/usr/include/c++/v1/deque:3014:1: [0m[0;1;30mnote: [0mcandidate template ignored: could not match 'deque' against 'Tuple'[0m
operator<=(const deque<_Tp, _Allocator>& __x, const deque<_Tp, _Allocator>& __y)
[0;1;32m^
[0m[1m/Applications/Xcode.app/Contents/Developer/Platforms/MacOSX.platform/Developer/SDKs/MacOSX12.3.sdk/usr/include/c++/v1/stack:293:1: [0m[0;1;30mnote: [0mcandidate template ignored: could not match 'stack' against 'Tuple'[0m
operator<=(const stack<_Tp, _Container>& __x, const stack<_Tp, _Container>& __y)
[0;1;32m^
[0m[1m/Applications/Xcode.app/Contents/Developer/Platforms/MacOSX.platform/Developer/SDKs/MacOSX12.3.sdk/usr/include/c++/v1/regex:4993:1: [0m[0;1;30mnote: [0mcandidate template ignored: could not match 'sub_match' against 'Tuple'[0m
operator<=(const sub_match<_BiIter>& __x, const sub_match<_BiIter>& __y)
[0;1;32m^
[0m[1m/Applications/Xcode.app/Contents/Developer/Platforms/MacOSX.platform/Developer/SDKs/MacOSX12.3.sdk/usr/include/c++/v1/regex:5061:1: [0m[0;1;30mnote: [0mcandidate template ignored: could not match 'basic_string' against 'Tuple'[0m
operator<=(const basic_string<typename iterator_traits<_BiIter>::value_type, _ST, _SA>& __x,
[0;1;32m^
[0m[1m/Applications/Xcode.app/Contents/Developer/Platforms/MacOSX.platform/Developer/SDKs/MacOSX12.3.sdk/usr/include/c++/v1/regex:5114:1: [0m[0;1;30mnote: [0mcandidate template ignored: could not match 'sub_match' against 'Tuple'[0m
operator<=(const sub_match<_BiIter>& __x,
[0;1;32m^
[0m[1m/Applications/Xcode.app/Contents/Developer/Platforms/MacOSX.platform/Developer/SDKs/MacOSX12.3.sdk/usr/include/c++/v1/regex:5168:1: [0m[0;1;30mnote: [0mcandidate template ignored: could not match 'sub_match' against 'Tuple'[0m
operator<=(typename iterator_traits<_BiIter>::value_type const* __x,
[0;1;32m^
[0m[1m/Applications/Xcode.app/Contents/Developer/Platforms/MacOSX.platform/Developer/SDKs/MacOSX12.3.sdk/usr/include/c++/v1/regex:5222:1: [0m[0;1;30mnote: [0mcandidate template ignored: could not match 'sub_match' against 'Tuple'[0m
operator<=(const sub_match<_BiIter>& __x,
[0;1;32m^
[0m[1m/Applications/Xcode.app/Contents/Developer/Platforms/MacOSX.platform/Developer/SDKs/MacOSX12.3.sdk/usr/include/c++/v1/regex:5278:1: [0m[0;1;30mnote: [0mcandidate template ignored: could not match 'sub_match' against 'Tuple'[0m
operator<=(typename iterator_traits<_BiIter>::value_type const& __x,
[0;1;32m^
[0m[1m/Applications/Xcode.app/Contents/Developer/Platforms/MacOSX.platform/Developer/SDKs/MacOSX12.3.sdk/usr/include/c++/v1/regex:5334:1: [0m[0;1;30mnote: [0mcandidate template ignored: could not match 'sub_match' against 'Tuple'[0m
operator<=(const sub_match<_BiIter>& __x,
[0;1;32m^
[0m[1m/Applications/Xcode.app/Contents/Developer/Platforms/MacOSX.platform/Developer/SDKs/MacOSX12.3.sdk/usr/include/c++/v1/array:403:1: [0m[0;1;30mnote: [0mcandidate template ignored: could not match 'array' against 'Tuple'[0m
operator<=(const array<_Tp, _Size>& __x, const array<_Tp, _Size>& __y)
[0;1;32m^
[0m[1m/Users/gera/cpp-2022-sudo-gera/CppLanguage/tasks/tuple/test_tuple.cpp:74:16: [0m[0;1;31merror: [0m[1minvalid operands to binary expression ('Tuple<int, std::string, std::string, std::string>' (aka 'Tuple<int, basic_string<char, char_traits<char>, allocator<char>>, basic_string<char, char_traits<char>, allocator<char>>, basic_string<char, char_traits<char>, allocator<char>>>') and 'Tuple<int, std::string, std::string, std::string>')[0m
    REQUIRE(t1 <= t2);
[0;1;32m            ~~ ^  ~~
[0m[1m/Users/gera/cpp-2022-sudo-gera/CppLanguage/./catch.hpp:17666:90: [0m[0;1;30mnote: [0mexpanded from macro 'REQUIRE'[0m
#define REQUIRE( ... ) INTERNAL_CATCH_TEST( "REQUIRE", Catch::ResultDisposition::Normal, __VA_ARGS__  )
[0;1;32m                                                                                         ^~~~~~~~~~~
[0m[1m/Users/gera/cpp-2022-sudo-gera/CppLanguage/./catch.hpp:2705:40: [0m[0;1;30mnote: [0mexpanded from macro 'INTERNAL_CATCH_TEST'[0m
        CATCH_INTERNAL_IGNORE_BUT_WARN(__VA_ARGS__); \
[0;1;32m                                       ^~~~~~~~~~~
[0m[1m/Users/gera/cpp-2022-sudo-gera/CppLanguage/./catch.hpp:165:76: [0m[0;1;30mnote: [0mexpanded from macro 'CATCH_INTERNAL_IGNORE_BUT_WARN'[0m
#    define CATCH_INTERNAL_IGNORE_BUT_WARN(...) (void)__builtin_constant_p(__VA_ARGS__) /* NOLINT(cppcoreguidelines-pro-type-vararg, hicpp-vararg) */
[0;1;32m                                                                           ^~~~~~~~~~~
[0m[1m/Applications/Xcode.app/Contents/Developer/Platforms/MacOSX.platform/Developer/SDKs/MacOSX12.3.sdk/usr/include/c++/v1/__variant/monostate.h:37:16: [0m[0;1;30mnote: [0mcandidate function not viable: no known conversion from 'Tuple<int, std::string, std::string, std::string>' (aka 'Tuple<int, basic_string<char, char_traits<char>, allocator<char>>, basic_string<char, char_traits<char>, allocator<char>>, basic_string<char, char_traits<char>, allocator<char>>>') to 'std::monostate' for 1st argument[0m
constexpr bool operator<=(monostate, monostate) noexcept { return true; }
[0;1;32m               ^
[0m[1m/Applications/Xcode.app/Contents/Developer/Platforms/MacOSX.platform/Developer/SDKs/MacOSX12.3.sdk/usr/include/c++/v1/__utility/pair.h:361:1: [0m[0;1;30mnote: [0mcandidate template ignored: could not match 'pair' against 'Tuple'[0m
operator<=(const pair<_T1,_T2>& __x, const pair<_T1,_T2>& __y)
[0;1;32m^
[0m[1m/Applications/Xcode.app/Contents/Developer/Platforms/MacOSX.platform/Developer/SDKs/MacOSX12.3.sdk/usr/include/c++/v1/__iterator/wrap_iter.h:247:6: [0m[0;1;30mnote: [0mcandidate template ignored: could not match '__wrap_iter' against 'Tuple'[0m
bool operator<=(const __wrap_iter<_Iter1>& __x, const __wrap_iter<_Iter1>& __y) _NOEXCEPT
[0;1;32m     ^
[0m[1m/Applications/Xcode.app/Contents/Developer/Platforms/MacOSX.platform/Developer/SDKs/MacOSX12.3.sdk/usr/include/c++/v1/__iterator/wrap_iter.h:254:6: [0m[0;1;30mnote: [0mcandidate template ignored: could not match '__wrap_iter' against 'Tuple'[0m
bool operator<=(const __wrap_iter<_Iter1>& __x, const __wrap_iter<_Iter2>& __y) _NOEXCEPT
[0;1;32m     ^
[0m[1m/Applications/Xcode.app/Contents/Developer/Platforms/MacOSX.platform/Developer/SDKs/MacOSX12.3.sdk/usr/include/c++/v1/tuple:1366:1: [0m[0;1;30mnote: [0mcandidate template ignored: could not match 'tuple' against 'Tuple'[0m
operator<=(const tuple<_Tp...>& __x, const tuple<_Up...>& __y)
[0;1;32m^
[0m[1m/Applications/Xcode.app/Contents/Developer/Platforms/MacOSX.platform/Developer/SDKs/MacOSX12.3.sdk/usr/include/c++/v1/__memory/unique_ptr.h:598:1: [0m[0;1;30mnote: [0mcandidate template ignored: could not match 'unique_ptr' against 'Tuple'[0m
operator<=(const unique_ptr<_T1, _D1>& __x, const unique_ptr<_T2, _D2>& __y) {return !(__y < __x);}
[0;1;32m^
[0m[1m/Applications/Xcode.app/Contents/Developer/Platforms/MacOSX.platform/Developer/SDKs/MacOSX12.3.sdk/usr/include/c++/v1/__memory/unique_ptr.h:674:1: [0m[0;1;30mnote: [0mcandidate template ignored: could not match 'unique_ptr' against 'Tuple'[0m
operator<=(const unique_ptr<_T1, _D1>& __x, nullptr_t)
[0;1;32m^
[0m[1m/Applications/Xcode.app/Contents/Developer/Platforms/MacOSX.platform/Developer/SDKs/MacOSX12.3.sdk/usr/include/c++/v1/__memory/unique_ptr.h:682:1: [0m[0;1;30mnote: [0mcandidate template ignored: could not match 'unique_ptr' against 'Tuple'[0m
operator<=(nullptr_t, const unique_ptr<_T1, _D1>& __x)
[0;1;32m^
[0m[1m/Applications/Xcode.app/Contents/Developer/Platforms/MacOSX.platform/Developer/SDKs/MacOSX12.3.sdk/usr/include/c++/v1/__memory/shared_ptr.h:1159:1: [0m[0;1;30mnote: [0mcandidate template ignored: could not match 'shared_ptr' against 'Tuple'[0m
operator<=(const shared_ptr<_Tp>& __x, const shared_ptr<_Up>& __y) _NOEXCEPT
[0;1;32m^
[0m[1m/Applications/Xcode.app/Contents/Developer/Platforms/MacOSX.platform/Developer/SDKs/MacOSX12.3.sdk/usr/include/c++/v1/__memory/shared_ptr.h:1239:1: [0m[0;1;30mnote: [0mcandidate template ignored: could not match 'shared_ptr' against 'Tuple'[0m
operator<=(const shared_ptr<_Tp>& __x, nullptr_t) _NOEXCEPT
[0;1;32m^
[0m[1m/Applications/Xcode.app/Contents/Developer/Platforms/MacOSX.platform/Developer/SDKs/MacOSX12.3.sdk/usr/include/c++/v1/__memory/shared_ptr.h:1247:1: [0m[0;1;30mnote: [0mcandidate template ignored: could not match 'shared_ptr' against 'Tuple'[0m
operator<=(nullptr_t, const shared_ptr<_Tp>& __x) _NOEXCEPT
[0;1;32m^
[0m[1m/Applications/Xcode.app/Contents/Developer/Platforms/MacOSX.platform/Developer/SDKs/MacOSX12.3.sdk/usr/include/c++/v1/variant:1658:16: [0m[0;1;30mnote: [0mcandidate template ignored: could not match 'variant' against 'Tuple'[0m
constexpr bool operator<=(const variant<_Types...>& __lhs,
[0;1;32m               ^
[0m[1m/Applications/Xcode.app/Contents/Developer/Platforms/MacOSX.platform/Developer/SDKs/MacOSX12.3.sdk/usr/include/c++/v1/__iterator/move_iterator.h:145:1: [0m[0;1;30mnote: [0mcandidate template ignored: could not match 'move_iterator' against 'Tuple'[0m
operator<=(const move_iterator<_Iter1>& __x, const move_iterator<_Iter2>& __y)
[0;1;32m^
[0m[1m/Applications/Xcode.app/Contents/Developer/Platforms/MacOSX.platform/Developer/SDKs/MacOSX12.3.sdk/usr/include/c++/v1/__iterator/reverse_iterator.h:194:1: [0m[0;1;30mnote: [0mcandidate template ignored: could not match 'reverse_iterator' against 'Tuple'[0m
operator<=(const reverse_iterator<_Iter1>& __x, const reverse_iterator<_Iter2>& __y)
[0;1;32m^
[0m[1m/Applications/Xcode.app/Contents/Developer/Platforms/MacOSX.platform/Developer/SDKs/MacOSX12.3.sdk/usr/include/c++/v1/string_view:789:6: [0m[0;1;30mnote: [0mcandidate template ignored: could not match 'basic_string_view' against 'Tuple'[0m
bool operator<=(basic_string_view<_CharT, _Traits> __lhs, basic_string_view<_CharT, _Traits> __rhs) _NOEXCEPT
[0;1;32m     ^
[0m[1m/Applications/Xcode.app/Contents/Developer/Platforms/MacOSX.platform/Developer/SDKs/MacOSX12.3.sdk/usr/include/c++/v1/string_view:796:6: [0m[0;1;30mnote: [0mcandidate template ignored: could not match 'basic_string_view' against 'Tuple'[0m
bool operator<=(basic_string_view<_CharT, _Traits> __lhs,
[0;1;32m     ^
[0m[1m/Applications/Xcode.app/Contents/Developer/Platforms/MacOSX.platform/Developer/SDKs/MacOSX12.3.sdk/usr/include/c++/v1/string_view:804:6: [0m[0;1;30mnote: [0mcandidate template ignored: could not match 'basic_string_view' against 'Tuple'[0m
bool operator<=(typename common_type<basic_string_view<_CharT, _Traits> >::type __lhs,
[0;1;32m     ^
[0m[1m/Applications/Xcode.app/Contents/Developer/Platforms/MacOSX.platform/Developer/SDKs/MacOSX12.3.sdk/usr/include/c++/v1/string:4212:1: [0m[0;1;30mnote: [0mcandidate template ignored: could not match 'basic_string' against 'Tuple'[0m
operator<=(const basic_string<_CharT, _Traits, _Allocator>& __lhs,
[0;1;32m^
[0m[1m/Applications/Xcode.app/Contents/Developer/Platforms/MacOSX.platform/Developer/SDKs/MacOSX12.3.sdk/usr/include/c++/v1/string:4221:1: [0m[0;1;30mnote: [0mcandidate template ignored: could not match 'basic_string' against 'Tuple'[0m
operator<=(const basic_string<_CharT, _Traits, _Allocator>& __lhs,
[0;1;32m^
[0m[1m/Applications/Xcode.app/Contents/Developer/Platforms/MacOSX.platform/Developer/SDKs/MacOSX12.3.sdk/usr/include/c++/v1/string:4230:1: [0m[0;1;30mnote: [0mcandidate template ignored: could not match 'const _CharT *' against 'Tuple<int, std::string, std::string, std::string>' (aka 'Tuple<int, basic_string<char, char_traits<char>, allocator<char>>, basic_string<char, char_traits<char>, allocator<char>>, basic_string<char, char_traits<char>, allocator<char>>>')[0m
operator<=(const _CharT* __lhs,
[0;1;32m^
[0m[1m/Applications/Xcode.app/Contents/Developer/Platforms/MacOSX.platform/Developer/SDKs/MacOSX12.3.sdk/usr/include/c++/v1/vector:3400:1: [0m[0;1;30mnote: [0mcandidate template ignored: could not match 'vector' against 'Tuple'[0m
operator<=(const vector<_Tp, _Allocator>& __x, const vector<_Tp, _Allocator>& __y)
[0;1;32m^
[0m[1m/Applications/Xcode.app/Contents/Developer/Platforms/MacOSX.platform/Developer/SDKs/MacOSX12.3.sdk/usr/include/c++/v1/optional:1105:1: [0m[0;1;30mnote: [0mcandidate template ignored: could not match 'optional' against 'Tuple'[0m
operator<=(const optional<_Tp>& __x, const optional<_Up>& __y)
[0;1;32m^
[0m[1m/Applications/Xcode.app/Contents/Developer/Platforms/MacOSX.platform/Developer/SDKs/MacOSX12.3.sdk/usr/include/c++/v1/optional:1182:1: [0m[0;1;30mnote: [0mcandidate template ignored: could not match 'optional' against 'Tuple'[0m
operator<=(const optional<_Tp>& __x, nullopt_t) noexcept
[0;1;32m^
[0m[1m/Applications/Xcode.app/Contents/Developer/Platforms/MacOSX.platform/Developer/SDKs/MacOSX12.3.sdk/usr/include/c++/v1/optional:1190:1: [0m[0;1;30mnote: [0mcandidate template ignored: could not match 'optional' against 'Tuple'[0m
operator<=(nullopt_t, const optional<_Tp>&) noexcept
[0;1;32m^
[0m[1m/Applications/Xcode.app/Contents/Developer/Platforms/MacOSX.platform/Developer/SDKs/MacOSX12.3.sdk/usr/include/c++/v1/optional:1307:1: [0m[0;1;30mnote: [0mcandidate template ignored: could not match 'optional' against 'Tuple'[0m
operator<=(const optional<_Tp>& __x, const _Up& __v)
[0;1;32m^
[0m[1m/Applications/Xcode.app/Contents/Developer/Platforms/MacOSX.platform/Developer/SDKs/MacOSX12.3.sdk/usr/include/c++/v1/optional:1319:1: [0m[0;1;30mnote: [0mcandidate template ignored: could not match 'optional' against 'Tuple'[0m
operator<=(const _Tp& __v, const optional<_Up>& __x)
[0;1;32m^
[0m[1m/Applications/Xcode.app/Contents/Developer/Platforms/MacOSX.platform/Developer/SDKs/MacOSX12.3.sdk/usr/include/c++/v1/map:1670:1: [0m[0;1;30mnote: [0mcandidate template ignored: could not match 'map' against 'Tuple'[0m
operator<=(const map<_Key, _Tp, _Compare, _Allocator>& __x,
[0;1;32m^
[0m[1m/Applications/Xcode.app/Contents/Developer/Platforms/MacOSX.platform/Developer/SDKs/MacOSX12.3.sdk/usr/include/c++/v1/map:2268:1: [0m[0;1;30mnote: [0mcandidate template ignored: could not match 'multimap' against 'Tuple'[0m
operator<=(const multimap<_Key, _Tp, _Compare, _Allocator>& __x,
[0;1;32m^
[0m[1m/Applications/Xcode.app/Contents/Developer/Platforms/MacOSX.platform/Developer/SDKs/MacOSX12.3.sdk/usr/include/c++/v1/set:963:1: [0m[0;1;30mnote: [0mcandidate template ignored: could not match 'set' against 'Tuple'[0m
operator<=(const set<_Key, _Compare, _Allocator>& __x,
[0;1;32m^
[0m[1m/Applications/Xcode.app/Contents/Developer/Platforms/MacOSX.platform/Developer/SDKs/MacOSX12.3.sdk/usr/include/c++/v1/set:1494:1: [0m[0;1;30mnote: [0mcandidate template ignored: could not match 'multiset' against 'Tuple'[0m
operator<=(const multiset<_Key, _Compare, _Allocator>& __x,
[0;1;32m^
[0m[1m/Applications/Xcode.app/Contents/Developer/Platforms/MacOSX.platform/Developer/SDKs/MacOSX12.3.sdk/usr/include/c++/v1/deque:3014:1: [0m[0;1;30mnote: [0mcandidate template ignored: could not match 'deque' against 'Tuple'[0m
operator<=(const deque<_Tp, _Allocator>& __x, const deque<_Tp, _Allocator>& __y)
[0;1;32m^
[0m[1m/Applications/Xcode.app/Contents/Developer/Platforms/MacOSX.platform/Developer/SDKs/MacOSX12.3.sdk/usr/include/c++/v1/stack:293:1: [0m[0;1;30mnote: [0mcandidate template ignored: could not match 'stack' against 'Tuple'[0m
operator<=(const stack<_Tp, _Container>& __x, const stack<_Tp, _Container>& __y)
[0;1;32m^
[0m[1m/Applications/Xcode.app/Contents/Developer/Platforms/MacOSX.platform/Developer/SDKs/MacOSX12.3.sdk/usr/include/c++/v1/regex:4993:1: [0m[0;1;30mnote: [0mcandidate template ignored: could not match 'sub_match' against 'Tuple'[0m
operator<=(const sub_match<_BiIter>& __x, const sub_match<_BiIter>& __y)
[0;1;32m^
[0m[1m/Applications/Xcode.app/Contents/Developer/Platforms/MacOSX.platform/Developer/SDKs/MacOSX12.3.sdk/usr/include/c++/v1/regex:5061:1: [0m[0;1;30mnote: [0mcandidate template ignored: could not match 'basic_string' against 'Tuple'[0m
operator<=(const basic_string<typename iterator_traits<_BiIter>::value_type, _ST, _SA>& __x,
[0;1;32m^
[0m[1m/Applications/Xcode.app/Contents/Developer/Platforms/MacOSX.platform/Developer/SDKs/MacOSX12.3.sdk/usr/include/c++/v1/regex:5114:1: [0m[0;1;30mnote: [0mcandidate template ignored: could not match 'sub_match' against 'Tuple'[0m
operator<=(const sub_match<_BiIter>& __x,
[0;1;32m^
[0m[1m/Applications/Xcode.app/Contents/Developer/Platforms/MacOSX.platform/Developer/SDKs/MacOSX12.3.sdk/usr/include/c++/v1/regex:5168:1: [0m[0;1;30mnote: [0mcandidate template ignored: could not match 'sub_match' against 'Tuple'[0m
operator<=(typename iterator_traits<_BiIter>::value_type const* __x,
[0;1;32m^
[0m[1m/Applications/Xcode.app/Contents/Developer/Platforms/MacOSX.platform/Developer/SDKs/MacOSX12.3.sdk/usr/include/c++/v1/regex:5222:1: [0m[0;1;30mnote: [0mcandidate template ignored: could not match 'sub_match' against 'Tuple'[0m
operator<=(const sub_match<_BiIter>& __x,
[0;1;32m^
[0m[1m/Applications/Xcode.app/Contents/Developer/Platforms/MacOSX.platform/Developer/SDKs/MacOSX12.3.sdk/usr/include/c++/v1/regex:5278:1: [0m[0;1;30mnote: [0mcandidate template ignored: could not match 'sub_match' against 'Tuple'[0m
operator<=(typename iterator_traits<_BiIter>::value_type const& __x,
[0;1;32m^
[0m[1m/Applications/Xcode.app/Contents/Developer/Platforms/MacOSX.platform/Developer/SDKs/MacOSX12.3.sdk/usr/include/c++/v1/regex:5334:1: [0m[0;1;30mnote: [0mcandidate template ignored: could not match 'sub_match' against 'Tuple'[0m
operator<=(const sub_match<_BiIter>& __x,
[0;1;32m^
[0m[1m/Applications/Xcode.app/Contents/Developer/Platforms/MacOSX.platform/Developer/SDKs/MacOSX12.3.sdk/usr/include/c++/v1/array:403:1: [0m[0;1;30mnote: [0mcandidate template ignored: could not match 'array' against 'Tuple'[0m
operator<=(const array<_Tp, _Size>& __x, const array<_Tp, _Size>& __y)
[0;1;32m^
[0m[1m/Users/gera/cpp-2022-sudo-gera/CppLanguage/tasks/tuple/test_tuple.cpp:74:16: [0m[0;1;31merror: [0m[1minvalid operands to binary expression ('Tuple<int, std::string, std::string, std::string>' (aka 'Tuple<int, basic_string<char, char_traits<char>, allocator<char>>, basic_string<char, char_traits<char>, allocator<char>>, basic_string<char, char_traits<char>, allocator<char>>>') and 'Tuple<int, std::string, std::string, std::string>')[0m
    REQUIRE(t1 <= t2);
[0;1;32m            ~~ ^  ~~
[0m[1m/Users/gera/cpp-2022-sudo-gera/CppLanguage/./catch.hpp:17666:90: [0m[0;1;30mnote: [0mexpanded from macro 'REQUIRE'[0m
#define REQUIRE( ... ) INTERNAL_CATCH_TEST( "REQUIRE", Catch::ResultDisposition::Normal, __VA_ARGS__  )
[0;1;32m                                                                                         ^~~~~~~~~~~
[0m[1m/Users/gera/cpp-2022-sudo-gera/CppLanguage/./catch.hpp:2714:56: [0m[0;1;30mnote: [0mexpanded from macro 'INTERNAL_CATCH_TEST'[0m
    } while( (void)0, (false) && static_cast<bool>( !!(__VA_ARGS__) ) )
[0;1;32m                                                       ^~~~~~~~~~~
[0m[1m/Applications/Xcode.app/Contents/Developer/Platforms/MacOSX.platform/Developer/SDKs/MacOSX12.3.sdk/usr/include/c++/v1/__variant/monostate.h:37:16: [0m[0;1;30mnote: [0mcandidate function not viable: no known conversion from 'Tuple<int, std::string, std::string, std::string>' (aka 'Tuple<int, basic_string<char, char_traits<char>, allocator<char>>, basic_string<char, char_traits<char>, allocator<char>>, basic_string<char, char_traits<char>, allocator<char>>>') to 'std::monostate' for 1st argument[0m
constexpr bool operator<=(monostate, monostate) noexcept { return true; }
[0;1;32m               ^
[0m[1m/Applications/Xcode.app/Contents/Developer/Platforms/MacOSX.platform/Developer/SDKs/MacOSX12.3.sdk/usr/include/c++/v1/__utility/pair.h:361:1: [0m[0;1;30mnote: [0mcandidate template ignored: could not match 'pair' against 'Tuple'[0m
operator<=(const pair<_T1,_T2>& __x, const pair<_T1,_T2>& __y)
[0;1;32m^
[0m[1m/Applications/Xcode.app/Contents/Developer/Platforms/MacOSX.platform/Developer/SDKs/MacOSX12.3.sdk/usr/include/c++/v1/__iterator/wrap_iter.h:247:6: [0m[0;1;30mnote: [0mcandidate template ignored: could not match '__wrap_iter' against 'Tuple'[0m
bool operator<=(const __wrap_iter<_Iter1>& __x, const __wrap_iter<_Iter1>& __y) _NOEXCEPT
[0;1;32m     ^
[0m[1m/Applications/Xcode.app/Contents/Developer/Platforms/MacOSX.platform/Developer/SDKs/MacOSX12.3.sdk/usr/include/c++/v1/__iterator/wrap_iter.h:254:6: [0m[0;1;30mnote: [0mcandidate template ignored: could not match '__wrap_iter' against 'Tuple'[0m
bool operator<=(const __wrap_iter<_Iter1>& __x, const __wrap_iter<_Iter2>& __y) _NOEXCEPT
[0;1;32m     ^
[0m[1m/Applications/Xcode.app/Contents/Developer/Platforms/MacOSX.platform/Developer/SDKs/MacOSX12.3.sdk/usr/include/c++/v1/tuple:1366:1: [0m[0;1;30mnote: [0mcandidate template ignored: could not match 'tuple' against 'Tuple'[0m
operator<=(const tuple<_Tp...>& __x, const tuple<_Up...>& __y)
[0;1;32m^
[0m[1m/Applications/Xcode.app/Contents/Developer/Platforms/MacOSX.platform/Developer/SDKs/MacOSX12.3.sdk/usr/include/c++/v1/__memory/unique_ptr.h:598:1: [0m[0;1;30mnote: [0mcandidate template ignored: could not match 'unique_ptr' against 'Tuple'[0m
operator<=(const unique_ptr<_T1, _D1>& __x, const unique_ptr<_T2, _D2>& __y) {return !(__y < __x);}
[0;1;32m^
[0m[1m/Applications/Xcode.app/Contents/Developer/Platforms/MacOSX.platform/Developer/SDKs/MacOSX12.3.sdk/usr/include/c++/v1/__memory/unique_ptr.h:674:1: [0m[0;1;30mnote: [0mcandidate template ignored: could not match 'unique_ptr' against 'Tuple'[0m
operator<=(const unique_ptr<_T1, _D1>& __x, nullptr_t)
[0;1;32m^
[0m[1m/Applications/Xcode.app/Contents/Developer/Platforms/MacOSX.platform/Developer/SDKs/MacOSX12.3.sdk/usr/include/c++/v1/__memory/unique_ptr.h:682:1: [0m[0;1;30mnote: [0mcandidate template ignored: could not match 'unique_ptr' against 'Tuple'[0m
operator<=(nullptr_t, const unique_ptr<_T1, _D1>& __x)
[0;1;32m^
[0m[1m/Applications/Xcode.app/Contents/Developer/Platforms/MacOSX.platform/Developer/SDKs/MacOSX12.3.sdk/usr/include/c++/v1/__memory/shared_ptr.h:1159:1: [0m[0;1;30mnote: [0mcandidate template ignored: could not match 'shared_ptr' against 'Tuple'[0m
operator<=(const shared_ptr<_Tp>& __x, const shared_ptr<_Up>& __y) _NOEXCEPT
[0;1;32m^
[0m[1m/Applications/Xcode.app/Contents/Developer/Platforms/MacOSX.platform/Developer/SDKs/MacOSX12.3.sdk/usr/include/c++/v1/__memory/shared_ptr.h:1239:1: [0m[0;1;30mnote: [0mcandidate template ignored: could not match 'shared_ptr' against 'Tuple'[0m
operator<=(const shared_ptr<_Tp>& __x, nullptr_t) _NOEXCEPT
[0;1;32m^
[0m[1m/Applications/Xcode.app/Contents/Developer/Platforms/MacOSX.platform/Developer/SDKs/MacOSX12.3.sdk/usr/include/c++/v1/__memory/shared_ptr.h:1247:1: [0m[0;1;30mnote: [0mcandidate template ignored: could not match 'shared_ptr' against 'Tuple'[0m
operator<=(nullptr_t, const shared_ptr<_Tp>& __x) _NOEXCEPT
[0;1;32m^
[0m[1m/Applications/Xcode.app/Contents/Developer/Platforms/MacOSX.platform/Developer/SDKs/MacOSX12.3.sdk/usr/include/c++/v1/variant:1658:16: [0m[0;1;30mnote: [0mcandidate template ignored: could not match 'variant' against 'Tuple'[0m
constexpr bool operator<=(const variant<_Types...>& __lhs,
[0;1;32m               ^
[0m[1m/Applications/Xcode.app/Contents/Developer/Platforms/MacOSX.platform/Developer/SDKs/MacOSX12.3.sdk/usr/include/c++/v1/__iterator/move_iterator.h:145:1: [0m[0;1;30mnote: [0mcandidate template ignored: could not match 'move_iterator' against 'Tuple'[0m
operator<=(const move_iterator<_Iter1>& __x, const move_iterator<_Iter2>& __y)
[0;1;32m^
[0m[1m/Applications/Xcode.app/Contents/Developer/Platforms/MacOSX.platform/Developer/SDKs/MacOSX12.3.sdk/usr/include/c++/v1/__iterator/reverse_iterator.h:194:1: [0m[0;1;30mnote: [0mcandidate template ignored: could not match 'reverse_iterator' against 'Tuple'[0m
operator<=(const reverse_iterator<_Iter1>& __x, const reverse_iterator<_Iter2>& __y)
[0;1;32m^
[0m[1m/Applications/Xcode.app/Contents/Developer/Platforms/MacOSX.platform/Developer/SDKs/MacOSX12.3.sdk/usr/include/c++/v1/string_view:789:6: [0m[0;1;30mnote: [0mcandidate template ignored: could not match 'basic_string_view' against 'Tuple'[0m
bool operator<=(basic_string_view<_CharT, _Traits> __lhs, basic_string_view<_CharT, _Traits> __rhs) _NOEXCEPT
[0;1;32m     ^
[0m[1m/Applications/Xcode.app/Contents/Developer/Platforms/MacOSX.platform/Developer/SDKs/MacOSX12.3.sdk/usr/include/c++/v1/string_view:796:6: [0m[0;1;30mnote: [0mcandidate template ignored: could not match 'basic_string_view' against 'Tuple'[0m
bool operator<=(basic_string_view<_CharT, _Traits> __lhs,
[0;1;32m     ^
[0m[1m/Applications/Xcode.app/Contents/Developer/Platforms/MacOSX.platform/Developer/SDKs/MacOSX12.3.sdk/usr/include/c++/v1/string_view:804:6: [0m[0;1;30mnote: [0mcandidate template ignored: could not match 'basic_string_view' against 'Tuple'[0m
bool operator<=(typename common_type<basic_string_view<_CharT, _Traits> >::type __lhs,
[0;1;32m     ^
[0m[1m/Applications/Xcode.app/Contents/Developer/Platforms/MacOSX.platform/Developer/SDKs/MacOSX12.3.sdk/usr/include/c++/v1/string:4212:1: [0m[0;1;30mnote: [0mcandidate template ignored: could not match 'basic_string' against 'Tuple'[0m
operator<=(const basic_string<_CharT, _Traits, _Allocator>& __lhs,
[0;1;32m^
[0m[1m/Applications/Xcode.app/Contents/Developer/Platforms/MacOSX.platform/Developer/SDKs/MacOSX12.3.sdk/usr/include/c++/v1/string:4221:1: [0m[0;1;30mnote: [0mcandidate template ignored: could not match 'basic_string' against 'Tuple'[0m
operator<=(const basic_string<_CharT, _Traits, _Allocator>& __lhs,
[0;1;32m^
[0m[1m/Applications/Xcode.app/Contents/Developer/Platforms/MacOSX.platform/Developer/SDKs/MacOSX12.3.sdk/usr/include/c++/v1/string:4230:1: [0m[0;1;30mnote: [0mcandidate template ignored: could not match 'const _CharT *' against 'Tuple<int, std::string, std::string, std::string>' (aka 'Tuple<int, basic_string<char, char_traits<char>, allocator<char>>, basic_string<char, char_traits<char>, allocator<char>>, basic_string<char, char_traits<char>, allocator<char>>>')[0m
operator<=(const _CharT* __lhs,
[0;1;32m^
[0m[1m/Applications/Xcode.app/Contents/Developer/Platforms/MacOSX.platform/Developer/SDKs/MacOSX12.3.sdk/usr/include/c++/v1/vector:3400:1: [0m[0;1;30mnote: [0mcandidate template ignored: could not match 'vector' against 'Tuple'[0m
operator<=(const vector<_Tp, _Allocator>& __x, const vector<_Tp, _Allocator>& __y)
[0;1;32m^
[0m[1m/Applications/Xcode.app/Contents/Developer/Platforms/MacOSX.platform/Developer/SDKs/MacOSX12.3.sdk/usr/include/c++/v1/optional:1105:1: [0m[0;1;30mnote: [0mcandidate template ignored: could not match 'optional' against 'Tuple'[0m
operator<=(const optional<_Tp>& __x, const optional<_Up>& __y)
[0;1;32m^
[0m[1m/Applications/Xcode.app/Contents/Developer/Platforms/MacOSX.platform/Developer/SDKs/MacOSX12.3.sdk/usr/include/c++/v1/optional:1182:1: [0m[0;1;30mnote: [0mcandidate template ignored: could not match 'optional' against 'Tuple'[0m
operator<=(const optional<_Tp>& __x, nullopt_t) noexcept
[0;1;32m^
[0m[1m/Applications/Xcode.app/Contents/Developer/Platforms/MacOSX.platform/Developer/SDKs/MacOSX12.3.sdk/usr/include/c++/v1/optional:1190:1: [0m[0;1;30mnote: [0mcandidate template ignored: could not match 'optional' against 'Tuple'[0m
operator<=(nullopt_t, const optional<_Tp>&) noexcept
[0;1;32m^
[0m[1m/Applications/Xcode.app/Contents/Developer/Platforms/MacOSX.platform/Developer/SDKs/MacOSX12.3.sdk/usr/include/c++/v1/optional:1307:1: [0m[0;1;30mnote: [0mcandidate template ignored: could not match 'optional' against 'Tuple'[0m
operator<=(const optional<_Tp>& __x, const _Up& __v)
[0;1;32m^
[0m[1m/Applications/Xcode.app/Contents/Developer/Platforms/MacOSX.platform/Developer/SDKs/MacOSX12.3.sdk/usr/include/c++/v1/optional:1319:1: [0m[0;1;30mnote: [0mcandidate template ignored: could not match 'optional' against 'Tuple'[0m
operator<=(const _Tp& __v, const optional<_Up>& __x)
[0;1;32m^
[0m[1m/Applications/Xcode.app/Contents/Developer/Platforms/MacOSX.platform/Developer/SDKs/MacOSX12.3.sdk/usr/include/c++/v1/map:1670:1: [0m[0;1;30mnote: [0mcandidate template ignored: could not match 'map' against 'Tuple'[0m
operator<=(const map<_Key, _Tp, _Compare, _Allocator>& __x,
[0;1;32m^
[0m[1m/Applications/Xcode.app/Contents/Developer/Platforms/MacOSX.platform/Developer/SDKs/MacOSX12.3.sdk/usr/include/c++/v1/map:2268:1: [0m[0;1;30mnote: [0mcandidate template ignored: could not match 'multimap' against 'Tuple'[0m
operator<=(const multimap<_Key, _Tp, _Compare, _Allocator>& __x,
[0;1;32m^
[0m[1m/Applications/Xcode.app/Contents/Developer/Platforms/MacOSX.platform/Developer/SDKs/MacOSX12.3.sdk/usr/include/c++/v1/set:963:1: [0m[0;1;30mnote: [0mcandidate template ignored: could not match 'set' against 'Tuple'[0m
operator<=(const set<_Key, _Compare, _Allocator>& __x,
[0;1;32m^
[0m[1m/Applications/Xcode.app/Contents/Developer/Platforms/MacOSX.platform/Developer/SDKs/MacOSX12.3.sdk/usr/include/c++/v1/set:1494:1: [0m[0;1;30mnote: [0mcandidate template ignored: could not match 'multiset' against 'Tuple'[0m
operator<=(const multiset<_Key, _Compare, _Allocator>& __x,
[0;1;32m^
[0m[1m/Applications/Xcode.app/Contents/Developer/Platforms/MacOSX.platform/Developer/SDKs/MacOSX12.3.sdk/usr/include/c++/v1/deque:3014:1: [0m[0;1;30mnote: [0mcandidate template ignored: could not match 'deque' against 'Tuple'[0m
operator<=(const deque<_Tp, _Allocator>& __x, const deque<_Tp, _Allocator>& __y)
[0;1;32m^
[0m[1m/Applications/Xcode.app/Contents/Developer/Platforms/MacOSX.platform/Developer/SDKs/MacOSX12.3.sdk/usr/include/c++/v1/stack:293:1: [0m[0;1;30mnote: [0mcandidate template ignored: could not match 'stack' against 'Tuple'[0m
operator<=(const stack<_Tp, _Container>& __x, const stack<_Tp, _Container>& __y)
[0;1;32m^
[0m[1m/Applications/Xcode.app/Contents/Developer/Platforms/MacOSX.platform/Developer/SDKs/MacOSX12.3.sdk/usr/include/c++/v1/regex:4993:1: [0m[0;1;30mnote: [0mcandidate template ignored: could not match 'sub_match' against 'Tuple'[0m
operator<=(const sub_match<_BiIter>& __x, const sub_match<_BiIter>& __y)
[0;1;32m^
[0m[1m/Applications/Xcode.app/Contents/Developer/Platforms/MacOSX.platform/Developer/SDKs/MacOSX12.3.sdk/usr/include/c++/v1/regex:5061:1: [0m[0;1;30mnote: [0mcandidate template ignored: could not match 'basic_string' against 'Tuple'[0m
operator<=(const basic_string<typename iterator_traits<_BiIter>::value_type, _ST, _SA>& __x,
[0;1;32m^
[0m[1m/Applications/Xcode.app/Contents/Developer/Platforms/MacOSX.platform/Developer/SDKs/MacOSX12.3.sdk/usr/include/c++/v1/regex:5114:1: [0m[0;1;30mnote: [0mcandidate template ignored: could not match 'sub_match' against 'Tuple'[0m
operator<=(const sub_match<_BiIter>& __x,
[0;1;32m^
[0m[1m/Applications/Xcode.app/Contents/Developer/Platforms/MacOSX.platform/Developer/SDKs/MacOSX12.3.sdk/usr/include/c++/v1/regex:5168:1: [0m[0;1;30mnote: [0mcandidate template ignored: could not match 'sub_match' against 'Tuple'[0m
operator<=(typename iterator_traits<_BiIter>::value_type const* __x,
[0;1;32m^
[0m[1m/Applications/Xcode.app/Contents/Developer/Platforms/MacOSX.platform/Developer/SDKs/MacOSX12.3.sdk/usr/include/c++/v1/regex:5222:1: [0m[0;1;30mnote: [0mcandidate template ignored: could not match 'sub_match' against 'Tuple'[0m
operator<=(const sub_match<_BiIter>& __x,
[0;1;32m^
[0m[1m/Applications/Xcode.app/Contents/Developer/Platforms/MacOSX.platform/Developer/SDKs/MacOSX12.3.sdk/usr/include/c++/v1/regex:5278:1: [0m[0;1;30mnote: [0mcandidate template ignored: could not match 'sub_match' against 'Tuple'[0m
operator<=(typename iterator_traits<_BiIter>::value_type const& __x,
[0;1;32m^
[0m[1m/Applications/Xcode.app/Contents/Developer/Platforms/MacOSX.platform/Developer/SDKs/MacOSX12.3.sdk/usr/include/c++/v1/regex:5334:1: [0m[0;1;30mnote: [0mcandidate template ignored: could not match 'sub_match' against 'Tuple'[0m
operator<=(const sub_match<_BiIter>& __x,
[0;1;32m^
[0m[1m/Applications/Xcode.app/Contents/Developer/Platforms/MacOSX.platform/Developer/SDKs/MacOSX12.3.sdk/usr/include/c++/v1/array:403:1: [0m[0;1;30mnote: [0mcandidate template ignored: could not match 'array' against 'Tuple'[0m
operator<=(const array<_Tp, _Size>& __x, const array<_Tp, _Size>& __y)
[0;1;32m^
[0m[1m/Users/gera/cpp-2022-sudo-gera/CppLanguage/tasks/tuple/test_tuple.cpp:77:16: [0m[0;1;31merror: [0m[1minvalid operands to binary expression ('Tuple<int, std::string, std::string, std::string>' (aka 'Tuple<int, basic_string<char, char_traits<char>, allocator<char>>, basic_string<char, char_traits<char>, allocator<char>>, basic_string<char, char_traits<char>, allocator<char>>>') and 'Tuple<int, std::string, std::string, std::string>')[0m
    REQUIRE(t1 >= t2);
[0;1;32m            ~~ ^  ~~
[0m[1m/Users/gera/cpp-2022-sudo-gera/CppLanguage/./catch.hpp:17666:90: [0m[0;1;30mnote: [0mexpanded from macro 'REQUIRE'[0m
#define REQUIRE( ... ) INTERNAL_CATCH_TEST( "REQUIRE", Catch::ResultDisposition::Normal, __VA_ARGS__  )
[0;1;32m                                                                                         ^~~~~~~~~~~
[0m[1m/Users/gera/cpp-2022-sudo-gera/CppLanguage/./catch.hpp:2705:40: [0m[0;1;30mnote: [0mexpanded from macro 'INTERNAL_CATCH_TEST'[0m
        CATCH_INTERNAL_IGNORE_BUT_WARN(__VA_ARGS__); \
[0;1;32m                                       ^~~~~~~~~~~
[0m[1m/Users/gera/cpp-2022-sudo-gera/CppLanguage/./catch.hpp:165:76: [0m[0;1;30mnote: [0mexpanded from macro 'CATCH_INTERNAL_IGNORE_BUT_WARN'[0m
#    define CATCH_INTERNAL_IGNORE_BUT_WARN(...) (void)__builtin_constant_p(__VA_ARGS__) /* NOLINT(cppcoreguidelines-pro-type-vararg, hicpp-vararg) */
[0;1;32m                                                                           ^~~~~~~~~~~
[0m[1m/Applications/Xcode.app/Contents/Developer/Platforms/MacOSX.platform/Developer/SDKs/MacOSX12.3.sdk/usr/include/c++/v1/__variant/monostate.h:40:16: [0m[0;1;30mnote: [0mcandidate function not viable: no known conversion from 'Tuple<int, std::string, std::string, std::string>' (aka 'Tuple<int, basic_string<char, char_traits<char>, allocator<char>>, basic_string<char, char_traits<char>, allocator<char>>, basic_string<char, char_traits<char>, allocator<char>>>') to 'std::monostate' for 1st argument[0m
constexpr bool operator>=(monostate, monostate) noexcept { return true; }
[0;1;32m               ^
[0m[1m/Applications/Xcode.app/Contents/Developer/Platforms/MacOSX.platform/Developer/SDKs/MacOSX12.3.sdk/usr/include/c++/v1/__utility/pair.h:353:1: [0m[0;1;30mnote: [0mcandidate template ignored: could not match 'pair' against 'Tuple'[0m
operator>=(const pair<_T1,_T2>& __x, const pair<_T1,_T2>& __y)
[0;1;32m^
[0m[1m/Applications/Xcode.app/Contents/Developer/Platforms/MacOSX.platform/Developer/SDKs/MacOSX12.3.sdk/usr/include/c++/v1/__iterator/wrap_iter.h:233:6: [0m[0;1;30mnote: [0mcandidate template ignored: could not match '__wrap_iter' against 'Tuple'[0m
bool operator>=(const __wrap_iter<_Iter1>& __x, const __wrap_iter<_Iter1>& __y) _NOEXCEPT
[0;1;32m     ^
[0m[1m/Applications/Xcode.app/Contents/Developer/Platforms/MacOSX.platform/Developer/SDKs/MacOSX12.3.sdk/usr/include/c++/v1/__iterator/wrap_iter.h:240:6: [0m[0;1;30mnote: [0mcandidate template ignored: could not match '__wrap_iter' against 'Tuple'[0m
bool operator>=(const __wrap_iter<_Iter1>& __x, const __wrap_iter<_Iter2>& __y) _NOEXCEPT
[0;1;32m     ^
[0m[1m/Applications/Xcode.app/Contents/Developer/Platforms/MacOSX.platform/Developer/SDKs/MacOSX12.3.sdk/usr/include/c++/v1/tuple:1358:1: [0m[0;1;30mnote: [0mcandidate template ignored: could not match 'tuple' against 'Tuple'[0m
operator>=(const tuple<_Tp...>& __x, const tuple<_Up...>& __y)
[0;1;32m^
[0m[1m/Applications/Xcode.app/Contents/Developer/Platforms/MacOSX.platform/Developer/SDKs/MacOSX12.3.sdk/usr/include/c++/v1/__memory/unique_ptr.h:603:1: [0m[0;1;30mnote: [0mcandidate template ignored: could not match 'unique_ptr' against 'Tuple'[0m
operator>=(const unique_ptr<_T1, _D1>& __x, const unique_ptr<_T2, _D2>& __y) {return !(__x < __y);}
[0;1;32m^
[0m[1m/Applications/Xcode.app/Contents/Developer/Platforms/MacOSX.platform/Developer/SDKs/MacOSX12.3.sdk/usr/include/c++/v1/__memory/unique_ptr.h:690:1: [0m[0;1;30mnote: [0mcandidate template ignored: could not match 'unique_ptr' against 'Tuple'[0m
operator>=(const unique_ptr<_T1, _D1>& __x, nullptr_t)
[0;1;32m^
[0m[1m/Applications/Xcode.app/Contents/Developer/Platforms/MacOSX.platform/Developer/SDKs/MacOSX12.3.sdk/usr/include/c++/v1/__memory/unique_ptr.h:698:1: [0m[0;1;30mnote: [0mcandidate template ignored: could not match 'unique_ptr' against 'Tuple'[0m
operator>=(nullptr_t, const unique_ptr<_T1, _D1>& __x)
[0;1;32m^
[0m[1m/Applications/Xcode.app/Contents/Developer/Platforms/MacOSX.platform/Developer/SDKs/MacOSX12.3.sdk/usr/include/c++/v1/__memory/shared_ptr.h:1167:1: [0m[0;1;30mnote: [0mcandidate template ignored: could not match 'shared_ptr' against 'Tuple'[0m
operator>=(const shared_ptr<_Tp>& __x, const shared_ptr<_Up>& __y) _NOEXCEPT
[0;1;32m^
[0m[1m/Applications/Xcode.app/Contents/Developer/Platforms/MacOSX.platform/Developer/SDKs/MacOSX12.3.sdk/usr/include/c++/v1/__memory/shared_ptr.h:1255:1: [0m[0;1;30mnote: [0mcandidate template ignored: could not match 'shared_ptr' against 'Tuple'[0m
operator>=(const shared_ptr<_Tp>& __x, nullptr_t) _NOEXCEPT
[0;1;32m^
[0m[1m/Applications/Xcode.app/Contents/Developer/Platforms/MacOSX.platform/Developer/SDKs/MacOSX12.3.sdk/usr/include/c++/v1/__memory/shared_ptr.h:1263:1: [0m[0;1;30mnote: [0mcandidate template ignored: could not match 'shared_ptr' against 'Tuple'[0m
operator>=(nullptr_t, const shared_ptr<_Tp>& __x) _NOEXCEPT
[0;1;32m^
[0m[1m/Applications/Xcode.app/Contents/Developer/Platforms/MacOSX.platform/Developer/SDKs/MacOSX12.3.sdk/usr/include/c++/v1/variant:1671:16: [0m[0;1;30mnote: [0mcandidate template ignored: could not match 'variant' against 'Tuple'[0m
constexpr bool operator>=(const variant<_Types...>& __lhs,
[0;1;32m               ^
[0m[1m/Applications/Xcode.app/Contents/Developer/Platforms/MacOSX.platform/Developer/SDKs/MacOSX12.3.sdk/usr/include/c++/v1/__iterator/move_iterator.h:137:1: [0m[0;1;30mnote: [0mcandidate template ignored: could not match 'move_iterator' against 'Tuple'[0m
operator>=(const move_iterator<_Iter1>& __x, const move_iterator<_Iter2>& __y)
[0;1;32m^
[0m[1m/Applications/Xcode.app/Contents/Developer/Platforms/MacOSX.platform/Developer/SDKs/MacOSX12.3.sdk/usr/include/c++/v1/__iterator/reverse_iterator.h:186:1: [0m[0;1;30mnote: [0mcandidate template ignored: could not match 'reverse_iterator' against 'Tuple'[0m
operator>=(const reverse_iterator<_Iter1>& __x, const reverse_iterator<_Iter2>& __y)
[0;1;32m^
[0m[1m/Applications/Xcode.app/Contents/Developer/Platforms/MacOSX.platform/Developer/SDKs/MacOSX12.3.sdk/usr/include/c++/v1/string_view:814:6: [0m[0;1;30mnote: [0mcandidate template ignored: could not match 'basic_string_view' against 'Tuple'[0m
bool operator>=(basic_string_view<_CharT, _Traits> __lhs, basic_string_view<_CharT, _Traits> __rhs) _NOEXCEPT
[0;1;32m     ^
[0m[1m/Applications/Xcode.app/Contents/Developer/Platforms/MacOSX.platform/Developer/SDKs/MacOSX12.3.sdk/usr/include/c++/v1/string_view:822:6: [0m[0;1;30mnote: [0mcandidate template ignored: could not match 'basic_string_view' against 'Tuple'[0m
bool operator>=(basic_string_view<_CharT, _Traits> __lhs,
[0;1;32m     ^
[0m[1m/Applications/Xcode.app/Contents/Developer/Platforms/MacOSX.platform/Developer/SDKs/MacOSX12.3.sdk/usr/include/c++/v1/string_view:830:6: [0m[0;1;30mnote: [0mcandidate template ignored: could not match 'basic_string_view' against 'Tuple'[0m
bool operator>=(typename common_type<basic_string_view<_CharT, _Traits> >::type __lhs,
[0;1;32m     ^
[0m[1m/Applications/Xcode.app/Contents/Developer/Platforms/MacOSX.platform/Developer/SDKs/MacOSX12.3.sdk/usr/include/c++/v1/string:4241:1: [0m[0;1;30mnote: [0mcandidate template ignored: could not match 'basic_string' against 'Tuple'[0m
operator>=(const basic_string<_CharT, _Traits, _Allocator>& __lhs,
[0;1;32m^
[0m[1m/Applications/Xcode.app/Contents/Developer/Platforms/MacOSX.platform/Developer/SDKs/MacOSX12.3.sdk/usr/include/c++/v1/string:4250:1: [0m[0;1;30mnote: [0mcandidate template ignored: could not match 'basic_string' against 'Tuple'[0m
operator>=(const basic_string<_CharT, _Traits, _Allocator>& __lhs,
[0;1;32m^
[0m[1m/Applications/Xcode.app/Contents/Developer/Platforms/MacOSX.platform/Developer/SDKs/MacOSX12.3.sdk/usr/include/c++/v1/string:4259:1: [0m[0;1;30mnote: [0mcandidate template ignored: could not match 'const _CharT *' against 'Tuple<int, std::string, std::string, std::string>' (aka 'Tuple<int, basic_string<char, char_traits<char>, allocator<char>>, basic_string<char, char_traits<char>, allocator<char>>, basic_string<char, char_traits<char>, allocator<char>>>')[0m
operator>=(const _CharT* __lhs,
[0;1;32m^
[0m[1m/Applications/Xcode.app/Contents/Developer/Platforms/MacOSX.platform/Developer/SDKs/MacOSX12.3.sdk/usr/include/c++/v1/vector:3392:1: [0m[0;1;30mnote: [0mcandidate template ignored: could not match 'vector' against 'Tuple'[0m
operator>=(const vector<_Tp, _Allocator>& __x, const vector<_Tp, _Allocator>& __y)
[0;1;32m^
[0m[1m/Applications/Xcode.app/Contents/Developer/Platforms/MacOSX.platform/Developer/SDKs/MacOSX12.3.sdk/usr/include/c++/v1/optional:1121:1: [0m[0;1;30mnote: [0mcandidate template ignored: could not match 'optional' against 'Tuple'[0m
operator>=(const optional<_Tp>& __x, const optional<_Up>& __y)
[0;1;32m^
[0m[1m/Applications/Xcode.app/Contents/Developer/Platforms/MacOSX.platform/Developer/SDKs/MacOSX12.3.sdk/usr/include/c++/v1/optional:1214:1: [0m[0;1;30mnote: [0mcandidate template ignored: could not match 'optional' against 'Tuple'[0m
operator>=(const optional<_Tp>&, nullopt_t) noexcept
[0;1;32m^
[0m[1m/Applications/Xcode.app/Contents/Developer/Platforms/MacOSX.platform/Developer/SDKs/MacOSX12.3.sdk/usr/include/c++/v1/optional:1222:1: [0m[0;1;30mnote: [0mcandidate template ignored: could not match 'optional' against 'Tuple'[0m
operator>=(nullopt_t, const optional<_Tp>& __x) noexcept
[0;1;32m^
[0m[1m/Applications/Xcode.app/Contents/Developer/Platforms/MacOSX.platform/Developer/SDKs/MacOSX12.3.sdk/usr/include/c++/v1/optional:1355:1: [0m[0;1;30mnote: [0mcandidate template ignored: could not match 'optional' against 'Tuple'[0m
operator>=(const optional<_Tp>& __x, const _Up& __v)
[0;1;32m^
[0m[1m/Applications/Xcode.app/Contents/Developer/Platforms/MacOSX.platform/Developer/SDKs/MacOSX12.3.sdk/usr/include/c++/v1/optional:1367:1: [0m[0;1;30mnote: [0mcandidate template ignored: could not match 'optional' against 'Tuple'[0m
operator>=(const _Tp& __v, const optional<_Up>& __x)
[0;1;32m^
[0m[1m/Applications/Xcode.app/Contents/Developer/Platforms/MacOSX.platform/Developer/SDKs/MacOSX12.3.sdk/usr/include/c++/v1/map:1661:1: [0m[0;1;30mnote: [0mcandidate template ignored: could not match 'map' against 'Tuple'[0m
operator>=(const map<_Key, _Tp, _Compare, _Allocator>& __x,
[0;1;32m^
[0m[1m/Applications/Xcode.app/Contents/Developer/Platforms/MacOSX.platform/Developer/SDKs/MacOSX12.3.sdk/usr/include/c++/v1/map:2259:1: [0m[0;1;30mnote: [0mcandidate template ignored: could not match 'multimap' against 'Tuple'[0m
operator>=(const multimap<_Key, _Tp, _Compare, _Allocator>& __x,
[0;1;32m^
[0m[1m/Applications/Xcode.app/Contents/Developer/Platforms/MacOSX.platform/Developer/SDKs/MacOSX12.3.sdk/usr/include/c++/v1/set:954:1: [0m[0;1;30mnote: [0mcandidate template ignored: could not match 'set' against 'Tuple'[0m
operator>=(const set<_Key, _Compare, _Allocator>& __x,
[0;1;32m^
[0m[1m/Applications/Xcode.app/Contents/Developer/Platforms/MacOSX.platform/Developer/SDKs/MacOSX12.3.sdk/usr/include/c++/v1/set:1485:1: [0m[0;1;30mnote: [0mcandidate template ignored: could not match 'multiset' against 'Tuple'[0m
operator>=(const multiset<_Key, _Compare, _Allocator>& __x,
[0;1;32m^
[0m[1m/Applications/Xcode.app/Contents/Developer/Platforms/MacOSX.platform/Developer/SDKs/MacOSX12.3.sdk/usr/include/c++/v1/deque:3006:1: [0m[0;1;30mnote: [0mcandidate template ignored: could not match 'deque' against 'Tuple'[0m
operator>=(const deque<_Tp, _Allocator>& __x, const deque<_Tp, _Allocator>& __y)
[0;1;32m^
[0m[1m/Applications/Xcode.app/Contents/Developer/Platforms/MacOSX.platform/Developer/SDKs/MacOSX12.3.sdk/usr/include/c++/v1/stack:285:1: [0m[0;1;30mnote: [0mcandidate template ignored: could not match 'stack' against 'Tuple'[0m
operator>=(const stack<_Tp, _Container>& __x, const stack<_Tp, _Container>& __y)
[0;1;32m^
[0m[1m/Applications/Xcode.app/Contents/Developer/Platforms/MacOSX.platform/Developer/SDKs/MacOSX12.3.sdk/usr/include/c++/v1/regex:5001:1: [0m[0;1;30mnote: [0mcandidate template ignored: could not match 'sub_match' against 'Tuple'[0m
operator>=(const sub_match<_BiIter>& __x, const sub_match<_BiIter>& __y)
[0;1;32m^
[0m[1m/Applications/Xcode.app/Contents/Developer/Platforms/MacOSX.platform/Developer/SDKs/MacOSX12.3.sdk/usr/include/c++/v1/regex:5052:6: [0m[0;1;30mnote: [0mcandidate template ignored: could not match 'basic_string' against 'Tuple'[0m
bool operator>=(const basic_string<typename iterator_traits<_BiIter>::value_type, _ST, _SA>& __x,
[0;1;32m     ^
[0m[1m/Applications/Xcode.app/Contents/Developer/Platforms/MacOSX.platform/Developer/SDKs/MacOSX12.3.sdk/usr/include/c++/v1/regex:5105:1: [0m[0;1;30mnote: [0mcandidate template ignored: could not match 'sub_match' against 'Tuple'[0m
operator>=(const sub_match<_BiIter>& __x,
[0;1;32m^
[0m[1m/Applications/Xcode.app/Contents/Developer/Platforms/MacOSX.platform/Developer/SDKs/MacOSX12.3.sdk/usr/include/c++/v1/regex:5159:1: [0m[0;1;30mnote: [0mcandidate template ignored: could not match 'sub_match' against 'Tuple'[0m
operator>=(typename iterator_traits<_BiIter>::value_type const* __x,
[0;1;32m^
[0m[1m/Applications/Xcode.app/Contents/Developer/Platforms/MacOSX.platform/Developer/SDKs/MacOSX12.3.sdk/usr/include/c++/v1/regex:5213:1: [0m[0;1;30mnote: [0mcandidate template ignored: could not match 'sub_match' against 'Tuple'[0m
operator>=(const sub_match<_BiIter>& __x,
[0;1;32m^
[0m[1m/Applications/Xcode.app/Contents/Developer/Platforms/MacOSX.platform/Developer/SDKs/MacOSX12.3.sdk/usr/include/c++/v1/regex:5269:1: [0m[0;1;30mnote: [0mcandidate template ignored: could not match 'sub_match' against 'Tuple'[0m
operator>=(typename iterator_traits<_BiIter>::value_type const& __x,
[0;1;32m^
[0m[1m/Applications/Xcode.app/Contents/Developer/Platforms/MacOSX.platform/Developer/SDKs/MacOSX12.3.sdk/usr/include/c++/v1/regex:5325:1: [0m[0;1;30mnote: [0mcandidate template ignored: could not match 'sub_match' against 'Tuple'[0m
operator>=(const sub_match<_BiIter>& __x,
[0;1;32m^
[0m[1m/Applications/Xcode.app/Contents/Developer/Platforms/MacOSX.platform/Developer/SDKs/MacOSX12.3.sdk/usr/include/c++/v1/array:411:1: [0m[0;1;30mnote: [0mcandidate template ignored: could not match 'array' against 'Tuple'[0m
operator>=(const array<_Tp, _Size>& __x, const array<_Tp, _Size>& __y)
[0;1;32m^
[0m[1m/Users/gera/cpp-2022-sudo-gera/CppLanguage/tasks/tuple/test_tuple.cpp:77:16: [0m[0;1;31merror: [0m[1minvalid operands to binary expression ('Tuple<int, std::string, std::string, std::string>' (aka 'Tuple<int, basic_string<char, char_traits<char>, allocator<char>>, basic_string<char, char_traits<char>, allocator<char>>, basic_string<char, char_traits<char>, allocator<char>>>') and 'Tuple<int, std::string, std::string, std::string>')[0m
    REQUIRE(t1 >= t2);
[0;1;32m            ~~ ^  ~~
[0m[1m/Users/gera/cpp-2022-sudo-gera/CppLanguage/./catch.hpp:17666:90: [0m[0;1;30mnote: [0mexpanded from macro 'REQUIRE'[0m
#define REQUIRE( ... ) INTERNAL_CATCH_TEST( "REQUIRE", Catch::ResultDisposition::Normal, __VA_ARGS__  )
[0;1;32m                                                                                         ^~~~~~~~~~~
[0m[1m/Users/gera/cpp-2022-sudo-gera/CppLanguage/./catch.hpp:2714:56: [0m[0;1;30mnote: [0mexpanded from macro 'INTERNAL_CATCH_TEST'[0m
    } while( (void)0, (false) && static_cast<bool>( !!(__VA_ARGS__) ) )
[0;1;32m                                                       ^~~~~~~~~~~
[0m[1m/Applications/Xcode.app/Contents/Developer/Platforms/MacOSX.platform/Developer/SDKs/MacOSX12.3.sdk/usr/include/c++/v1/__variant/monostate.h:40:16: [0m[0;1;30mnote: [0mcandidate function not viable: no known conversion from 'Tuple<int, std::string, std::string, std::string>' (aka 'Tuple<int, basic_string<char, char_traits<char>, allocator<char>>, basic_string<char, char_traits<char>, allocator<char>>, basic_string<char, char_traits<char>, allocator<char>>>') to 'std::monostate' for 1st argument[0m
constexpr bool operator>=(monostate, monostate) noexcept { return true; }
[0;1;32m               ^
[0m[1m/Applications/Xcode.app/Contents/Developer/Platforms/MacOSX.platform/Developer/SDKs/MacOSX12.3.sdk/usr/include/c++/v1/__utility/pair.h:353:1: [0m[0;1;30mnote: [0mcandidate template ignored: could not match 'pair' against 'Tuple'[0m
operator>=(const pair<_T1,_T2>& __x, const pair<_T1,_T2>& __y)
[0;1;32m^
[0m[1m/Applications/Xcode.app/Contents/Developer/Platforms/MacOSX.platform/Developer/SDKs/MacOSX12.3.sdk/usr/include/c++/v1/__iterator/wrap_iter.h:233:6: [0m[0;1;30mnote: [0mcandidate template ignored: could not match '__wrap_iter' against 'Tuple'[0m
bool operator>=(const __wrap_iter<_Iter1>& __x, const __wrap_iter<_Iter1>& __y) _NOEXCEPT
[0;1;32m     ^
[0m[1m/Applications/Xcode.app/Contents/Developer/Platforms/MacOSX.platform/Developer/SDKs/MacOSX12.3.sdk/usr/include/c++/v1/__iterator/wrap_iter.h:240:6: [0m[0;1;30mnote: [0mcandidate template ignored: could not match '__wrap_iter' against 'Tuple'[0m
bool operator>=(const __wrap_iter<_Iter1>& __x, const __wrap_iter<_Iter2>& __y) _NOEXCEPT
[0;1;32m     ^
[0m[1m/Applications/Xcode.app/Contents/Developer/Platforms/MacOSX.platform/Developer/SDKs/MacOSX12.3.sdk/usr/include/c++/v1/tuple:1358:1: [0m[0;1;30mnote: [0mcandidate template ignored: could not match 'tuple' against 'Tuple'[0m
operator>=(const tuple<_Tp...>& __x, const tuple<_Up...>& __y)
[0;1;32m^
[0m[1m/Applications/Xcode.app/Contents/Developer/Platforms/MacOSX.platform/Developer/SDKs/MacOSX12.3.sdk/usr/include/c++/v1/__memory/unique_ptr.h:603:1: [0m[0;1;30mnote: [0mcandidate template ignored: could not match 'unique_ptr' against 'Tuple'[0m
operator>=(const unique_ptr<_T1, _D1>& __x, const unique_ptr<_T2, _D2>& __y) {return !(__x < __y);}
[0;1;32m^
[0m[1m/Applications/Xcode.app/Contents/Developer/Platforms/MacOSX.platform/Developer/SDKs/MacOSX12.3.sdk/usr/include/c++/v1/__memory/unique_ptr.h:690:1: [0m[0;1;30mnote: [0mcandidate template ignored: could not match 'unique_ptr' against 'Tuple'[0m
operator>=(const unique_ptr<_T1, _D1>& __x, nullptr_t)
[0;1;32m^
[0m[1m/Applications/Xcode.app/Contents/Developer/Platforms/MacOSX.platform/Developer/SDKs/MacOSX12.3.sdk/usr/include/c++/v1/__memory/unique_ptr.h:698:1: [0m[0;1;30mnote: [0mcandidate template ignored: could not match 'unique_ptr' against 'Tuple'[0m
operator>=(nullptr_t, const unique_ptr<_T1, _D1>& __x)
[0;1;32m^
[0m[1m/Applications/Xcode.app/Contents/Developer/Platforms/MacOSX.platform/Developer/SDKs/MacOSX12.3.sdk/usr/include/c++/v1/__memory/shared_ptr.h:1167:1: [0m[0;1;30mnote: [0mcandidate template ignored: could not match 'shared_ptr' against 'Tuple'[0m
operator>=(const shared_ptr<_Tp>& __x, const shared_ptr<_Up>& __y) _NOEXCEPT
[0;1;32m^
[0m[1m/Applications/Xcode.app/Contents/Developer/Platforms/MacOSX.platform/Developer/SDKs/MacOSX12.3.sdk/usr/include/c++/v1/__memory/shared_ptr.h:1255:1: [0m[0;1;30mnote: [0mcandidate template ignored: could not match 'shared_ptr' against 'Tuple'[0m
operator>=(const shared_ptr<_Tp>& __x, nullptr_t) _NOEXCEPT
[0;1;32m^
[0m[1m/Applications/Xcode.app/Contents/Developer/Platforms/MacOSX.platform/Developer/SDKs/MacOSX12.3.sdk/usr/include/c++/v1/__memory/shared_ptr.h:1263:1: [0m[0;1;30mnote: [0mcandidate template ignored: could not match 'shared_ptr' against 'Tuple'[0m
operator>=(nullptr_t, const shared_ptr<_Tp>& __x) _NOEXCEPT
[0;1;32m^
[0m[1m/Applications/Xcode.app/Contents/Developer/Platforms/MacOSX.platform/Developer/SDKs/MacOSX12.3.sdk/usr/include/c++/v1/variant:1671:16: [0m[0;1;30mnote: [0mcandidate template ignored: could not match 'variant' against 'Tuple'[0m
constexpr bool operator>=(const variant<_Types...>& __lhs,
[0;1;32m               ^
[0m[1m/Applications/Xcode.app/Contents/Developer/Platforms/MacOSX.platform/Developer/SDKs/MacOSX12.3.sdk/usr/include/c++/v1/__iterator/move_iterator.h:137:1: [0m[0;1;30mnote: [0mcandidate template ignored: could not match 'move_iterator' against 'Tuple'[0m
operator>=(const move_iterator<_Iter1>& __x, const move_iterator<_Iter2>& __y)
[0;1;32m^
[0m[1m/Applications/Xcode.app/Contents/Developer/Platforms/MacOSX.platform/Developer/SDKs/MacOSX12.3.sdk/usr/include/c++/v1/__iterator/reverse_iterator.h:186:1: [0m[0;1;30mnote: [0mcandidate template ignored: could not match 'reverse_iterator' against 'Tuple'[0m
operator>=(const reverse_iterator<_Iter1>& __x, const reverse_iterator<_Iter2>& __y)
[0;1;32m^
[0m[1m/Applications/Xcode.app/Contents/Developer/Platforms/MacOSX.platform/Developer/SDKs/MacOSX12.3.sdk/usr/include/c++/v1/string_view:814:6: [0m[0;1;30mnote: [0mcandidate template ignored: could not match 'basic_string_view' against 'Tuple'[0m
bool operator>=(basic_string_view<_CharT, _Traits> __lhs, basic_string_view<_CharT, _Traits> __rhs) _NOEXCEPT
[0;1;32m     ^
[0m[1m/Applications/Xcode.app/Contents/Developer/Platforms/MacOSX.platform/Developer/SDKs/MacOSX12.3.sdk/usr/include/c++/v1/string_view:822:6: [0m[0;1;30mnote: [0mcandidate template ignored: could not match 'basic_string_view' against 'Tuple'[0m
bool operator>=(basic_string_view<_CharT, _Traits> __lhs,
[0;1;32m     ^
[0m[1m/Applications/Xcode.app/Contents/Developer/Platforms/MacOSX.platform/Developer/SDKs/MacOSX12.3.sdk/usr/include/c++/v1/string_view:830:6: [0m[0;1;30mnote: [0mcandidate template ignored: could not match 'basic_string_view' against 'Tuple'[0m
bool operator>=(typename common_type<basic_string_view<_CharT, _Traits> >::type __lhs,
[0;1;32m     ^
[0m[1m/Applications/Xcode.app/Contents/Developer/Platforms/MacOSX.platform/Developer/SDKs/MacOSX12.3.sdk/usr/include/c++/v1/string:4241:1: [0m[0;1;30mnote: [0mcandidate template ignored: could not match 'basic_string' against 'Tuple'[0m
operator>=(const basic_string<_CharT, _Traits, _Allocator>& __lhs,
[0;1;32m^
[0m[1m/Applications/Xcode.app/Contents/Developer/Platforms/MacOSX.platform/Developer/SDKs/MacOSX12.3.sdk/usr/include/c++/v1/string:4250:1: [0m[0;1;30mnote: [0mcandidate template ignored: could not match 'basic_string' against 'Tuple'[0m
operator>=(const basic_string<_CharT, _Traits, _Allocator>& __lhs,
[0;1;32m^
[0m[1m/Applications/Xcode.app/Contents/Developer/Platforms/MacOSX.platform/Developer/SDKs/MacOSX12.3.sdk/usr/include/c++/v1/string:4259:1: [0m[0;1;30mnote: [0mcandidate template ignored: could not match 'const _CharT *' against 'Tuple<int, std::string, std::string, std::string>' (aka 'Tuple<int, basic_string<char, char_traits<char>, allocator<char>>, basic_string<char, char_traits<char>, allocator<char>>, basic_string<char, char_traits<char>, allocator<char>>>')[0m
operator>=(const _CharT* __lhs,
[0;1;32m^
[0m[1m/Applications/Xcode.app/Contents/Developer/Platforms/MacOSX.platform/Developer/SDKs/MacOSX12.3.sdk/usr/include/c++/v1/vector:3392:1: [0m[0;1;30mnote: [0mcandidate template ignored: could not match 'vector' against 'Tuple'[0m
operator>=(const vector<_Tp, _Allocator>& __x, const vector<_Tp, _Allocator>& __y)
[0;1;32m^
[0m[1m/Applications/Xcode.app/Contents/Developer/Platforms/MacOSX.platform/Developer/SDKs/MacOSX12.3.sdk/usr/include/c++/v1/optional:1121:1: [0m[0;1;30mnote: [0mcandidate template ignored: could not match 'optional' against 'Tuple'[0m
operator>=(const optional<_Tp>& __x, const optional<_Up>& __y)
[0;1;32m^
[0m[1m/Applications/Xcode.app/Contents/Developer/Platforms/MacOSX.platform/Developer/SDKs/MacOSX12.3.sdk/usr/include/c++/v1/optional:1214:1: [0m[0;1;30mnote: [0mcandidate template ignored: could not match 'optional' against 'Tuple'[0m
operator>=(const optional<_Tp>&, nullopt_t) noexcept
[0;1;32m^
[0m[1m/Applications/Xcode.app/Contents/Developer/Platforms/MacOSX.platform/Developer/SDKs/MacOSX12.3.sdk/usr/include/c++/v1/optional:1222:1: [0m[0;1;30mnote: [0mcandidate template ignored: could not match 'optional' against 'Tuple'[0m
operator>=(nullopt_t, const optional<_Tp>& __x) noexcept
[0;1;32m^
[0m[1m/Applications/Xcode.app/Contents/Developer/Platforms/MacOSX.platform/Developer/SDKs/MacOSX12.3.sdk/usr/include/c++/v1/optional:1355:1: [0m[0;1;30mnote: [0mcandidate template ignored: could not match 'optional' against 'Tuple'[0m
operator>=(const optional<_Tp>& __x, const _Up& __v)
[0;1;32m^
[0m[1m/Applications/Xcode.app/Contents/Developer/Platforms/MacOSX.platform/Developer/SDKs/MacOSX12.3.sdk/usr/include/c++/v1/optional:1367:1: [0m[0;1;30mnote: [0mcandidate template ignored: could not match 'optional' against 'Tuple'[0m
operator>=(const _Tp& __v, const optional<_Up>& __x)
[0;1;32m^
[0m[1m/Applications/Xcode.app/Contents/Developer/Platforms/MacOSX.platform/Developer/SDKs/MacOSX12.3.sdk/usr/include/c++/v1/map:1661:1: [0m[0;1;30mnote: [0mcandidate template ignored: could not match 'map' against 'Tuple'[0m
operator>=(const map<_Key, _Tp, _Compare, _Allocator>& __x,
[0;1;32m^
[0m[1m/Applications/Xcode.app/Contents/Developer/Platforms/MacOSX.platform/Developer/SDKs/MacOSX12.3.sdk/usr/include/c++/v1/map:2259:1: [0m[0;1;30mnote: [0mcandidate template ignored: could not match 'multimap' against 'Tuple'[0m
operator>=(const multimap<_Key, _Tp, _Compare, _Allocator>& __x,
[0;1;32m^
[0m[1m/Applications/Xcode.app/Contents/Developer/Platforms/MacOSX.platform/Developer/SDKs/MacOSX12.3.sdk/usr/include/c++/v1/set:954:1: [0m[0;1;30mnote: [0mcandidate template ignored: could not match 'set' against 'Tuple'[0m
operator>=(const set<_Key, _Compare, _Allocator>& __x,
[0;1;32m^
[0m[1m/Applications/Xcode.app/Contents/Developer/Platforms/MacOSX.platform/Developer/SDKs/MacOSX12.3.sdk/usr/include/c++/v1/set:1485:1: [0m[0;1;30mnote: [0mcandidate template ignored: could not match 'multiset' against 'Tuple'[0m
operator>=(const multiset<_Key, _Compare, _Allocator>& __x,
[0;1;32m^
[0m[1m/Applications/Xcode.app/Contents/Developer/Platforms/MacOSX.platform/Developer/SDKs/MacOSX12.3.sdk/usr/include/c++/v1/deque:3006:1: [0m[0;1;30mnote: [0mcandidate template ignored: could not match 'deque' against 'Tuple'[0m
operator>=(const deque<_Tp, _Allocator>& __x, const deque<_Tp, _Allocator>& __y)
[0;1;32m^
[0m[1m/Applications/Xcode.app/Contents/Developer/Platforms/MacOSX.platform/Developer/SDKs/MacOSX12.3.sdk/usr/include/c++/v1/stack:285:1: [0m[0;1;30mnote: [0mcandidate template ignored: could not match 'stack' against 'Tuple'[0m
operator>=(const stack<_Tp, _Container>& __x, const stack<_Tp, _Container>& __y)
[0;1;32m^
[0m[1m/Applications/Xcode.app/Contents/Developer/Platforms/MacOSX.platform/Developer/SDKs/MacOSX12.3.sdk/usr/include/c++/v1/regex:5001:1: [0m[0;1;30mnote: [0mcandidate template ignored: could not match 'sub_match' against 'Tuple'[0m
operator>=(const sub_match<_BiIter>& __x, const sub_match<_BiIter>& __y)
[0;1;32m^
[0m[1m/Applications/Xcode.app/Contents/Developer/Platforms/MacOSX.platform/Developer/SDKs/MacOSX12.3.sdk/usr/include/c++/v1/regex:5052:6: [0m[0;1;30mnote: [0mcandidate template ignored: could not match 'basic_string' against 'Tuple'[0m
bool operator>=(const basic_string<typename iterator_traits<_BiIter>::value_type, _ST, _SA>& __x,
[0;1;32m     ^
[0m[1m/Applications/Xcode.app/Contents/Developer/Platforms/MacOSX.platform/Developer/SDKs/MacOSX12.3.sdk/usr/include/c++/v1/regex:5105:1: [0m[0;1;30mnote: [0mcandidate template ignored: could not match 'sub_match' against 'Tuple'[0m
operator>=(const sub_match<_BiIter>& __x,
[0;1;32m^
[0m[1m/Applications/Xcode.app/Contents/Developer/Platforms/MacOSX.platform/Developer/SDKs/MacOSX12.3.sdk/usr/include/c++/v1/regex:5159:1: [0m[0;1;30mnote: [0mcandidate template ignored: could not match 'sub_match' against 'Tuple'[0m
operator>=(typename iterator_traits<_BiIter>::value_type const* __x,
[0;1;32m^
[0m[1m/Applications/Xcode.app/Contents/Developer/Platforms/MacOSX.platform/Developer/SDKs/MacOSX12.3.sdk/usr/include/c++/v1/regex:5213:1: [0m[0;1;30mnote: [0mcandidate template ignored: could not match 'sub_match' against 'Tuple'[0m
operator>=(const sub_match<_BiIter>& __x,
[0;1;32m^
[0m[1m/Applications/Xcode.app/Contents/Developer/Platforms/MacOSX.platform/Developer/SDKs/MacOSX12.3.sdk/usr/include/c++/v1/regex:5269:1: [0m[0;1;30mnote: [0mcandidate template ignored: could not match 'sub_match' against 'Tuple'[0m
operator>=(typename iterator_traits<_BiIter>::value_type const& __x,
[0;1;32m^
[0m[1m/Applications/Xcode.app/Contents/Developer/Platforms/MacOSX.platform/Developer/SDKs/MacOSX12.3.sdk/usr/include/c++/v1/regex:5325:1: [0m[0;1;30mnote: [0mcandidate template ignored: could not match 'sub_match' against 'Tuple'[0m
operator>=(const sub_match<_BiIter>& __x,
[0;1;32m^
[0m[1m/Applications/Xcode.app/Contents/Developer/Platforms/MacOSX.platform/Developer/SDKs/MacOSX12.3.sdk/usr/include/c++/v1/array:411:1: [0m[0;1;30mnote: [0mcandidate template ignored: could not match 'array' against 'Tuple'[0m
operator>=(const array<_Tp, _Size>& __x, const array<_Tp, _Size>& __y)
[0;1;32m^
[0m[0;1;31mfatal error: [0m[1mtoo many errors emitted, stopping now [-ferror-limit=][0m
20 errors generated.
make[2]: *** [CppLanguage/tasks/tuple/CMakeFiles/test_tuple.dir/test_tuple.cpp.o] Error 1
make[1]: *** [CppLanguage/tasks/tuple/CMakeFiles/test_tuple.dir/all] Error 2
make: *** [all] Error 2
/Users/gera/cpp-2022-sudo-gera/CppLanguage/tasks/tuple
[31m02:24:20[0m:[33marm64[0m:[32m~/cpp-2022-sudo-gera/CppLanguage/tasks/tuple[0m$ exit

Script done on Tue Nov 29 02:24:22 2022
