Start testing: Nov 04 20:00 MSK
----------------------------------------------------------
1/1 Testing: test_any
1/1 Test: test_any
Command: "/Users/gera/c/test_any"
Directory: /Users/gera/c/CppLanguage/tasks/any
"test_any" start time: Nov 04 20:00 MSK
Output:
----------------------------------------------------------
===============================================================================
All tests passed (28 assertions in 5 test cases)

<end of output>
Test time =   0.52 sec
----------------------------------------------------------
Test Passed.
"test_any" end time: Nov 04 20:00 MSK
"test_any" time elapsed: 00:00:00
----------------------------------------------------------

End testing: Nov 04 20:00 MSK
