Start testing: Nov 26 16:49 MSK
----------------------------------------------------------
1/40 Testing: same_test8_create
1/40 Test: same_test8_create
Command: "/Users/gera/c/bmp_cli" "str" "infile" "/Users/gera/cpp-2022-sudo-gera/Projects/tests/sources/test8.bmp" "str" "outfile" "result.bmp" "bmp" "=" "read" "[" "infile" "]" "write" "[" "bmp" "outfile" "]"
Directory: /Users/gera/c/tests
"same_test8_create" start time: Nov 26 16:49 MSK
Output:
----------------------------------------------------------
<end of output>
Test time =   0.16 sec
----------------------------------------------------------
Test Passed.
"same_test8_create" end time: Nov 26 16:49 MSK
"same_test8_create" time elapsed: 00:00:00
----------------------------------------------------------

2/40 Testing: same_test8_check
2/40 Test: same_test8_check
Command: "/usr/bin/diff" "/Users/gera/cpp-2022-sudo-gera/Projects/tests/same/test8.bmp" "result.bmp"
Directory: /Users/gera/c/tests
"same_test8_check" start time: Nov 26 16:49 MSK
Output:
----------------------------------------------------------
<end of output>
Test time =   0.02 sec
----------------------------------------------------------
Test Passed.
"same_test8_check" end time: Nov 26 16:49 MSK
"same_test8_check" time elapsed: 00:00:00
----------------------------------------------------------

3/40 Testing: same_trans_create
3/40 Test: same_trans_create
Command: "/Users/gera/c/bmp_cli" "str" "infile" "/Users/gera/cpp-2022-sudo-gera/Projects/tests/sources/trans.bmp" "str" "outfile" "result.bmp" "bmp" "=" "read" "[" "infile" "]" "write" "[" "bmp" "outfile" "]"
Directory: /Users/gera/c/tests
"same_trans_create" start time: Nov 26 16:49 MSK
Output:
----------------------------------------------------------
<end of output>
Test time =   0.16 sec
----------------------------------------------------------
Test Passed.
"same_trans_create" end time: Nov 26 16:49 MSK
"same_trans_create" time elapsed: 00:00:00
----------------------------------------------------------

4/40 Testing: same_trans_check
4/40 Test: same_trans_check
Command: "/usr/bin/diff" "/Users/gera/cpp-2022-sudo-gera/Projects/tests/same/trans.bmp" "result.bmp"
Directory: /Users/gera/c/tests
"same_trans_check" start time: Nov 26 16:49 MSK
Output:
----------------------------------------------------------
<end of output>
Test time =   0.02 sec
----------------------------------------------------------
Test Passed.
"same_trans_check" end time: Nov 26 16:49 MSK
"same_trans_check" time elapsed: 00:00:00
----------------------------------------------------------

5/40 Testing: same_greenland_grid_velo_create
5/40 Test: same_greenland_grid_velo_create
Command: "/Users/gera/c/bmp_cli" "str" "infile" "/Users/gera/cpp-2022-sudo-gera/Projects/tests/sources/greenland_grid_velo.bmp" "str" "outfile" "result.bmp" "bmp" "=" "read" "[" "infile" "]" "write" "[" "bmp" "outfile" "]"
Directory: /Users/gera/c/tests
"same_greenland_grid_velo_create" start time: Nov 26 16:49 MSK
Output:
----------------------------------------------------------
<end of output>
Test time =   0.51 sec
----------------------------------------------------------
Test Passed.
"same_greenland_grid_velo_create" end time: Nov 26 16:49 MSK
"same_greenland_grid_velo_create" time elapsed: 00:00:00
----------------------------------------------------------

6/40 Testing: same_greenland_grid_velo_check
6/40 Test: same_greenland_grid_velo_check
Command: "/usr/bin/diff" "/Users/gera/cpp-2022-sudo-gera/Projects/tests/same/greenland_grid_velo.bmp" "result.bmp"
Directory: /Users/gera/c/tests
"same_greenland_grid_velo_check" start time: Nov 26 16:49 MSK
Output:
----------------------------------------------------------
<end of output>
Test time =   0.02 sec
----------------------------------------------------------
Test Passed.
"same_greenland_grid_velo_check" end time: Nov 26 16:49 MSK
"same_greenland_grid_velo_check" time elapsed: 00:00:00
----------------------------------------------------------

7/40 Testing: same_test32bf_create
7/40 Test: same_test32bf_create
Command: "/Users/gera/c/bmp_cli" "str" "infile" "/Users/gera/cpp-2022-sudo-gera/Projects/tests/sources/test32bf.bmp" "str" "outfile" "result.bmp" "bmp" "=" "read" "[" "infile" "]" "write" "[" "bmp" "outfile" "]"
Directory: /Users/gera/c/tests
"same_test32bf_create" start time: Nov 26 16:49 MSK
Output:
----------------------------------------------------------
<end of output>
Test time =   0.14 sec
----------------------------------------------------------
Test Passed.
"same_test32bf_create" end time: Nov 26 16:49 MSK
"same_test32bf_create" time elapsed: 00:00:00
----------------------------------------------------------

8/40 Testing: same_test32bf_check
8/40 Test: same_test32bf_check
Command: "/usr/bin/diff" "/Users/gera/cpp-2022-sudo-gera/Projects/tests/same/test32bf.bmp" "result.bmp"
Directory: /Users/gera/c/tests
"same_test32bf_check" start time: Nov 26 16:49 MSK
Output:
----------------------------------------------------------
<end of output>
Test time =   0.02 sec
----------------------------------------------------------
Test Passed.
"same_test32bf_check" end time: Nov 26 16:49 MSK
"same_test32bf_check" time elapsed: 00:00:00
----------------------------------------------------------

9/40 Testing: same_test32v5_create
9/40 Test: same_test32v5_create
Command: "/Users/gera/c/bmp_cli" "str" "infile" "/Users/gera/cpp-2022-sudo-gera/Projects/tests/sources/test32v5.bmp" "str" "outfile" "result.bmp" "bmp" "=" "read" "[" "infile" "]" "write" "[" "bmp" "outfile" "]"
Directory: /Users/gera/c/tests
"same_test32v5_create" start time: Nov 26 16:49 MSK
Output:
----------------------------------------------------------
<end of output>
Test time =   0.16 sec
----------------------------------------------------------
Test Passed.
"same_test32v5_create" end time: Nov 26 16:49 MSK
"same_test32v5_create" time elapsed: 00:00:00
----------------------------------------------------------

10/40 Testing: same_test32v5_check
10/40 Test: same_test32v5_check
Command: "/usr/bin/diff" "/Users/gera/cpp-2022-sudo-gera/Projects/tests/same/test32v5.bmp" "result.bmp"
Directory: /Users/gera/c/tests
"same_test32v5_check" start time: Nov 26 16:49 MSK
Output:
----------------------------------------------------------
<end of output>
Test time =   0.02 sec
----------------------------------------------------------
Test Passed.
"same_test32v5_check" end time: Nov 26 16:49 MSK
"same_test32v5_check" time elapsed: 00:00:00
----------------------------------------------------------

11/40 Testing: same_test32_create
11/40 Test: same_test32_create
Command: "/Users/gera/c/bmp_cli" "str" "infile" "/Users/gera/cpp-2022-sudo-gera/Projects/tests/sources/test32.bmp" "str" "outfile" "result.bmp" "bmp" "=" "read" "[" "infile" "]" "write" "[" "bmp" "outfile" "]"
Directory: /Users/gera/c/tests
"same_test32_create" start time: Nov 26 16:49 MSK
Output:
----------------------------------------------------------
<end of output>
Test time =   0.14 sec
----------------------------------------------------------
Test Passed.
"same_test32_create" end time: Nov 26 16:49 MSK
"same_test32_create" time elapsed: 00:00:00
----------------------------------------------------------

12/40 Testing: same_test32_check
12/40 Test: same_test32_check
Command: "/usr/bin/diff" "/Users/gera/cpp-2022-sudo-gera/Projects/tests/same/test32.bmp" "result.bmp"
Directory: /Users/gera/c/tests
"same_test32_check" start time: Nov 26 16:49 MSK
Output:
----------------------------------------------------------
<end of output>
Test time =   0.02 sec
----------------------------------------------------------
Test Passed.
"same_test32_check" end time: Nov 26 16:49 MSK
"same_test32_check" time elapsed: 00:00:00
----------------------------------------------------------

13/40 Testing: same_snail_create
13/40 Test: same_snail_create
Command: "/Users/gera/c/bmp_cli" "str" "infile" "/Users/gera/cpp-2022-sudo-gera/Projects/tests/sources/snail.bmp" "str" "outfile" "result.bmp" "bmp" "=" "read" "[" "infile" "]" "write" "[" "bmp" "outfile" "]"
Directory: /Users/gera/c/tests
"same_snail_create" start time: Nov 26 16:49 MSK
Output:
----------------------------------------------------------
<end of output>
Test time =   0.17 sec
----------------------------------------------------------
Test Passed.
"same_snail_create" end time: Nov 26 16:49 MSK
"same_snail_create" time elapsed: 00:00:00
----------------------------------------------------------

14/40 Testing: same_snail_check
14/40 Test: same_snail_check
Command: "/usr/bin/diff" "/Users/gera/cpp-2022-sudo-gera/Projects/tests/same/snail.bmp" "result.bmp"
Directory: /Users/gera/c/tests
"same_snail_check" start time: Nov 26 16:49 MSK
Output:
----------------------------------------------------------
<end of output>
Test time =   0.02 sec
----------------------------------------------------------
Test Passed.
"same_snail_check" end time: Nov 26 16:49 MSK
"same_snail_check" time elapsed: 00:00:00
----------------------------------------------------------

15/40 Testing: same_test24_create
15/40 Test: same_test24_create
Command: "/Users/gera/c/bmp_cli" "str" "infile" "/Users/gera/cpp-2022-sudo-gera/Projects/tests/sources/test24.bmp" "str" "outfile" "result.bmp" "bmp" "=" "read" "[" "infile" "]" "write" "[" "bmp" "outfile" "]"
Directory: /Users/gera/c/tests
"same_test24_create" start time: Nov 26 16:49 MSK
Output:
----------------------------------------------------------
<end of output>
Test time =   0.14 sec
----------------------------------------------------------
Test Passed.
"same_test24_create" end time: Nov 26 16:49 MSK
"same_test24_create" time elapsed: 00:00:00
----------------------------------------------------------

16/40 Testing: same_test24_check
16/40 Test: same_test24_check
Command: "/usr/bin/diff" "/Users/gera/cpp-2022-sudo-gera/Projects/tests/same/test24.bmp" "result.bmp"
Directory: /Users/gera/c/tests
"same_test24_check" start time: Nov 26 16:49 MSK
Output:
----------------------------------------------------------
<end of output>
Test time =   0.02 sec
----------------------------------------------------------
Test Passed.
"same_test24_check" end time: Nov 26 16:49 MSK
"same_test24_check" time elapsed: 00:00:00
----------------------------------------------------------

17/40 Testing: same_index_create
17/40 Test: same_index_create
Command: "/Users/gera/c/bmp_cli" "str" "infile" "/Users/gera/cpp-2022-sudo-gera/Projects/tests/sources/index.bmp" "str" "outfile" "result.bmp" "bmp" "=" "read" "[" "infile" "]" "write" "[" "bmp" "outfile" "]"
Directory: /Users/gera/c/tests
"same_index_create" start time: Nov 26 16:49 MSK
Output:
----------------------------------------------------------
<end of output>
Test time =   4.95 sec
----------------------------------------------------------
Test Passed.
"same_index_create" end time: Nov 26 16:49 MSK
"same_index_create" time elapsed: 00:00:04
----------------------------------------------------------

18/40 Testing: same_index_check
18/40 Test: same_index_check
Command: "/usr/bin/diff" "/Users/gera/cpp-2022-sudo-gera/Projects/tests/same/index.bmp" "result.bmp"
Directory: /Users/gera/c/tests
"same_index_check" start time: Nov 26 16:49 MSK
Output:
----------------------------------------------------------
<end of output>
Test time =   0.06 sec
----------------------------------------------------------
Test Passed.
"same_index_check" end time: Nov 26 16:49 MSK
"same_index_check" time elapsed: 00:00:00
----------------------------------------------------------

19/40 Testing: same_all_gray_create
19/40 Test: same_all_gray_create
Command: "/Users/gera/c/bmp_cli" "str" "infile" "/Users/gera/cpp-2022-sudo-gera/Projects/tests/sources/all_gray.bmp" "str" "outfile" "result.bmp" "bmp" "=" "read" "[" "infile" "]" "write" "[" "bmp" "outfile" "]"
Directory: /Users/gera/c/tests
"same_all_gray_create" start time: Nov 26 16:49 MSK
Output:
----------------------------------------------------------
<end of output>
Test time =   0.16 sec
----------------------------------------------------------
Test Passed.
"same_all_gray_create" end time: Nov 26 16:49 MSK
"same_all_gray_create" time elapsed: 00:00:00
----------------------------------------------------------

20/40 Testing: same_all_gray_check
20/40 Test: same_all_gray_check
Command: "/usr/bin/diff" "/Users/gera/cpp-2022-sudo-gera/Projects/tests/same/all_gray.bmp" "result.bmp"
Directory: /Users/gera/c/tests
"same_all_gray_check" start time: Nov 26 16:49 MSK
Output:
----------------------------------------------------------
<end of output>
Test time =   0.02 sec
----------------------------------------------------------
Test Passed.
"same_all_gray_check" end time: Nov 26 16:49 MSK
"same_all_gray_check" time elapsed: 00:00:00
----------------------------------------------------------

21/40 Testing: same_lena_create
21/40 Test: same_lena_create
Command: "/Users/gera/c/bmp_cli" "str" "infile" "/Users/gera/cpp-2022-sudo-gera/Projects/tests/sources/lena.bmp" "str" "outfile" "result.bmp" "bmp" "=" "read" "[" "infile" "]" "write" "[" "bmp" "outfile" "]"
Directory: /Users/gera/c/tests
"same_lena_create" start time: Nov 26 16:49 MSK
Output:
----------------------------------------------------------
<end of output>
Test time =   0.19 sec
----------------------------------------------------------
Test Passed.
"same_lena_create" end time: Nov 26 16:49 MSK
"same_lena_create" time elapsed: 00:00:00
----------------------------------------------------------

22/40 Testing: same_lena_check
22/40 Test: same_lena_check
Command: "/usr/bin/diff" "/Users/gera/cpp-2022-sudo-gera/Projects/tests/same/lena.bmp" "result.bmp"
Directory: /Users/gera/c/tests
"same_lena_check" start time: Nov 26 16:49 MSK
Output:
----------------------------------------------------------
<end of output>
Test time =   0.02 sec
----------------------------------------------------------
Test Passed.
"same_lena_check" end time: Nov 26 16:49 MSK
"same_lena_check" time elapsed: 00:00:00
----------------------------------------------------------

23/40 Testing: same_wallpaperflare_create
23/40 Test: same_wallpaperflare_create
Command: "/Users/gera/c/bmp_cli" "str" "infile" "/Users/gera/cpp-2022-sudo-gera/Projects/tests/sources/wallpaperflare.com_wallpaper.bmp" "str" "outfile" "result.bmp" "bmp" "=" "read" "[" "infile" "]" "write" "[" "bmp" "outfile" "]"
Directory: /Users/gera/c/tests
"same_wallpaperflare_create" start time: Nov 26 16:49 MSK
Output:
----------------------------------------------------------
<end of output>
Test time =  13.25 sec
----------------------------------------------------------
Test Passed.
"same_wallpaperflare_create" end time: Nov 26 16:49 MSK
"same_wallpaperflare_create" time elapsed: 00:00:13
----------------------------------------------------------

24/40 Testing: same_wallpaperflare_check
24/40 Test: same_wallpaperflare_check
Command: "/usr/bin/diff" "/Users/gera/cpp-2022-sudo-gera/Projects/tests/same/wallpaperflare.com_wallpaper.bmp" "result.bmp"
Directory: /Users/gera/c/tests
"same_wallpaperflare_check" start time: Nov 26 16:49 MSK
Output:
----------------------------------------------------------
<end of output>
Test time =   0.12 sec
----------------------------------------------------------
Test Passed.
"same_wallpaperflare_check" end time: Nov 26 16:49 MSK
"same_wallpaperflare_check" time elapsed: 00:00:00
----------------------------------------------------------

25/40 Testing: same_test16_create
25/40 Test: same_test16_create
Command: "/Users/gera/c/bmp_cli" "str" "infile" "/Users/gera/cpp-2022-sudo-gera/Projects/tests/sources/test16.bmp" "str" "outfile" "result.bmp" "bmp" "=" "read" "[" "infile" "]" "write" "[" "bmp" "outfile" "]"
Directory: /Users/gera/c/tests
"same_test16_create" start time: Nov 26 16:49 MSK
Output:
----------------------------------------------------------
<end of output>
Test time =   0.34 sec
----------------------------------------------------------
Test Passed.
"same_test16_create" end time: Nov 26 16:49 MSK
"same_test16_create" time elapsed: 00:00:00
----------------------------------------------------------

26/40 Testing: same_test16_check
26/40 Test: same_test16_check
Command: "/usr/bin/diff" "/Users/gera/cpp-2022-sudo-gera/Projects/tests/same/test16.bmp" "result.bmp"
Directory: /Users/gera/c/tests
"same_test16_check" start time: Nov 26 16:49 MSK
Output:
----------------------------------------------------------
<end of output>
Test time =   0.02 sec
----------------------------------------------------------
Test Passed.
"same_test16_check" end time: Nov 26 16:49 MSK
"same_test16_check" time elapsed: 00:00:00
----------------------------------------------------------

27/40 Testing: same_test1_create
27/40 Test: same_test1_create
Command: "/Users/gera/c/bmp_cli" "str" "infile" "/Users/gera/cpp-2022-sudo-gera/Projects/tests/sources/test1.bmp" "str" "outfile" "result.bmp" "bmp" "=" "read" "[" "infile" "]" "write" "[" "bmp" "outfile" "]"
Directory: /Users/gera/c/tests
"same_test1_create" start time: Nov 26 16:49 MSK
Output:
----------------------------------------------------------
<end of output>
Test time =   0.14 sec
----------------------------------------------------------
Test Passed.
"same_test1_create" end time: Nov 26 16:49 MSK
"same_test1_create" time elapsed: 00:00:00
----------------------------------------------------------

28/40 Testing: same_test1_check
28/40 Test: same_test1_check
Command: "/usr/bin/diff" "/Users/gera/cpp-2022-sudo-gera/Projects/tests/same/test1.bmp" "result.bmp"
Directory: /Users/gera/c/tests
"same_test1_check" start time: Nov 26 16:49 MSK
Output:
----------------------------------------------------------
<end of output>
Test time =   0.02 sec
----------------------------------------------------------
Test Passed.
"same_test1_check" end time: Nov 26 16:49 MSK
"same_test1_check" time elapsed: 00:00:00
----------------------------------------------------------

29/40 Testing: same_blackbuck_create
29/40 Test: same_blackbuck_create
Command: "/Users/gera/c/bmp_cli" "str" "infile" "/Users/gera/cpp-2022-sudo-gera/Projects/tests/sources/blackbuck.bmp" "str" "outfile" "result.bmp" "bmp" "=" "read" "[" "infile" "]" "write" "[" "bmp" "outfile" "]"
Directory: /Users/gera/c/tests
"same_blackbuck_create" start time: Nov 26 16:49 MSK
Output:
----------------------------------------------------------
<end of output>
Test time =   0.23 sec
----------------------------------------------------------
Test Passed.
"same_blackbuck_create" end time: Nov 26 16:49 MSK
"same_blackbuck_create" time elapsed: 00:00:00
----------------------------------------------------------

30/40 Testing: same_blackbuck_check
30/40 Test: same_blackbuck_check
Command: "/usr/bin/diff" "/Users/gera/cpp-2022-sudo-gera/Projects/tests/same/blackbuck.bmp" "result.bmp"
Directory: /Users/gera/c/tests
"same_blackbuck_check" start time: Nov 26 16:49 MSK
Output:
----------------------------------------------------------
<end of output>
Test time =   0.02 sec
----------------------------------------------------------
Test Passed.
"same_blackbuck_check" end time: Nov 26 16:49 MSK
"same_blackbuck_check" time elapsed: 00:00:00
----------------------------------------------------------

31/40 Testing: same_bmp_24_create
31/40 Test: same_bmp_24_create
Command: "/Users/gera/c/bmp_cli" "str" "infile" "/Users/gera/cpp-2022-sudo-gera/Projects/tests/sources/bmp_24.bmp" "str" "outfile" "result.bmp" "bmp" "=" "read" "[" "infile" "]" "write" "[" "bmp" "outfile" "]"
Directory: /Users/gera/c/tests
"same_bmp_24_create" start time: Nov 26 16:49 MSK
Output:
----------------------------------------------------------
<end of output>
Test time =   0.15 sec
----------------------------------------------------------
Test Passed.
"same_bmp_24_create" end time: Nov 26 16:49 MSK
"same_bmp_24_create" time elapsed: 00:00:00
----------------------------------------------------------

32/40 Testing: same_bmp_24_check
32/40 Test: same_bmp_24_check
Command: "/usr/bin/diff" "/Users/gera/cpp-2022-sudo-gera/Projects/tests/same/bmp_24.bmp" "result.bmp"
Directory: /Users/gera/c/tests
"same_bmp_24_check" start time: Nov 26 16:49 MSK
Output:
----------------------------------------------------------
<end of output>
Test time =   0.02 sec
----------------------------------------------------------
Test Passed.
"same_bmp_24_check" end time: Nov 26 16:49 MSK
"same_bmp_24_check" time elapsed: 00:00:00
----------------------------------------------------------

33/40 Testing: same_test32bfv4_create
33/40 Test: same_test32bfv4_create
Command: "/Users/gera/c/bmp_cli" "str" "infile" "/Users/gera/cpp-2022-sudo-gera/Projects/tests/sources/test32bfv4.bmp" "str" "outfile" "result.bmp" "bmp" "=" "read" "[" "infile" "]" "write" "[" "bmp" "outfile" "]"
Directory: /Users/gera/c/tests
"same_test32bfv4_create" start time: Nov 26 16:49 MSK
Output:
----------------------------------------------------------
<end of output>
Test time =   0.16 sec
----------------------------------------------------------
Test Passed.
"same_test32bfv4_create" end time: Nov 26 16:49 MSK
"same_test32bfv4_create" time elapsed: 00:00:00
----------------------------------------------------------

34/40 Testing: same_test32bfv4_check
34/40 Test: same_test32bfv4_check
Command: "/usr/bin/diff" "/Users/gera/cpp-2022-sudo-gera/Projects/tests/same/test32bfv4.bmp" "result.bmp"
Directory: /Users/gera/c/tests
"same_test32bfv4_check" start time: Nov 26 16:49 MSK
Output:
----------------------------------------------------------
<end of output>
Test time =   0.02 sec
----------------------------------------------------------
Test Passed.
"same_test32bfv4_check" end time: Nov 26 16:49 MSK
"same_test32bfv4_check" time elapsed: 00:00:00
----------------------------------------------------------

35/40 Testing: same_dots_create
35/40 Test: same_dots_create
Command: "/Users/gera/c/bmp_cli" "str" "infile" "/Users/gera/cpp-2022-sudo-gera/Projects/tests/sources/dots.bmp" "str" "outfile" "result.bmp" "bmp" "=" "read" "[" "infile" "]" "write" "[" "bmp" "outfile" "]"
Directory: /Users/gera/c/tests
"same_dots_create" start time: Nov 26 16:49 MSK
Output:
----------------------------------------------------------
<end of output>
Test time =   0.18 sec
----------------------------------------------------------
Test Passed.
"same_dots_create" end time: Nov 26 16:49 MSK
"same_dots_create" time elapsed: 00:00:00
----------------------------------------------------------

36/40 Testing: same_dots_check
36/40 Test: same_dots_check
Command: "/usr/bin/diff" "/Users/gera/cpp-2022-sudo-gera/Projects/tests/same/dots.bmp" "result.bmp"
Directory: /Users/gera/c/tests
"same_dots_check" start time: Nov 26 16:49 MSK
Output:
----------------------------------------------------------
<end of output>
Test time =   0.02 sec
----------------------------------------------------------
Test Passed.
"same_dots_check" end time: Nov 26 16:49 MSK
"same_dots_check" time elapsed: 00:00:00
----------------------------------------------------------

37/40 Testing: same_bmp_08_create
37/40 Test: same_bmp_08_create
Command: "/Users/gera/c/bmp_cli" "str" "infile" "/Users/gera/cpp-2022-sudo-gera/Projects/tests/sources/bmp_08.bmp" "str" "outfile" "result.bmp" "bmp" "=" "read" "[" "infile" "]" "write" "[" "bmp" "outfile" "]"
Directory: /Users/gera/c/tests
"same_bmp_08_create" start time: Nov 26 16:49 MSK
Output:
----------------------------------------------------------
<end of output>
Test time =   0.15 sec
----------------------------------------------------------
Test Passed.
"same_bmp_08_create" end time: Nov 26 16:49 MSK
"same_bmp_08_create" time elapsed: 00:00:00
----------------------------------------------------------

38/40 Testing: same_bmp_08_check
38/40 Test: same_bmp_08_check
Command: "/usr/bin/diff" "/Users/gera/cpp-2022-sudo-gera/Projects/tests/same/bmp_08.bmp" "result.bmp"
Directory: /Users/gera/c/tests
"same_bmp_08_check" start time: Nov 26 16:49 MSK
Output:
----------------------------------------------------------
<end of output>
Test time =   0.02 sec
----------------------------------------------------------
Test Passed.
"same_bmp_08_check" end time: Nov 26 16:49 MSK
"same_bmp_08_check" time elapsed: 00:00:00
----------------------------------------------------------

39/40 Testing: same_test4_create
39/40 Test: same_test4_create
Command: "/Users/gera/c/bmp_cli" "str" "infile" "/Users/gera/cpp-2022-sudo-gera/Projects/tests/sources/test4.bmp" "str" "outfile" "result.bmp" "bmp" "=" "read" "[" "infile" "]" "write" "[" "bmp" "outfile" "]"
Directory: /Users/gera/c/tests
"same_test4_create" start time: Nov 26 16:49 MSK
Output:
----------------------------------------------------------
<end of output>
Test time =   0.14 sec
----------------------------------------------------------
Test Passed.
"same_test4_create" end time: Nov 26 16:49 MSK
"same_test4_create" time elapsed: 00:00:00
----------------------------------------------------------

40/40 Testing: same_test4_check
40/40 Test: same_test4_check
Command: "/usr/bin/diff" "/Users/gera/cpp-2022-sudo-gera/Projects/tests/same/test4.bmp" "result.bmp"
Directory: /Users/gera/c/tests
"same_test4_check" start time: Nov 26 16:49 MSK
Output:
----------------------------------------------------------
<end of output>
Test time =   0.02 sec
----------------------------------------------------------
Test Passed.
"same_test4_check" end time: Nov 26 16:49 MSK
"same_test4_check" time elapsed: 00:00:00
----------------------------------------------------------

End testing: Nov 26 16:49 MSK
