Start testing: Nov 18 09:22 MSK
----------------------------------------------------------
1/1 Testing: test_str
1/1 Test: test_str
Command: "/Users/gera/c/test_str"
Directory: /Users/gera/c/CppLanguage/tasks/str
"test_str" start time: Nov 18 09:22 MSK
Output:
----------------------------------------------------------
===============================================================================
All tests passed (2453 assertions in 14 test cases)

<end of output>
Test time =   0.70 sec
----------------------------------------------------------
Test Passed.
"test_str" end time: Nov 18 09:22 MSK
"test_str" time elapsed: 00:00:00
----------------------------------------------------------

End testing: Nov 18 09:22 MSK
